154ms	615 srcs * 1 sinks + 0 tests == 615 tasks155ms	
155ms elapsed, 0 active, 615 queued, 29MB RAM, 30MB peak
155ms	start gpu gm  yuv_nv12_to_rgb_effect
172ms	done  gpu gm  yuv_nv12_to_rgb_effect
172ms	start gpu gm  yuv_to_rgb_effect
207ms	done  gpu gm  yuv_to_rgb_effect
207ms	start gpu gm  xfermodes3
335ms	done  gpu gm  xfermodes3
335ms	start gpu gm  xfermodes2
422ms	done  gpu gm  xfermodes2
422ms	start gpu gm  xfermodes
527ms	done  gpu gm  xfermodes
527ms	start gpu gm  xfermodeimagefilter
614ms	done  gpu gm  xfermodeimagefilter
614ms	start gpu gm  windowrectangles_mask
653ms	done  gpu gm  windowrectangles_mask
653ms	start gpu gm  windowrectangles
696ms	done  gpu gm  windowrectangles
696ms	start gpu gm  verylarge_picture_image
1.14s	done  gpu gm  verylarge_picture_image
1.14s	start gpu gm  verylargebitmap
1.56s	done  gpu gm  verylargebitmap
1.56s	start gpu gm  verttext2
1.61s	done  gpu gm  verttext2
1.61s	start gpu gm  verttext
1.66s	done  gpu gm  verttext
1.66s	start gpu gm  vertices_batching
1.67s	done  gpu gm  vertices_batching
1.67s	start gpu gm  vertices_scaled_shader
1.99s	done  gpu gm  vertices_scaled_shader
1.99s	start gpu gm  vertices
2.31s	done  gpu gm  vertices
2.31s	start gpu gm  vertices_object
2.62s	done  gpu gm  vertices_object
2.62s	start gpu gm  varied_text_clipped_lcd
2.68s	done  gpu gm  varied_text_clipped_lcd
2.68s	start gpu gm  varied_text_ignorable_clip_lcd
2.74s	done  gpu gm  varied_text_ignorable_clip_lcd
2.74s	start gpu gm  varied_text_clipped_no_lcd
2.79s	done  gpu gm  varied_text_clipped_no_lcd
2.79s	start gpu gm  varied_text_ignorable_clip_no_lcd
2.83s	done  gpu gm  varied_text_ignorable_clip_no_lcd
2.83s	start gpu gm  typefacerendering_pfb
2.89s	done  gpu gm  typefacerendering_pfb
2.89s	start gpu gm  typefacerendering_pfa
2.95s	done  gpu gm  typefacerendering_pfa
2.95s	start gpu gm  typefacerendering
3.01s	done  gpu gm  typefacerendering
3.01s	start gpu gm  typefacestyles_kerning
3.08s	done  gpu gm  typefacestyles_kerning
3.08s	start gpu gm  typefacestyles
3.17s	done  gpu gm  typefacestyles
3.17s	start gpu gm  transparency_check
3.36s	done  gpu gm  transparency_check
3.36s	start gpu gm  tinybitmap
3.37s	done  gpu gm  tinybitmap
3.37s	start gpu gm  scaled_tilemode_gradient
3.43s	done  gpu gm  scaled_tilemode_gradient
3.43s	start gpu gm  scaled_tilemode_bitmap
3.48s	done  gpu gm  scaled_tilemode_bitmap
3.48s	start gpu gm  scaled_tilemodes_npot
3.6s	done  gpu gm  scaled_tilemodes_npot
3.6s	start gpu gm  scaled_tilemodes
3.79s	done  gpu gm  scaled_tilemodes
3.79s	start gpu gm  tilemode_gradient
3.85s	done  gpu gm  tilemode_gradient
3.85s	start gpu gm  tilemode_bitmap
3.89s	done  gpu gm  tilemode_bitmap
3.89s	start gpu gm  tilemodes_npot
3.97s	done  gpu gm  tilemodes_npot
3.97s	start gpu gm  tilemodes
4.07s	done  gpu gm  tilemodes
4.07s	start gpu gm  tileimagefilter
4.09s	done  gpu gm  tileimagefilter
4.09s	start gpu gm  tiledscaledbitmap
4.15s	done  gpu gm  tiledscaledbitmap
4.15s	start gpu gm  thinstrokedrects
4.17s	done  gpu gm  thinstrokedrects
4.17s	start gpu gm  thinrects
4.19s	done  gpu gm  thinrects
4.19s	start gpu gm  thinconcavepaths
4.22s	done  gpu gm  thinconcavepaths
4.22s	start gpu gm  texture_domain_effect
4.31s	done  gpu gm  texture_domain_effect
4.31s	start gpu gm  fancyunderlinebars
4.37s	done  gpu gm  fancyunderlinebars
4.37s	start gpu gm  fancyblobunderline
4.55s	done  gpu gm  fancyblobunderline
4.55s	start gpu gm  fancyposunderline
4.67s	done  gpu gm  fancyposunderline
4.67s	start gpu gm  fancyunderline
4.79s	done  gpu gm  fancyunderline
4.79s	start gpu gm  texteffects
4.84s	done  gpu gm  texteffects
4.84s	start gpu gm  textblobuseaftergpufree
4.86s	done  gpu gm  textblobuseaftergpufree
4.86s	start gpu gm  textblobtransforms
4.97s	done  gpu gm  textblobtransforms
4.97s	start gpu gm  textblobshader
5.01s	done  gpu gm  textblobshader
5.01s	start gpu gm  textblobrandomfont
5.25s	done  gpu gm  textblobrandomfont
5.25s	start gpu gm  textblobmixedsizes_df
5.53s	done  gpu gm  textblobmixedsizes_df
5.53s	start gpu gm  textblobmixedsizes
5.89s	done  gpu gm  textblobmixedsizes
5.89s	start gpu gm  textbloblooper
6.02s	done  gpu gm  textbloblooper
6.02s	start gpu gm  textblobgeometrychange
6.04s	done  gpu gm  textblobgeometrychange
6.04s	start gpu gm  textblobcolortrans
6.14s	done  gpu gm  textblobcolortrans
6.14s	start gpu gm  textblobblockreordering
6.16s	done  gpu gm  textblobblockreordering
6.16s	start gpu gm  textblob
6.2s	done  gpu gm  textblob
6.2s	start gpu gm  texdata
6.23s	done  gpu gm  texdata
6.23s	start gpu gm  testgradient
6.29s	done  gpu gm  testgradient
6.29s	start gpu gm  tall_stretched_bitmaps
6.39s	done  gpu gm  tall_stretched_bitmaps
6.39s	start gpu gm  colorcomposefilter_alpha
6.48s	done  gpu gm  colorcomposefilter_alpha
6.48s	start gpu gm  colorcomposefilter_wacky
6.6s	done  gpu gm  colorcomposefilter_wacky
6.6s	start gpu gm  tablecolorfilter
6.75s	done  gpu gm  tablecolorfilter
6.75s	start gpu gm  surfacenew
6.77s	done  gpu gm  surfacenew
6.77s	start gpu gm  surfaceprops
6.82s	done  gpu gm  surfaceprops
6.82s	start gpu gm  bitmap_subset_shader
6.85s	done  gpu gm  bitmap_subset_shader
6.85s	start gpu gm  stroketext
6.92s	done  gpu gm  stroketext
6.92s	start gpu gm  teenyStrokes
6.95s	done  gpu gm  teenyStrokes
6.95s	start gpu gm  zeroPath
6.99s	done  gpu gm  zeroPath
6.99s	start gpu gm  zero_control_stroke
7.03s	done  gpu gm  zero_control_stroke
7.03s	start gpu gm  strokes_zoomed
7.07s	done  gpu gm  strokes_zoomed
7.07s	start gpu gm  strokes3
7.27s	done  gpu gm  strokes3
7.27s	start gpu gm  strokes_poly
7.33s	done  gpu gm  strokes_poly
7.33s	start gpu gm  strokes_round
7.38s	done  gpu gm  strokes_round
7.38s	start gpu gm  quadcap
7.4s	done  gpu gm  quadcap
7.4s	start gpu gm  zerolinestroke
7.41s	done  gpu gm  zerolinestroke
7.41s	start gpu gm  CubicStroke
7.44s	done  gpu gm  CubicStroke
7.44s	start gpu gm  strokerects
7.5s	done  gpu gm  strokerects
7.5s	start gpu gm  strokerect_anisotropic_5408
7.51s	done  gpu gm  strokerect_anisotropic_5408
7.51s	start gpu gm  strokerect
7.6s	done  gpu gm  strokerect
7.6s	start gpu gm  bug339297
7.63s	done  gpu gm  bug339297
7.63s	start gpu gm  stroke-fill
7.67s	done  gpu gm  stroke-fill
7.67s	start gpu gm  strokedlines
7.77s	done  gpu gm  strokedlines
7.77s	start gpu gm  stroke_rect_shader
7.8s	done  gpu gm  stroke_rect_shader
7.8s	start gpu gm  stringart
7.84s	done  gpu gm  stringart
7.84s	start gpu gm  stlouisarch
7.87s	done  gpu gm  stlouisarch
7.87s	start gpu gm  srcmode
7.96s	done  gpu gm  srcmode
7.96s	start gpu gm  spritebitmap
8.01s	done  gpu gm  spritebitmap
8.01s	start gpu gm  smallpaths
8.06s	done  gpu gm  smallpaths
8.06s	start gpu gm  small_image
8.07s	done  gpu gm  small_image
8.07s	start gpu gm  smallarc
8.14s	done  gpu gm  smallarc
8.14s	start gpu gm  linear_pipeline
8.27s	done  gpu gm  linear_pipeline
8.27s	start gpu gm  skbug1719
8.29s	done  gpu gm  skbug1719
8.29s	start gpu gm  skbug_5321
8.31s	done  gpu gm  skbug_5321
8.31s	start gpu gm  skbug_4868
8.32s	done  gpu gm  skbug_4868
8.32s	start gpu gm  skbug_257
8.37s	done  gpu gm  skbug_257
8.37s	start gpu gm  simplerect
8.43s	done  gpu gm  simplerect
8.43s	start gpu gm  simple-magnification
8.45s	done  gpu gm  simple-magnification
8.45s	start gpu gm  simpleaaclip_aaclip
8.49s	done  gpu gm  simpleaaclip_aaclip
8.49s	start gpu gm  simpleaaclip_path
8.54s	done  gpu gm  simpleaaclip_path
8.54s	start gpu gm  simpleaaclip_rect
8.58s	done  gpu gm  simpleaaclip_rect
8.58s	start gpu gm  showmiplevels2_256x256
8.65s	done  gpu gm  showmiplevels2_256x256
8.65s	start gpu gm  showmiplevels2_255x256
8.71s	done  gpu gm  showmiplevels2_255x256
8.71s	start gpu gm  showmiplevels2_256x255
8.78s	done  gpu gm  showmiplevels2_256x255
8.78s	start gpu gm  showmiplevels2_255x255
8.85s	done  gpu gm  showmiplevels2_255x255
8.85s	start gpu gm  showmiplevels_256
8.94s	done  gpu gm  showmiplevels_256
8.94s	start gpu gm  showmiplevels_255
9.03s	done  gpu gm  showmiplevels_255
9.03s	start gpu gm  innershapes_bw
9.08s	done  gpu gm  innershapes_bw
9.08s	start gpu gm  innershapes
9.12s	done  gpu gm  innershapes
9.12s	start gpu gm  simpleshapes_bw
9.16s	done  gpu gm  simpleshapes_bw
9.16s	start gpu gm  simpleshapes
9.2s	done  gpu gm  simpleshapes
9.2s	start gpu gm  shallow_gradient_sweep_nodither
9.26s	done  gpu gm  shallow_gradient_sweep_nodither
9.26s	start gpu gm  shallow_gradient_conical_nodither
9.32s	done  gpu gm  shallow_gradient_conical_nodither
9.32s	start gpu gm  shallow_gradient_radial_nodither
9.38s	done  gpu gm  shallow_gradient_radial_nodither
9.38s	start gpu gm  shallow_gradient_linear_nodither
9.43s	done  gpu gm  shallow_gradient_linear_nodither
9.44s	start gpu gm  shallow_gradient_sweep
9.61s	done  gpu gm  shallow_gradient_sweep
9.61s	start gpu gm  shallow_gradient_conical
9.79s	done  gpu gm  shallow_gradient_conical
9.79s	start gpu gm  shallow_gradient_radial
9.96s	done  gpu gm  shallow_gradient_radial
9.96s	start gpu gm  shallow_gradient_linear
10.1s	done  gpu gm  shallow_gradient_linear
10.1s	start gpu gm  shadow_utils
10.2s	done  gpu gm  shadow_utils
10.2s	start gpu gm  shadows
10.3s	done  gpu gm  shadows
10.3s	start gpu gm  shadertext3
10.5s	done  gpu gm  shadertext3
10.5s	start gpu gm  shadertext2
10.7s	done  gpu gm  shadertext2
10.7s	start gpu gm  shadertext
10.8s	done  gpu gm  shadertext
10.8s	start gpu gm  shaderbounds_linear
10.8s	done  gpu gm  shaderbounds_linear
10.8s	start gpu gm  scaledstrokes
10.9s	done  gpu gm  scaledstrokes
10.9s	start gpu gm  savelayer_initfromprev
10.9s	done  gpu gm  savelayer_initfromprev
10.9s	start gpu gm  picture_savelayer
10.9s	done  gpu gm  picture_savelayer
10.9s	start gpu gm  savelayer_clipped
11s	done  gpu gm  savelayer_clipped
11s	start gpu gm  savelayer_unclipped
11s	done  gpu gm  savelayer_unclipped
11s	start gpu gm  gpusamplerstress
11.1s	done  gpu gm  gpusamplerstress
11.1s	start gpu gm  rrect_effect
11.1s	done  gpu gm  rrect_effect
11.1s	start gpu gm  rrect_clip_bw
11.1s	done  gpu gm  rrect_clip_bw
11.1s	start gpu gm  rrect_clip_aa
11.2s	done  gpu gm  rrect_clip_aa
11.2s	start gpu gm  rrect_draw_bw
11.2s	done  gpu gm  rrect_draw_bw
11.2s	start gpu gm  rrect_draw_aa
11.3s	done  gpu gm  rrect_draw_aa
11.3s	start gpu gm  rrect_clip_draw_paint
11.3s	done  gpu gm  rrect_clip_draw_paint
11.3s	start gpu gm  rrect
11.4s	done  gpu gm  rrect
11.4s	start gpu gm  roundrects
11.5s	done  gpu gm  roundrects
11.5s	start gpu gm  reveal
11.5s	done  gpu gm  reveal
11.5s	start gpu gm  resizeimagefilter
11.5s	done  gpu gm  resizeimagefilter
11.5s	start gpu gm  repeated_bitmap_jpg
11.6s	done  gpu gm  repeated_bitmap_jpg
11.6s	start gpu gm  repeated_bitmap
11.7s	done  gpu gm  repeated_bitmap
11.7s	start gpu gm  rects
11.7s	done  gpu gm  rects
11.7s	start gpu gm  rectangle_texture
11.8s	done  gpu gm  rectangle_texture
11.8s	start gpu gm  recordopts
11.8s	done  gpu gm  recordopts
11.8s	start gpu gm  readpixelspicture
11.8s	done  gpu gm  readpixelspicture
11.8s	start gpu gm  readpixelscodec
11.8s	done  gpu gm  readpixelscodec
11.8s	start gpu gm  readpixels
11.9s	done  gpu gm  readpixels
11.9s	start gpu gm  quadclosepath
11.9s	done  gpu gm  quadclosepath
11.9s	start gpu gm  quadpath
12s	done  gpu gm  quadpath
12s	start gpu gm  polygons
12.1s	done  gpu gm  polygons
12.1s	start gpu gm  poly2poly
12.1s	done  gpu gm  poly2poly
12.1s	start gpu gm  points
12.2s	done  gpu gm  points
12.2s	start gpu gm  PlusMergesAA
12.2s	done  gpu gm  PlusMergesAA
12.2s	start gpu gm  pixel_snap_combo
12.2s	done  gpu gm  pixel_snap_combo
12.2s	start gpu gm  pixel_snap_rect
12.3s	done  gpu gm  pixel_snap_rect
12.3s	start gpu gm  pixel_snap_line
12.3s	done  gpu gm  pixel_snap_line
12.3s	start gpu gm  pixel_snap_point
12.3s	done  gpu gm  pixel_snap_point
12.3s	start gpu gm  pictureshadertile
12.4s	done  gpu gm  pictureshadertile
12.4s	start gpu gm  tiled_picture_shader
12.4s	done  gpu gm  tiled_picture_shader
12.4s	start gpu gm  pictureshader
12.6s	done  gpu gm  pictureshader
12.6s	start gpu gm  pictureimagegenerator
12.7s	done  gpu gm  pictureimagegenerator
12.7s	start gpu gm  pictureimagefilter
12.7s	done  gpu gm  pictureimagefilter
12.7s	start gpu gm  pictures
12.7s	done  gpu gm  pictures
12.7s	start gpu gm  persp_shaders_bw
12.7s	done  gpu gm  persp_shaders_bw
12.7s	start gpu gm  persp_shaders_aa
12.8s	done  gpu gm  persp_shaders_aa
12.8s	start gpu gm  perlinnoise_localmatrix
12.8s	done  gpu gm  perlinnoise_localmatrix
12.8s	start gpu gm  perlinnoise
12.9s	done  gpu gm  perlinnoise
12.9s	start gpu gm  pdf_never_embed
12.9s	done  gpu gm  pdf_never_embed
12.9s	start gpu gm  path-reverse
13s	done  gpu gm  path-reverse
13s	start gpu gm  pathopsskpclip
13s	done  gpu gm  pathopsskpclip
13s	start gpu gm  pathopsinverse
13.1s	done  gpu gm  pathopsinverse
13.1s	start gpu gm  path_mask_cache
13.2s	done  gpu gm  path_mask_cache
13.2s	start gpu gm  pathinterior
13.3s	done  gpu gm  pathinterior
13.3s	start gpu gm  pathinvfill
13.3s	done  gpu gm  pathinvfill
13.3s	start gpu gm  pathfill
13.3s	done  gpu gm  pathfill
13.3s	start gpu gm  rotatedcubicpath
13.3s	done  gpu gm  rotatedcubicpath
13.3s	start gpu gm  patheffect
13.4s	done  gpu gm  patheffect
13.4s	start gpu gm  contour_start
13.5s	done  gpu gm  contour_start
13.5s	start gpu gm  path_stroke_with_zero_length
13.5s	done  gpu gm  path_stroke_with_zero_length
13.5s	start gpu gm  patch_grid
13.7s	done  gpu gm  patch_grid
13.7s	start gpu gm  patch_primitive
13.9s	done  gpu gm  patch_primitive
13.9s	start gpu gm  OverStroke
13.9s	done  gpu gm  OverStroke
13.9s	start gpu gm  overdrawcolorfilter
14s	done  gpu gm  overdrawcolorfilter
14s	start gpu gm  ovals
14.1s	done  gpu gm  ovals
14.1s	start gpu gm  simple-offsetimagefilter
14.1s	done  gpu gm  simple-offsetimagefilter
14.1s	start gpu gm  offsetimagefilter
14.1s	done  gpu gm  offsetimagefilter
14.1s	start gpu gm  occludedrrectblur
14.2s	done  gpu gm  occludedrrectblur
14.2s	start gpu gm  nonclosedpaths
14.4s	done  gpu gm  nonclosedpaths
14.4s	start gpu gm  ninepatch-stretch
14.5s	done  gpu gm  ninepatch-stretch
14.5s	start gpu gm  nested_flipY_bw
14.5s	done  gpu gm  nested_flipY_bw
14.5s	start gpu gm  nested_flipY_aa
14.5s	done  gpu gm  nested_flipY_aa
14.5s	start gpu gm  nested_bw
14.5s	done  gpu gm  nested_bw
14.5s	start gpu gm  nested_aa
14.6s	done  gpu gm  nested_aa
14.6s	start gpu gm  multipicturedraw_biglayer_tiled
14.6s	done  gpu gm  multipicturedraw_biglayer_tiled
14.6s	start gpu gm  multipicturedraw_sierpinski_tiled
14.7s	done  gpu gm  multipicturedraw_sierpinski_tiled
14.7s	start gpu gm  multipicturedraw_invpathclip_tiled
14.7s	done  gpu gm  multipicturedraw_invpathclip_tiled
14.7s	start gpu gm  multipicturedraw_pathclip_tiled
14.8s	done  gpu gm  multipicturedraw_pathclip_tiled
14.8s	start gpu gm  multipicturedraw_rrectclip_tiled
14.8s	done  gpu gm  multipicturedraw_rrectclip_tiled
14.8s	start gpu gm  multipicturedraw_rectclip_tiled
14.9s	done  gpu gm  multipicturedraw_rectclip_tiled
14.9s	start gpu gm  multipicturedraw_noclip_tiled
14.9s	done  gpu gm  multipicturedraw_noclip_tiled
14.9s	start gpu gm  multipicturedraw_biglayer_simple
15s	done  gpu gm  multipicturedraw_biglayer_simple
15s	start gpu gm  multipicturedraw_sierpinski_simple
15s	done  gpu gm  multipicturedraw_sierpinski_simple
15s	start gpu gm  multipicturedraw_invpathclip_simple
15.1s	done  gpu gm  multipicturedraw_invpathclip_simple
15.1s	start gpu gm  multipicturedraw_pathclip_simple
15.1s	done  gpu gm  multipicturedraw_pathclip_simple
15.1s	start gpu gm  multipicturedraw_rrectclip_simple
15.2s	
15.2s elapsed, 1 active, 408 queued, 143MB RAM, 299MB peak
15.2s		gpu gm  multipicturedraw_rrectclip_simple
15.2s	done  gpu gm  multipicturedraw_rrectclip_simple
15.2s	start gpu gm  multipicturedraw_rectclip_simple
15.3s	done  gpu gm  multipicturedraw_rectclip_simple
15.3s	start gpu gm  multipicturedraw_noclip_simple
15.3s	done  gpu gm  multipicturedraw_noclip_simple
15.3s	start gpu gm  morphology
15.4s	done  gpu gm  morphology
15.4s	start gpu gm  modecolorfilters
15.5s	done  gpu gm  modecolorfilters
15.5s	start gpu gm  mixedtextblobs
15.6s	done  gpu gm  mixedtextblobs
15.6s	start gpu gm  mipmap_gray8_srgb
15.6s	done  gpu gm  mipmap_gray8_srgb
15.6s	start gpu gm  mipmap_srgb
15.7s	done  gpu gm  mipmap_srgb
15.7s	start gpu gm  mipmap
15.7s	done  gpu gm  mipmap
15.7s	start gpu gm  megalooper_1x4
15.8s	done  gpu gm  megalooper_1x4
15.8s	start gpu gm  megalooper_4x1
15.9s	done  gpu gm  megalooper_4x1
15.9s	start gpu gm  megalooper_0x0
16s	done  gpu gm  megalooper_0x0
16s	start gpu gm  matriximagefilter
16s	done  gpu gm  matriximagefilter
16s	start gpu gm  matrixconvolution_color
16s	done  gpu gm  matrixconvolution_color
16s	start gpu gm  matrixconvolution
16.1s	done  gpu gm  matrixconvolution
16.1s	start gpu gm  manyrrects
16.1s	done  gpu gm  manyrrects
16.1s	start gpu gm  manycircles
16.2s	done  gpu gm  manycircles
16.2s	start gpu gm  lumafilter
16.2s	done  gpu gm  lumafilter
16.2s	start gpu gm  localmatriximagefilter
16.3s	done  gpu gm  localmatriximagefilter
16.3s	start gpu gm  lineclosepath
16.4s	done  gpu gm  lineclosepath
16.4s	start gpu gm  linepath
16.4s	done  gpu gm  linepath
16.4s	start gpu gm  lightingshaderbevel
16.5s	done  gpu gm  lightingshaderbevel
16.5s	start gpu gm  lightingshader2
16.6s	done  gpu gm  lightingshader2
16.6s	start gpu gm  lightingshader
16.7s	done  gpu gm  lightingshader
16.7s	start gpu gm  lighting
16.9s	done  gpu gm  lighting
16.9s	start gpu gm  savelayer_lcdtext
16.9s	done  gpu gm  savelayer_lcdtext
16.9s	start gpu gm  lcdtextsize
17s	done  gpu gm  lcdtextsize
17s	start gpu gm  lcdtext
17s	done  gpu gm  lcdtext
17s	start gpu gm  lcdoverlap
17.1s	done  gpu gm  lcdoverlap
17.1s	start gpu gm  lcdblendmodes
17.2s	done  gpu gm  lcdblendmodes
17.2s	start gpu gm  lattice
17.2s	done  gpu gm  lattice
17.2s	start gpu gm  largeglyphblur
17.4s	done  gpu gm  largeglyphblur
17.4s	start gpu gm  inverse_paths
17.5s	done  gpu gm  inverse_paths
17.5s	start gpu gm  internal_links
17.6s	done  gpu gm  internal_links
17.6s	start gpu gm  image_to_yuv_planes
17.6s	done  gpu gm  image_to_yuv_planes
17.6s	start gpu gm  imagesrc2_high
17.6s	done  gpu gm  imagesrc2_high
17.6s	start gpu gm  imagesrc2_med
17.7s	done  gpu gm  imagesrc2_med
17.7s	start gpu gm  imagesrc2_low
17.7s	done  gpu gm  imagesrc2_low
17.7s	start gpu gm  imagesrc2_none
17.7s	done  gpu gm  imagesrc2_none
17.7s	start gpu gm  imagesource
17.7s	done  gpu gm  imagesource
17.7s	start gpu gm  image_scale_aligned
17.8s	done  gpu gm  image_scale_aligned
17.8s	start gpu gm  imageresizetiled
17.9s	done  gpu gm  imageresizetiled
17.9s	start gpu gm  imagemasksubset
17.9s	done  gpu gm  imagemasksubset
17.9s	start gpu gm  imagemakewithfilter
18s	done  gpu gm  imagemakewithfilter
18s	start gpu gm  imagemagnifier_cropped
18s	done  gpu gm  imagemagnifier_cropped
18s	start gpu gm  imagemagnifier
18.3s	done  gpu gm  imagemagnifier
18.3s	start gpu gm  image_from_yuv_textures
18.3s	done  gpu gm  image_from_yuv_textures
18.3s	start gpu gm  rotate_imagefilter
18.3s	done  gpu gm  rotate_imagefilter
18.3s	start gpu gm  imagefilterstransformed
18.4s	done  gpu gm  imagefilterstransformed
18.4s	start gpu gm  imagefiltersstroked
18.5s	done  gpu gm  imagefiltersstroked
18.5s	start gpu gm  imagefiltersscaled
18.7s	done  gpu gm  imagefiltersscaled
18.7s	start gpu gm  imagefiltersgraph
18.7s	done  gpu gm  imagefiltersgraph
18.7s	start gpu gm  imagefilterscropped
18.8s	done  gpu gm  imagefilterscropped
18.8s	start gpu gm  imagefilterscropexpand
19s	done  gpu gm  imagefilterscropexpand
19s	start gpu gm  imagefiltersclipped
19.1s	done  gpu gm  imagefiltersclipped
19.1s	start gpu gm  textfilter_color
19.1s	done  gpu gm  textfilter_color
19.1s	start gpu gm  textfilter_image
19.2s	done  gpu gm  textfilter_image
19.2s	start gpu gm  imagefiltersbase
19.2s	done  gpu gm  imagefiltersbase
19.2s	start gpu gm  savelayer_with_backdrop
19.5s	done  gpu gm  savelayer_with_backdrop
19.5s	start gpu gm  fast_slow_blurimagefilter
19.5s	done  gpu gm  fast_slow_blurimagefilter
19.5s	start gpu gm  imagefilters_xfermodes
19.6s	done  gpu gm  imagefilters_xfermodes
19.6s	start gpu gm  imageblurtiled
19.7s	done  gpu gm  imageblurtiled
19.7s	start gpu gm  imageblur2
19.8s	done  gpu gm  imageblur2
19.8s	start gpu gm  imageblur_large
19.9s	done  gpu gm  imageblur_large
19.9s	start gpu gm  imageblur
20s	done  gpu gm  imageblur
20s	start gpu gm  imagealphathreshold_surface
20.1s	done  gpu gm  imagealphathreshold_surface
20.1s	start gpu gm  imagealphathreshold
20.1s	done  gpu gm  imagealphathreshold
20.1s	start gpu gm  imagealphathreshold_crop
20.1s	done  gpu gm  imagealphathreshold_crop
20.1s	start gpu gm  image-shader
20.2s	done  gpu gm  image-shader
20.2s	start gpu gm  image-cacherator-from-texture
20.2s	done  gpu gm  image-cacherator-from-texture
20.2s	start gpu gm  image-cacherator-from-ctable
20.3s	done  gpu gm  image-cacherator-from-ctable
20.3s	start gpu gm  image-cacherator-from-raster
20.3s	done  gpu gm  image-cacherator-from-raster
20.3s	start gpu gm  image-cacherator-from-picture
20.3s	done  gpu gm  image-cacherator-from-picture
20.3s	start gpu gm  image-picture
20.4s	done  gpu gm  image-picture
20.4s	start gpu gm  new_texture_image
20.4s	done  gpu gm  new_texture_image
20.4s	start gpu gm  scale-pixels
20.5s	done  gpu gm  scale-pixels
20.5s	start gpu gm  image-surface
20.6s	done  gpu gm  image-surface
20.6s	start gpu gm  hittestpath
20.7s	done  gpu gm  hittestpath
20.7s	start gpu gm  highcontrastfilter
20.8s	done  gpu gm  highcontrastfilter
20.8s	start gpu gm  hardstop_gradients
20.8s	done  gpu gm  hardstop_gradients
20.8s	start gpu gm  hairmodes
20.9s	done  gpu gm  hairmodes
20.9s	start gpu gm  hairlines
21s	done  gpu gm  hairlines
21s	start gpu gm  squarehair
21.1s	done  gpu gm  squarehair
21.1s	start gpu gm  grayscalejpg
21.1s	done  gpu gm  grayscalejpg
21.1s	start gpu gm  chrome_gradtext2
21.1s	done  gpu gm  chrome_gradtext2
21.1s	start gpu gm  chrome_gradtext1
21.2s	done  gpu gm  chrome_gradtext1
21.2s	start gpu gm  gradtext
21.2s	done  gpu gm  gradtext
21.2s	start gpu gm  gradients_many_nodither
21.2s	done  gpu gm  gradients_many_nodither
21.2s	start gpu gm  gradients_many
21.3s	done  gpu gm  gradients_many
21.3s	start gpu gm  gradients_no_texture_nodither
21.4s	done  gpu gm  gradients_no_texture_nodither
21.4s	start gpu gm  gradients_no_texture
21.5s	done  gpu gm  gradients_no_texture
21.5s	start gpu gm  gradients_2pt_conical_edge_nodither
21.6s	done  gpu gm  gradients_2pt_conical_edge_nodither
21.6s	start gpu gm  gradients_2pt_conical_outside_nodither
21.7s	done  gpu gm  gradients_2pt_conical_outside_nodither
21.7s	start gpu gm  gradients_2pt_conical_inside_nodither
21.8s	done  gpu gm  gradients_2pt_conical_inside_nodither
21.8s	start gpu gm  gradients_2pt_conical_edge
21.9s	done  gpu gm  gradients_2pt_conical_edge
21.9s	start gpu gm  gradients_2pt_conical_outside
22s	done  gpu gm  gradients_2pt_conical_outside
22s	start gpu gm  gradients_2pt_conical_inside
22.1s	done  gpu gm  gradients_2pt_conical_inside
22.1s	start gpu gm  gradient_subpixel_4f
22.1s	done  gpu gm  gradient_subpixel_4f
22.1s	start gpu gm  gradient_subpixel
22.1s	done  gpu gm  gradient_subpixel
22.1s	start gpu gm  gradient_many_stops_4f
22.2s	done  gpu gm  gradient_many_stops_4f
22.2s	start gpu gm  gradient_many_stops
22.2s	done  gpu gm  gradient_many_stops
22.2s	start gpu gm  gradients_dup_color_stops
22.3s	done  gpu gm  gradients_dup_color_stops
22.3s	start gpu gm  linear_gradient_tiny_4f
22.3s	done  gpu gm  linear_gradient_tiny_4f
22.3s	start gpu gm  linear_gradient_tiny
22.4s	done  gpu gm  linear_gradient_tiny
22.4s	start gpu gm  linear_gradient_nodither
22.4s	done  gpu gm  linear_gradient_nodither
22.4s	start gpu gm  linear_gradient
22.5s	done  gpu gm  linear_gradient
22.5s	start gpu gm  radial_gradient4_nodither
22.6s	done  gpu gm  radial_gradient4_nodither
22.6s	start gpu gm  radial_gradient4
22.6s	done  gpu gm  radial_gradient4
22.6s	start gpu gm  radial_gradient3_nodither
22.7s	done  gpu gm  radial_gradient3_nodither
22.7s	start gpu gm  radial_gradient3
22.7s	done  gpu gm  radial_gradient3
22.7s	start gpu gm  radial_gradient2_nodither
22.9s	done  gpu gm  radial_gradient2_nodither
22.9s	start gpu gm  radial_gradient2
23s	done  gpu gm  radial_gradient2
23s	start gpu gm  radial_gradient
23.4s	done  gpu gm  radial_gradient
23.4s	start gpu gm  clamped_gradients_nodither
23.4s	done  gpu gm  clamped_gradients_nodither
23.4s	start gpu gm  clamped_gradients
23.5s	done  gpu gm  clamped_gradients
23.5s	start gpu gm  small_color_stop
23.5s	done  gpu gm  small_color_stop
23.5s	start gpu gm  gradients_degenerate_2pt_nodither
23.5s	done  gpu gm  gradients_degenerate_2pt_nodither
23.5s	start gpu gm  gradients_degenerate_2pt
23.6s	done  gpu gm  gradients_degenerate_2pt
23.6s	start gpu gm  gradients_view_perspective_nodither
23.6s	done  gpu gm  gradients_view_perspective_nodither
23.6s	start gpu gm  gradients_view_perspective
23.8s	done  gpu gm  gradients_view_perspective
23.8s	start gpu gm  gradients_local_perspective_nodither
23.9s	done  gpu gm  gradients_local_perspective_nodither
23.9s	start gpu gm  gradients_local_perspective
24s	done  gpu gm  gradients_local_perspective
24s	start gpu gm  gradients4f_nodither
24.1s	done  gpu gm  gradients4f_nodither
24.1s	start gpu gm  gradients4f
24.3s	done  gpu gm  gradients4f
24.3s	start gpu gm  gradients_nodither
24.4s	done  gpu gm  gradients_nodither
24.4s	start gpu gm  gradients
24.6s	done  gpu gm  gradients
24.6s	start gpu gm  gradient_dirty_laundry
24.6s	done  gpu gm  gradient_dirty_laundry
24.6s	start gpu gm  gradient_matrix
24.7s	done  gpu gm  gradient_matrix
24.7s	start gpu gm  glyph_pos_align
24.7s	done  gpu gm  glyph_pos_align
24.7s	start gpu gm  glyph_pos_n_f
24.8s	done  gpu gm  glyph_pos_n_f
24.8s	start gpu gm  glyph_pos_h_f
24.9s	done  gpu gm  glyph_pos_h_f
24.9s	start gpu gm  glyph_pos_n_s
24.9s	done  gpu gm  glyph_pos_n_s
24.9s	start gpu gm  glyph_pos_h_s
25s	done  gpu gm  glyph_pos_h_s
25s	start gpu gm  glyph_pos_n_b
25.1s	done  gpu gm  glyph_pos_n_b
25.1s	start gpu gm  glyph_pos_h_b
25.2s	done  gpu gm  glyph_pos_h_b
25.2s	start gpu gm  giantbitmap_mirror_bilerp_rotate
25.2s	done  gpu gm  giantbitmap_mirror_bilerp_rotate
25.2s	start gpu gm  giantbitmap_repeat_bilerp_rotate
25.2s	done  gpu gm  giantbitmap_repeat_bilerp_rotate
25.2s	start gpu gm  giantbitmap_clamp_bilerp_rotate
25.3s	done  gpu gm  giantbitmap_clamp_bilerp_rotate
25.3s	start gpu gm  giantbitmap_mirror_point_rotate
25.3s	done  gpu gm  giantbitmap_mirror_point_rotate
25.3s	start gpu gm  giantbitmap_repeat_point_rotate
25.4s	done  gpu gm  giantbitmap_repeat_point_rotate
25.4s	start gpu gm  giantbitmap_clamp_point_rotate
25.4s	done  gpu gm  giantbitmap_clamp_point_rotate
25.4s	start gpu gm  giantbitmap_mirror_bilerp_scale
25.4s	done  gpu gm  giantbitmap_mirror_bilerp_scale
25.4s	start gpu gm  giantbitmap_repeat_bilerp_scale
25.5s	done  gpu gm  giantbitmap_repeat_bilerp_scale
25.5s	start gpu gm  giantbitmap_clamp_bilerp_scale
25.5s	done  gpu gm  giantbitmap_clamp_bilerp_scale
25.5s	start gpu gm  giantbitmap_mirror_point_scale
25.6s	done  gpu gm  giantbitmap_mirror_point_scale
25.6s	start gpu gm  giantbitmap_repeat_point_scale
25.6s	done  gpu gm  giantbitmap_repeat_point_scale
25.6s	start gpu gm  giantbitmap_clamp_point_scale
25.7s	done  gpu gm  giantbitmap_clamp_point_scale
25.7s	start gpu gm  getpostextpath
25.7s	done  gpu gm  getpostextpath
25.7s	start gpu gm  gaussianedge
25.8s	done  gpu gm  gaussianedge
25.8s	start gpu gm  gamut
25.8s	done  gpu gm  gamut
25.8s	start gpu gm  gammagradienttext
25.9s	done  gpu gm  gammagradienttext
25.9s	start gpu gm  gammatext
26s	done  gpu gm  gammatext
26s	start gpu gm  gamma
26s	done  gpu gm  gamma
26s	start gpu gm  fontscalerdistortable
26.1s	done  gpu gm  fontscalerdistortable
26.1s	start gpu gm  fontscaler
26.3s	done  gpu gm  fontscaler
26.3s	start gpu gm  fontmgr_bounds_1_-0.25
26.5s	done  gpu gm  fontmgr_bounds_1_-0.25
26.5s	start gpu gm  fontmgr_bounds_0.75_0
26.6s	done  gpu gm  fontmgr_bounds_0.75_0
26.6s	start gpu gm  fontmgr_bounds
26.7s	done  gpu gm  fontmgr_bounds
26.7s	start gpu gm  fontmgr_match
26.8s	done  gpu gm  fontmgr_match
26.8s	start gpu gm  fontmgr_iter
28.6s	done  gpu gm  fontmgr_iter
28.6s	start gpu gm  fontcache
28.7s	done  gpu gm  fontcache
28.7s	start gpu gm  filterindiabox
28.8s	done  gpu gm  filterindiabox
28.8s	start gpu gm  filterfastbounds
28.9s	done  gpu gm  filterfastbounds
28.9s	start gpu gm  filterbug
28.9s	done  gpu gm  filterbug
28.9s	start gpu gm  filterbitmap_image_color_wheel.png
29s	done  gpu gm  filterbitmap_image_color_wheel.png
29s	start gpu gm  filterbitmap_image_mandrill_512.png
29.2s	done  gpu gm  filterbitmap_image_mandrill_512.png
29.2s	start gpu gm  filterbitmap_image_mandrill_256.png
29.3s	done  gpu gm  filterbitmap_image_mandrill_256.png
29.3s	start gpu gm  filterbitmap_image_mandrill_128.png
29.5s	done  gpu gm  filterbitmap_image_mandrill_128.png
29.5s	start gpu gm  filterbitmap_image_mandrill_64.png_g8
29.6s	done  gpu gm  filterbitmap_image_mandrill_64.png_g8
29.6s	start gpu gm  filterbitmap_image_mandrill_64.png
29.8s	done  gpu gm  filterbitmap_image_mandrill_64.png
29.8s	start gpu gm  filterbitmap_image_mandrill_32.png
30s	done  gpu gm  filterbitmap_image_mandrill_32.png
30s	start gpu gm  filterbitmap_image_mandrill_16.png
30.1s	done  gpu gm  filterbitmap_image_mandrill_16.png
30.1s	start gpu gm  filterbitmap_checkerboard_192_192
30.2s	
30.2s elapsed, 1 active, 236 queued, 148MB RAM, 299MB peak
30.2s		gpu gm  filterbitmap_checkerboard_192_192
30.2s	done  gpu gm  filterbitmap_checkerboard_192_192
30.2s	start gpu gm  filterbitmap_checkerboard_32_2
30.3s	done  gpu gm  filterbitmap_checkerboard_32_2
30.3s	start gpu gm  filterbitmap_checkerboard_32_8
30.4s	done  gpu gm  filterbitmap_checkerboard_32_8
30.4s	start gpu gm  filterbitmap_checkerboard_32_32_g8
30.5s	done  gpu gm  filterbitmap_checkerboard_32_32_g8
30.5s	start gpu gm  filterbitmap_checkerboard_32_32
30.6s	done  gpu gm  filterbitmap_checkerboard_32_32
30.6s	start gpu gm  filterbitmap_checkerboard_4_4
30.7s	done  gpu gm  filterbitmap_checkerboard_4_4
30.7s	start gpu gm  filterbitmap_text_10.00pt
30.8s	done  gpu gm  filterbitmap_text_10.00pt
30.8s	start gpu gm  filterbitmap_text_7.00pt
30.9s	done  gpu gm  filterbitmap_text_7.00pt
30.9s	start gpu gm  filterbitmap_text_3.00pt
31s	done  gpu gm  filterbitmap_text_3.00pt
31s	start gpu gm  filltypespersp
31.1s	done  gpu gm  filltypespersp
31.1s	start gpu gm  filltypes
31.2s	done  gpu gm  filltypes
31.2s	start gpu gm  fatpathfill
31.2s	done  gpu gm  fatpathfill
31.2s	start gpu gm  fadefilter
31.3s	done  gpu gm  fadefilter
31.3s	start gpu gm  extractbitmap
31.3s	done  gpu gm  extractbitmap
31.3s	start gpu gm  etc1
31.3s	done  gpu gm  etc1
31.3s	start gpu gm  encode-srgb-jpg
31.5s	done  gpu gm  encode-srgb-jpg
31.5s	start gpu gm  encode-srgb-webp
31.7s	done  gpu gm  encode-srgb-webp
31.7s	start gpu gm  encode-srgb-png
31.9s	done  gpu gm  encode-srgb-png
31.9s	start gpu gm  encode-platform
32.6s	done  gpu gm  encode-platform
32.6s	start gpu gm  encode
32.9s	done  gpu gm  encode
32.9s	start gpu gm  emptystroke
33s	done  gpu gm  emptystroke
33s	start gpu gm  emptypath
33s	done  gpu gm  emptypath
33s	start gpu gm  dstreadshuffle
33.1s	done  gpu gm  dstreadshuffle
33.1s	start gpu gm  drrect
33.2s	done  gpu gm  drrect
33.2s	start gpu gm  dropshadowimagefilter
33.2s	done  gpu gm  dropshadowimagefilter
33.2s	start gpu gm  drawregionmodes
33.2s	done  gpu gm  drawregionmodes
33.2s	start gpu gm  drawregion
33.4s	done  gpu gm  drawregion
33.4s	start gpu gm  drawminibitmaprect
33.5s	done  gpu gm  drawminibitmaprect
33.5s	start gpu gm  drawminibitmaprect_aa
33.7s	done  gpu gm  drawminibitmaprect_aa
33.7s	start gpu gm  drawlooper
33.7s	done  gpu gm  drawlooper
33.7s	start gpu gm  drawfilter
33.7s	done  gpu gm  drawfilter
33.7s	start gpu gm  drawbitmaprect-imagerect-subset
33.8s	done  gpu gm  drawbitmaprect-imagerect-subset
33.8s	start gpu gm  drawbitmaprect-imagerect
34s	done  gpu gm  drawbitmaprect-imagerect
34s	start gpu gm  drawbitmaprect-subset
34.1s	done  gpu gm  drawbitmaprect-subset
34.1s	start gpu gm  drawbitmaprect
34.3s	done  gpu gm  drawbitmaprect
34.3s	start gpu gm  draw-atlas-colors
34.3s	done  gpu gm  draw-atlas-colors
34.3s	start gpu gm  drawTextRSXform
34.4s	done  gpu gm  drawTextRSXform
34.4s	start gpu gm  draw-atlas
34.5s	done  gpu gm  draw-atlas
34.5s	start gpu gm  drawable
34.5s	done  gpu gm  drawable
34.5s	start gpu gm  draw_bitmap_rect_skbug4734
34.5s	done  gpu gm  draw_bitmap_rect_skbug4734
34.5s	start gpu gm  downsamplebitmap_image_none_mandrill_512.png
34.8s	done  gpu gm  downsamplebitmap_image_none_mandrill_512.png
34.8s	start gpu gm  downsamplebitmap_checkerboard_none_512_256
34.9s	done  gpu gm  downsamplebitmap_checkerboard_none_512_256
34.9s	start gpu gm  downsamplebitmap_text_none_72.00pt
35s	done  gpu gm  downsamplebitmap_text_none_72.00pt
35s	start gpu gm  downsamplebitmap_image_low_mandrill_512.png
35.3s	done  gpu gm  downsamplebitmap_image_low_mandrill_512.png
35.3s	start gpu gm  downsamplebitmap_checkerboard_low_512_256
35.4s	done  gpu gm  downsamplebitmap_checkerboard_low_512_256
35.4s	start gpu gm  downsamplebitmap_text_low_72.00pt
35.4s	done  gpu gm  downsamplebitmap_text_low_72.00pt
35.4s	start gpu gm  downsamplebitmap_image_medium_mandrill_512.png
35.7s	done  gpu gm  downsamplebitmap_image_medium_mandrill_512.png
35.7s	start gpu gm  downsamplebitmap_checkerboard_medium_512_256
35.8s	done  gpu gm  downsamplebitmap_checkerboard_medium_512_256
35.8s	start gpu gm  downsamplebitmap_text_medium_72.00pt
35.9s	done  gpu gm  downsamplebitmap_text_medium_72.00pt
35.9s	start gpu gm  downsamplebitmap_image_high_mandrill_512.png
36.2s	done  gpu gm  downsamplebitmap_image_high_mandrill_512.png
36.2s	start gpu gm  downsamplebitmap_checkerboard_high_512_256
36.3s	done  gpu gm  downsamplebitmap_checkerboard_high_512_256
36.3s	start gpu gm  downsamplebitmap_text_high_72.00pt
36.4s	done  gpu gm  downsamplebitmap_text_high_72.00pt
36.4s	start gpu gm  distantclip
36.4s	done  gpu gm  distantclip
36.4s	start gpu gm  displacement
36.4s	done  gpu gm  displacement
36.4s	start gpu gm  discard
36.5s	done  gpu gm  discard
36.5s	start gpu gm  dftext
36.6s	done  gpu gm  dftext
36.6s	start gpu gm  degeneratesegments
36.6s	done  gpu gm  degeneratesegments
36.6s	start gpu gm  deferred_texture_image_medium_decoded_indexed
36.7s	done  gpu gm  deferred_texture_image_medium_decoded_indexed
36.7s	start gpu gm  deferred_texture_image_medium_encoded_indexed
36.7s	done  gpu gm  deferred_texture_image_medium_encoded_indexed
36.7s	start gpu gm  deferred_texture_image_high
36.9s	done  gpu gm  deferred_texture_image_high
36.9s	start gpu gm  deferred_texture_image_medium_decoded
37.1s	done  gpu gm  deferred_texture_image_medium_decoded
37.1s	start gpu gm  deferred_texture_image_medium_encoded
37.3s	done  gpu gm  deferred_texture_image_medium_encoded
37.3s	start gpu gm  deferred_texture_image_low
37.5s	done  gpu gm  deferred_texture_image_low
37.5s	start gpu gm  deferred_texture_image_none
37.6s	done  gpu gm  deferred_texture_image_none
37.6s	start gpu gm  dashing5_bw
37.7s	done  gpu gm  dashing5_bw
37.7s	start gpu gm  dashing5_aa
37.7s	done  gpu gm  dashing5_aa
37.7s	start gpu gm  dashing4
37.8s	done  gpu gm  dashing4
37.8s	start gpu gm  dashing3
37.8s	done  gpu gm  dashing3
37.8s	start gpu gm  dashing2
37.8s	done  gpu gm  dashing2
37.8s	start gpu gm  dashing
37.9s	done  gpu gm  dashing
37.9s	start gpu gm  dashtextcaps
37.9s	done  gpu gm  dashtextcaps
37.9s	start gpu gm  longwavyline
38s	done  gpu gm  longwavyline
38s	start gpu gm  longlinedash
38s	done  gpu gm  longlinedash
38s	start gpu gm  longpathdash
38.2s	done  gpu gm  longpathdash
38.2s	start gpu gm  dashcubics
38.3s	done  gpu gm  dashcubics
38.3s	start gpu gm  dashcircle
38.5s	done  gpu gm  dashcircle
38.5s	start gpu gm  clippedcubic2
38.6s	done  gpu gm  clippedcubic2
38.6s	start gpu gm  clippedcubic
38.6s	done  gpu gm  clippedcubic
38.6s	start gpu gm  cubicclosepath
38.7s	done  gpu gm  cubicclosepath
38.7s	start gpu gm  cubicpath
38.8s	done  gpu gm  cubicpath
38.8s	start gpu gm  bug6083
38.8s	done  gpu gm  bug6083
38.8s	start gpu gm  bug5099
38.8s	done  gpu gm  bug5099
38.8s	start gpu gm  croppedrects
38.8s	done  gpu gm  croppedrects
38.8s	start gpu gm  crbug_691386
38.9s	done  gpu gm  crbug_691386
38.9s	start gpu gm  copyTo4444
39.2s	done  gpu gm  copyTo4444
39.2s	start gpu gm  convex_poly_effect
39.3s	done  gpu gm  convex_poly_effect
39.3s	start gpu gm  convex_poly_clip
39.4s	done  gpu gm  convex_poly_clip
39.4s	start gpu gm  convexpaths
39.5s	done  gpu gm  convexpaths
39.5s	start gpu gm  convex-lineonly-paths-stroke-and-fill
39.5s	done  gpu gm  convex-lineonly-paths-stroke-and-fill
39.5s	start gpu gm  convex-lineonly-paths
39.6s	done  gpu gm  convex-lineonly-paths
39.6s	start gpu gm  const_color_processor
39.6s	done  gpu gm  const_color_processor
39.6s	start gpu gm  crbug_640176
39.7s	done  gpu gm  crbug_640176
39.7s	start gpu gm  largecircle
39.7s	done  gpu gm  largecircle
39.7s	start gpu gm  arccirclegap
39.7s	done  gpu gm  arccirclegap
39.7s	start gpu gm  conicpaths
39.8s	done  gpu gm  conicpaths
39.8s	start gpu gm  concavepaths
39.9s	done  gpu gm  concavepaths
39.9s	start gpu gm  composeshader_bitmap
39.9s	done  gpu gm  composeshader_bitmap
39.9s	start gpu gm  composeshader_alpha
39.9s	done  gpu gm  composeshader_alpha
39.9s	start gpu gm  composeshader
40s	done  gpu gm  composeshader
40s	start gpu gm  composeshader_bitmap2
40s	done  gpu gm  composeshader_bitmap2
40s	start gpu gm  complexclip4_aa
40.1s	done  gpu gm  complexclip4_aa
40.1s	start gpu gm  complexclip4_bw
40.1s	done  gpu gm  complexclip4_bw
40.1s	start gpu gm  complexclip3_complex
40.3s	done  gpu gm  complexclip3_complex
40.3s	start gpu gm  complexclip3_simple
40.4s	done  gpu gm  complexclip3_simple
40.4s	start gpu gm  complexclip2_path_aa
40.4s	done  gpu gm  complexclip2_path_aa
40.4s	start gpu gm  complexclip2_rrect_aa
40.5s	done  gpu gm  complexclip2_rrect_aa
40.5s	start gpu gm  complexclip2_rect_aa
40.5s	done  gpu gm  complexclip2_rect_aa
40.5s	start gpu gm  complexclip2_path_bw
40.6s	done  gpu gm  complexclip2_path_bw
40.6s	start gpu gm  complexclip2_rrect_bw
40.6s	done  gpu gm  complexclip2_rrect_bw
40.6s	start gpu gm  complexclip2
40.6s	done  gpu gm  complexclip2
40.6s	start gpu gm  complexclip_blur_tiled
40.7s	done  gpu gm  complexclip_blur_tiled
40.7s	start gpu gm  complexclip_aa_layer_invert
40.8s	done  gpu gm  complexclip_aa_layer_invert
40.8s	start gpu gm  complexclip_aa_layer
40.9s	done  gpu gm  complexclip_aa_layer
40.9s	start gpu gm  complexclip_aa_invert
41s	done  gpu gm  complexclip_aa_invert
41s	start gpu gm  complexclip_aa
41.1s	done  gpu gm  complexclip_aa
41.1s	start gpu gm  complexclip_bw_layer_invert
41.2s	done  gpu gm  complexclip_bw_layer_invert
41.2s	start gpu gm  complexclip_bw_layer
41.3s	done  gpu gm  complexclip_bw_layer
41.3s	start gpu gm  complexclip_bw_invert
41.4s	done  gpu gm  complexclip_bw_invert
41.4s	start gpu gm  complexclip_bw
41.5s	done  gpu gm  complexclip_bw
41.5s	start gpu gm  colorwheelnative
41.5s	done  gpu gm  colorwheelnative
41.5s	start gpu gm  colorwheel
41.6s	done  gpu gm  colorwheel
41.6s	start gpu gm  colortype_xfermodes
41.6s	done  gpu gm  colortype_xfermodes
41.6s	start gpu gm  colortype
41.7s	done  gpu gm  colortype
41.7s	start gpu gm  colorspacexform
41.7s	done  gpu gm  colorspacexform
41.7s	start gpu gm  colormatrix
41.7s	done  gpu gm  colormatrix
41.7s	start gpu gm  lightingcolorfilter
41.8s	done  gpu gm  lightingcolorfilter
41.8s	start gpu gm  colorfiltershader
41.8s	done  gpu gm  colorfiltershader
41.8s	start gpu gm  colorfilterimagefilter_layer
41.8s	done  gpu gm  colorfilterimagefilter_layer
41.8s	start gpu gm  colorfilterimagefilter
41.9s	done  gpu gm  colorfilterimagefilter
41.9s	start gpu gm  colorfilteralpha8
41.9s	done  gpu gm  colorfilteralpha8
41.9s	start gpu gm  coloremoji
42s	done  gpu gm  coloremoji
42s	start gpu gm  color4shader
42s	done  gpu gm  color4shader
42s	start gpu gm  color4f
42s	done  gpu gm  color4f
42s	start gpu gm  clipped-bitmap-shaders-clamp-hq
42.1s	done  gpu gm  clipped-bitmap-shaders-clamp-hq
42.1s	start gpu gm  clipped-bitmap-shaders-mirror-hq
42.1s	done  gpu gm  clipped-bitmap-shaders-mirror-hq
42.1s	start gpu gm  clipped-bitmap-shaders-tile-hq
42.1s	done  gpu gm  clipped-bitmap-shaders-tile-hq
42.1s	start gpu gm  clipped-bitmap-shaders-clamp
42.1s	done  gpu gm  clipped-bitmap-shaders-clamp
42.1s	start gpu gm  clipped-bitmap-shaders-mirror
42.2s	done  gpu gm  clipped-bitmap-shaders-mirror
42.2s	start gpu gm  clipped-bitmap-shaders-tile
42.2s	done  gpu gm  clipped-bitmap-shaders-tile
42.2s	start gpu gm  clip_region
42.2s	done  gpu gm  clip_region
42.2s	start gpu gm  clipdrawdraw
42.2s	done  gpu gm  clipdrawdraw
42.2s	start gpu gm  clip_strokerect
42.3s	done  gpu gm  clip_strokerect
42.3s	start gpu gm  cliperror
42.4s	done  gpu gm  cliperror
42.4s	start gpu gm  circular-clips
42.5s	done  gpu gm  circular-clips
42.5s	start gpu gm  onebadarc
42.5s	done  gpu gm  onebadarc
42.5s	start gpu gm  circular_arcs_weird
42.5s	done  gpu gm  circular_arcs_weird
42.5s	start gpu gm  circular_arcs_stroke_and_fill_round
42.7s	done  gpu gm  circular_arcs_stroke_and_fill_round
42.7s	start gpu gm  circular_arcs_stroke_and_fill_square
42.8s	done  gpu gm  circular_arcs_stroke_and_fill_square
42.8s	start gpu gm  circular_arcs_stroke_and_fill_butt
42.9s	done  gpu gm  circular_arcs_stroke_and_fill_butt
42.9s	start gpu gm  circular_arcs_stroke_round
43.1s	done  gpu gm  circular_arcs_stroke_round
43.1s	start gpu gm  circular_arcs_stroke_square
43.2s	done  gpu gm  circular_arcs_stroke_square
43.2s	start gpu gm  circular_arcs_stroke_butt
43.3s	done  gpu gm  circular_arcs_stroke_butt
43.3s	start gpu gm  circular_arcs_hairline
43.4s	done  gpu gm  circular_arcs_hairline
43.4s	start gpu gm  circular_arcs_fill
43.5s	done  gpu gm  circular_arcs_fill
43.5s	start gpu gm  circles
43.6s	done  gpu gm  circles
43.6s	start gpu gm  c_gms
43.6s	done  gpu gm  c_gms
43.6s	start gpu gm  bug615686
43.6s	done  gpu gm  bug615686
43.6s	start gpu gm  bug591993
43.6s	done  gpu gm  bug591993
43.6s	start gpu gm  bug530095
43.7s	done  gpu gm  bug530095
43.7s	start gpu gm  bug5252
43.8s	done  gpu gm  bug5252
43.8s	start gpu gm  bmp_filter_quality_repeat
43.8s	done  gpu gm  bmp_filter_quality_repeat
43.8s	start gpu gm  blur2rectsnonninepatch
43.8s	done  gpu gm  blur2rectsnonninepatch
43.8s	start gpu gm  blur2rects
43.9s	done  gpu gm  blur2rects
43.9s	start gpu gm  blurs
43.9s	done  gpu gm  blurs
43.9s	start gpu gm  simpleblurroundrect
44s	done  gpu gm  simpleblurroundrect
44s	start gpu gm  blurroundrect-WH-100x100-unevenCorners
44s	done  gpu gm  blurroundrect-WH-100x100-unevenCorners
44s	start gpu gm  blurredclippedcircle
44.1s	done  gpu gm  blurredclippedcircle
44.1s	start gpu gm  blurrects
44.2s	done  gpu gm  blurrects
44.2s	start gpu gm  blurrect_gallery
44.3s	done  gpu gm  blurrect_gallery
44.3s	start gpu gm  blurquickreject
44.3s	done  gpu gm  blurquickreject
44.3s	start gpu gm  blurcircles2
44.5s	done  gpu gm  blurcircles2
44.5s	start gpu gm  blurcircles
44.6s	done  gpu gm  blurcircles
44.6s	start gpu gm  blend
44.6s	done  gpu gm  blend
44.6s	start gpu gm  bleed_downscale
44.6s	done  gpu gm  bleed_downscale
44.6s	start gpu gm  bleed_alpha_image_shader
44.9s	done  gpu gm  bleed_alpha_image_shader
44.9s	start gpu gm  bleed_alpha_bmp_shader
45.1s	done  gpu gm  bleed_alpha_bmp_shader
45.1s	start gpu gm  bleed_alpha_image
45.2s	
45.2s elapsed, 1 active, 60 queued, 138MB RAM, 299MB peak
45.2s		gpu gm  bleed_alpha_image
45.3s	done  gpu gm  bleed_alpha_image
45.3s	start gpu gm  bleed_alpha_bmp
45.5s	done  gpu gm  bleed_alpha_bmp
45.5s	start gpu gm  bleed_image
45.7s	done  gpu gm  bleed_image
45.7s	start gpu gm  bleed
45.9s	done  gpu gm  bleed
45.9s	start gpu gm  bitmaptiled_fractional_vertical
46s	done  gpu gm  bitmaptiled_fractional_vertical
46s	start gpu gm  bitmaptiled_fractional_horizontal
46.1s	done  gpu gm  bitmaptiled_fractional_horizontal
46.1s	start gpu gm  bitmapshaders
46.1s	done  gpu gm  bitmapshaders
46.1s	start gpu gm  bitmaprecttest
46.1s	done  gpu gm  bitmaprecttest
46.1s	start gpu gm  bigbitmaprect_i
46.3s	done  gpu gm  bigbitmaprect_i
46.3s	start gpu gm  bigbitmaprect_s
46.5s	done  gpu gm  bigbitmaprect_s
46.5s	start gpu gm  3x3bitmaprect
46.6s	done  gpu gm  3x3bitmaprect
46.6s	start gpu gm  bitmaprect_i
46.6s	done  gpu gm  bitmaprect_i
46.6s	start gpu gm  bitmaprect_s
46.6s	done  gpu gm  bitmaprect_s
46.6s	start gpu gm  bitmaprect_rounding
46.7s	done  gpu gm  bitmaprect_rounding
46.7s	start gpu gm  bitmap_premul
46.7s	done  gpu gm  bitmap_premul
46.7s	start gpu gm  bitmap-image-srgb-legacy
47.1s	done  gpu gm  bitmap-image-srgb-legacy
47.1s	start gpu gm  extractalpha
47.1s	done  gpu gm  extractalpha
47.1s	start gpu gm  bitmapfilters
47.2s	done  gpu gm  bitmapfilters
47.2s	start gpu gm  bitmapcopy
47.2s	done  gpu gm  bitmapcopy
47.2s	start gpu gm  bigtileimagefilter
47.2s	done  gpu gm  bigtileimagefilter
47.2s	start gpu gm  bigtext
47.3s	done  gpu gm  bigtext
47.3s	start gpu gm  big_rrect_elliptical_corner_aa_effect
47.4s	done  gpu gm  big_rrect_elliptical_corner_aa_effect
47.4s	start gpu gm  big_rrect_circular_corner_aa_effect
47.5s	done  gpu gm  big_rrect_circular_corner_aa_effect
47.5s	start gpu gm  big_rrect_ellipse_aa_effect
47.5s	done  gpu gm  big_rrect_ellipse_aa_effect
47.5s	start gpu gm  big_rrect_circle_aa_effect
47.6s	done  gpu gm  big_rrect_circle_aa_effect
47.6s	start gpu gm  big_rrect_rect_aa_effect
47.7s	done  gpu gm  big_rrect_rect_aa_effect
47.7s	start gpu gm  bigmatrix
47.7s	done  gpu gm  bigmatrix
47.7s	start gpu gm  bigblurs
47.8s	done  gpu gm  bigblurs
47.8s	start gpu gm  beziers
47.8s	done  gpu gm  beziers
47.8s	start gpu gm  bezier_quad_effects
47.9s	done  gpu gm  bezier_quad_effects
47.9s	start gpu gm  bezier_conic_effects
47.9s	done  gpu gm  bezier_conic_effects
47.9s	start gpu gm  bezier_cubic_effects
48s	done  gpu gm  bezier_cubic_effects
48s	start gpu gm  badpaint
48s	done  gpu gm  badpaint
48s	start gpu gm  arithmode
48.1s	done  gpu gm  arithmode
48.1s	start gpu gm  bug583299
48.1s	done  gpu gm  bug583299
48.1s	start gpu gm  bug593049
48.1s	done  gpu gm  bug593049
48.1s	start gpu gm  parsedpaths
48.2s	done  gpu gm  parsedpaths
48.2s	start gpu gm  arcto
48.3s	done  gpu gm  arcto
48.3s	start gpu gm  arcofzorro
48.4s	done  gpu gm  arcofzorro
48.4s	start gpu gm  annotated_text
48.4s	done  gpu gm  annotated_text
48.4s	start gpu gm  anisotropic_hq
48.6s	done  gpu gm  anisotropic_hq
48.6s	start gpu gm  animated-image-blurs
48.7s	done  gpu gm  animated-image-blurs
48.7s	start gpu gm  animatedGif
49s	done  gpu gm  animatedGif
49s	start gpu gm  alphagradients
49s	done  gpu gm  alphagradients
49s	start gpu gm  all_variants_8888
49.1s	done  gpu gm  all_variants_8888
49.1s	start gpu gm  not_native32_bitmap_config
49.1s	done  gpu gm  not_native32_bitmap_config
49.1s	start gpu gm  all_bitmap_configs
49.1s	done  gpu gm  all_bitmap_configs
49.1s	start gpu gm  tinyanglearcs
49.1s	done  gpu gm  tinyanglearcs
49.1s	start gpu gm  manyarcs
49.2s	done  gpu gm  manyarcs
49.2s	start gpu gm  fillcircle
49.2s	done  gpu gm  fillcircle
49.2s	start gpu gm  strokecircle
49.3s	done  gpu gm  strokecircle
49.3s	start gpu gm  addarc_meas
49.3s	done  gpu gm  addarc_meas
49.3s	start gpu gm  addarc
49.5s	done  gpu gm  addarc
49.5s	start gpu gm  aaxfermodes
49.5s	done  gpu gm  aaxfermodes
49.5s	start gpu gm  aarectmodes
49.6s	done  gpu gm  aarectmodes
49.6s	start gpu gm  clipcubic
49.6s	done  gpu gm  clipcubic
49.6s	start gpu gm  aaclip
49.6s	done  gpu gm  aaclip
49.6s	start gpu gm  dont_clip_to_layer
49.6s	done  gpu gm  dont_clip_to_layer
49.6s	start gpu gm  analytic_antialias_inverse
49.7s	done  gpu gm  analytic_antialias_inverse
49.7s	start gpu gm  analytic_antialias_general
49.8s	done  gpu gm  analytic_antialias_general
49.8s	start gpu gm  analytic_antialias_convex
49.8s	done  gpu gm  analytic_antialias_convex
49.8s	
49.8s elapsed, 0 active, 0 queued, 153MB RAM, 299MB peak
