157ms	614 srcs * 1 sinks + 0 tests == 614 tasks157ms	
157ms elapsed, 0 active, 614 queued, 28MB RAM, 28MB peak
158ms	start glinst gm  yuv_nv12_to_rgb_effect
172ms	done  glinst gm  yuv_nv12_to_rgb_effect
172ms	start glinst gm  yuv_to_rgb_effect
196ms	done  glinst gm  yuv_to_rgb_effect
196ms	start glinst gm  xfermodes3
335ms	done  glinst gm  xfermodes3
335ms	start glinst gm  xfermodes2
400ms	done  glinst gm  xfermodes2
400ms	start glinst gm  xfermodes
516ms	done  glinst gm  xfermodes
516ms	start glinst gm  xfermodeimagefilter
590ms	done  glinst gm  xfermodeimagefilter
590ms	start glinst gm  windowrectangles_mask
706ms	done  glinst gm  windowrectangles_mask
706ms	start glinst gm  windowrectangles
765ms	done  glinst gm  windowrectangles
765ms	start glinst gm  verylarge_picture_image
1.31s	done  glinst gm  verylarge_picture_image
1.31s	start glinst gm  verylargebitmap
1.67s	done  glinst gm  verylargebitmap
1.67s	start glinst gm  verttext2
1.72s	done  glinst gm  verttext2
1.72s	start glinst gm  verttext
1.76s	done  glinst gm  verttext
1.76s	start glinst gm  vertices_batching
1.78s	done  glinst gm  vertices_batching
1.78s	start glinst gm  vertices_scaled_shader
2.03s	done  glinst gm  vertices_scaled_shader
2.03s	start glinst gm  vertices
2.29s	done  glinst gm  vertices
2.29s	start glinst gm  vertices_object
2.56s	done  glinst gm  vertices_object
2.56s	start glinst gm  varied_text_clipped_lcd
2.61s	done  glinst gm  varied_text_clipped_lcd
2.61s	start glinst gm  varied_text_ignorable_clip_lcd
2.66s	done  glinst gm  varied_text_ignorable_clip_lcd
2.66s	start glinst gm  varied_text_clipped_no_lcd
2.71s	done  glinst gm  varied_text_clipped_no_lcd
2.71s	start glinst gm  varied_text_ignorable_clip_no_lcd
2.76s	done  glinst gm  varied_text_ignorable_clip_no_lcd
2.76s	start glinst gm  typefacerendering_pfb
2.82s	done  glinst gm  typefacerendering_pfb
2.82s	start glinst gm  typefacerendering_pfa
2.89s	done  glinst gm  typefacerendering_pfa
2.89s	start glinst gm  typefacerendering
2.96s	done  glinst gm  typefacerendering
2.96s	start glinst gm  typefacestyles_kerning
3.03s	done  glinst gm  typefacestyles_kerning
3.03s	start glinst gm  typefacestyles
3.1s	done  glinst gm  typefacestyles
3.1s	start glinst gm  transparency_check
3.25s	done  glinst gm  transparency_check
3.25s	start glinst gm  tinybitmap
3.26s	done  glinst gm  tinybitmap
3.26s	start glinst gm  scaled_tilemode_gradient
3.31s	done  glinst gm  scaled_tilemode_gradient
3.31s	start glinst gm  scaled_tilemode_bitmap
3.36s	done  glinst gm  scaled_tilemode_bitmap
3.36s	start glinst gm  scaled_tilemodes_npot
3.47s	done  glinst gm  scaled_tilemodes_npot
3.47s	start glinst gm  scaled_tilemodes
3.59s	done  glinst gm  scaled_tilemodes
3.59s	start glinst gm  tilemode_gradient
3.65s	done  glinst gm  tilemode_gradient
3.65s	start glinst gm  tilemode_bitmap
3.71s	done  glinst gm  tilemode_bitmap
3.71s	start glinst gm  tilemodes_npot
3.82s	done  glinst gm  tilemodes_npot
3.82s	start glinst gm  tilemodes
3.94s	done  glinst gm  tilemodes
3.94s	start glinst gm  tileimagefilter
4s	done  glinst gm  tileimagefilter
4s	start glinst gm  tiledscaledbitmap
4.06s	done  glinst gm  tiledscaledbitmap
4.06s	start glinst gm  thinstrokedrects
4.1s	done  glinst gm  thinstrokedrects
4.1s	start glinst gm  thinrects
4.12s	done  glinst gm  thinrects
4.12s	start glinst gm  thinconcavepaths
4.17s	done  glinst gm  thinconcavepaths
4.17s	start glinst gm  texture_domain_effect
4.23s	done  glinst gm  texture_domain_effect
4.23s	start glinst gm  fancyunderlinebars
4.31s	done  glinst gm  fancyunderlinebars
4.31s	start glinst gm  fancyblobunderline
4.51s	done  glinst gm  fancyblobunderline
4.51s	start glinst gm  fancyposunderline
4.65s	done  glinst gm  fancyposunderline
4.65s	start glinst gm  fancyunderline
4.79s	done  glinst gm  fancyunderline
4.79s	start glinst gm  texteffects
4.85s	done  glinst gm  texteffects
4.85s	start glinst gm  textblobuseaftergpufree
4.87s	done  glinst gm  textblobuseaftergpufree
4.87s	start glinst gm  textblobtransforms
5s	done  glinst gm  textblobtransforms
5s	start glinst gm  textblobshader
5.05s	done  glinst gm  textblobshader
5.05s	start glinst gm  textblobrandomfont
5.36s	done  glinst gm  textblobrandomfont
5.36s	start glinst gm  textblobmixedsizes_df
5.66s	done  glinst gm  textblobmixedsizes_df
5.66s	start glinst gm  textblobmixedsizes
5.98s	done  glinst gm  textblobmixedsizes
5.98s	start glinst gm  textbloblooper
6.1s	done  glinst gm  textbloblooper
6.1s	start glinst gm  textblobgeometrychange
6.12s	done  glinst gm  textblobgeometrychange
6.12s	start glinst gm  textblobcolortrans
6.21s	done  glinst gm  textblobcolortrans
6.21s	start glinst gm  textblobblockreordering
6.23s	done  glinst gm  textblobblockreordering
6.23s	start glinst gm  textblob
6.27s	done  glinst gm  textblob
6.27s	start glinst gm  texdata
6.34s	done  glinst gm  texdata
6.34s	start glinst gm  testgradient
6.43s	done  glinst gm  testgradient
6.43s	start glinst gm  tall_stretched_bitmaps
6.54s	done  glinst gm  tall_stretched_bitmaps
6.54s	start glinst gm  colorcomposefilter_alpha
6.65s	done  glinst gm  colorcomposefilter_alpha
6.65s	start glinst gm  colorcomposefilter_wacky
6.76s	done  glinst gm  colorcomposefilter_wacky
6.76s	start glinst gm  tablecolorfilter
6.85s	done  glinst gm  tablecolorfilter
6.85s	start glinst gm  surfacenew
6.87s	done  glinst gm  surfacenew
6.87s	start glinst gm  surfaceprops
6.9s	done  glinst gm  surfaceprops
6.9s	start glinst gm  bitmap_subset_shader
6.92s	done  glinst gm  bitmap_subset_shader
6.92s	start glinst gm  stroketext
6.99s	done  glinst gm  stroketext
6.99s	start glinst gm  teenyStrokes
7.06s	done  glinst gm  teenyStrokes
7.06s	start glinst gm  zeroPath
7.12s	done  glinst gm  zeroPath
7.12s	start glinst gm  zero_control_stroke
7.16s	done  glinst gm  zero_control_stroke
7.16s	start glinst gm  strokes_zoomed
7.22s	done  glinst gm  strokes_zoomed
7.22s	start glinst gm  strokes3
7.45s	done  glinst gm  strokes3
7.45s	start glinst gm  strokes_poly
7.51s	done  glinst gm  strokes_poly
7.51s	start glinst gm  strokes_round
7.58s	done  glinst gm  strokes_round
7.58s	start glinst gm  quadcap
7.59s	done  glinst gm  quadcap
7.59s	start glinst gm  zerolinestroke
7.61s	done  glinst gm  zerolinestroke
7.61s	start glinst gm  CubicStroke
7.64s	done  glinst gm  CubicStroke
7.64s	start glinst gm  strokerects
7.71s	done  glinst gm  strokerects
7.71s	start glinst gm  strokerect_anisotropic_5408
7.72s	done  glinst gm  strokerect_anisotropic_5408
7.72s	start glinst gm  strokerect
7.84s	done  glinst gm  strokerect
7.84s	start glinst gm  bug339297
7.89s	done  glinst gm  bug339297
7.89s	start glinst gm  stroke-fill
7.95s	done  glinst gm  stroke-fill
7.95s	start glinst gm  strokedlines
8.05s	done  glinst gm  strokedlines
8.05s	start glinst gm  stroke_rect_shader
8.09s	done  glinst gm  stroke_rect_shader
8.09s	start glinst gm  stringart
8.12s	done  glinst gm  stringart
8.12s	start glinst gm  stlouisarch
8.15s	done  glinst gm  stlouisarch
8.15s	start glinst gm  srcmode
8.23s	done  glinst gm  srcmode
8.23s	start glinst gm  spritebitmap
8.28s	done  glinst gm  spritebitmap
8.28s	start glinst gm  smallpaths
8.33s	done  glinst gm  smallpaths
8.33s	start glinst gm  small_image
8.35s	done  glinst gm  small_image
8.35s	start glinst gm  smallarc
8.42s	done  glinst gm  smallarc
8.42s	start glinst gm  linear_pipeline
8.57s	done  glinst gm  linear_pipeline
8.57s	start glinst gm  skbug1719
8.59s	done  glinst gm  skbug1719
8.59s	start glinst gm  skbug_5321
8.61s	done  glinst gm  skbug_5321
8.61s	start glinst gm  skbug_4868
8.62s	done  glinst gm  skbug_4868
8.62s	start glinst gm  skbug_257
8.68s	done  glinst gm  skbug_257
8.68s	start glinst gm  simplerect
8.75s	done  glinst gm  simplerect
8.75s	start glinst gm  simple-magnification
8.77s	done  glinst gm  simple-magnification
8.77s	start glinst gm  simpleaaclip_aaclip
8.82s	done  glinst gm  simpleaaclip_aaclip
8.82s	start glinst gm  simpleaaclip_path
8.86s	done  glinst gm  simpleaaclip_path
8.86s	start glinst gm  simpleaaclip_rect
8.92s	done  glinst gm  simpleaaclip_rect
8.92s	start glinst gm  showmiplevels2_256x256
9.02s	done  glinst gm  showmiplevels2_256x256
9.02s	start glinst gm  showmiplevels2_255x256
9.13s	done  glinst gm  showmiplevels2_255x256
9.13s	start glinst gm  showmiplevels2_256x255
9.23s	done  glinst gm  showmiplevels2_256x255
9.23s	start glinst gm  showmiplevels2_255x255
9.32s	done  glinst gm  showmiplevels2_255x255
9.32s	start glinst gm  showmiplevels_256
9.42s	done  glinst gm  showmiplevels_256
9.42s	start glinst gm  showmiplevels_255
9.52s	done  glinst gm  showmiplevels_255
9.52s	start glinst gm  innershapes_bw
9.56s	done  glinst gm  innershapes_bw
9.56s	start glinst gm  innershapes
9.6s	done  glinst gm  innershapes
9.6s	start glinst gm  simpleshapes_bw
9.64s	done  glinst gm  simpleshapes_bw
9.64s	start glinst gm  simpleshapes
9.68s	done  glinst gm  simpleshapes
9.68s	start glinst gm  shallow_gradient_sweep_nodither
9.76s	done  glinst gm  shallow_gradient_sweep_nodither
9.76s	start glinst gm  shallow_gradient_conical_nodither
9.83s	done  glinst gm  shallow_gradient_conical_nodither
9.83s	start glinst gm  shallow_gradient_radial_nodither
9.91s	done  glinst gm  shallow_gradient_radial_nodither
9.91s	start glinst gm  shallow_gradient_linear_nodither
9.98s	done  glinst gm  shallow_gradient_linear_nodither
9.98s	start glinst gm  shallow_gradient_sweep
10.1s	done  glinst gm  shallow_gradient_sweep
10.1s	start glinst gm  shallow_gradient_conical
10.1s	done  glinst gm  shallow_gradient_conical
10.1s	start glinst gm  shallow_gradient_radial
10.2s	done  glinst gm  shallow_gradient_radial
10.2s	start glinst gm  shallow_gradient_linear
10.4s	done  glinst gm  shallow_gradient_linear
10.4s	start glinst gm  shadow_utils
10.5s	done  glinst gm  shadow_utils
10.5s	start glinst gm  shadows
10.5s	done  glinst gm  shadows
10.5s	start glinst gm  shadertext3
10.6s	done  glinst gm  shadertext3
10.6s	start glinst gm  shadertext2
10.8s	done  glinst gm  shadertext2
10.8s	start glinst gm  shadertext
10.9s	done  glinst gm  shadertext
10.9s	start glinst gm  shaderbounds_linear
10.9s	done  glinst gm  shaderbounds_linear
10.9s	start glinst gm  scaledstrokes
11s	done  glinst gm  scaledstrokes
11s	start glinst gm  savelayer_clipped
11.1s	done  glinst gm  savelayer_clipped
11.1s	start glinst gm  savelayer_unclipped
11.2s	done  glinst gm  savelayer_unclipped
11.2s	start glinst gm  picture_savelayer
11.2s	done  glinst gm  picture_savelayer
11.2s	start glinst gm  gpusamplerstress
11.3s	done  glinst gm  gpusamplerstress
11.3s	start glinst gm  rrect_effect
11.3s	done  glinst gm  rrect_effect
11.3s	start glinst gm  rrect_clip_bw
11.4s	done  glinst gm  rrect_clip_bw
11.4s	start glinst gm  rrect_clip_aa
11.4s	done  glinst gm  rrect_clip_aa
11.4s	start glinst gm  rrect_draw_bw
11.5s	done  glinst gm  rrect_draw_bw
11.5s	start glinst gm  rrect_draw_aa
11.5s	done  glinst gm  rrect_draw_aa
11.5s	start glinst gm  rrect_clip_draw_paint
11.5s	done  glinst gm  rrect_clip_draw_paint
11.5s	start glinst gm  rrect
11.6s	done  glinst gm  rrect
11.6s	start glinst gm  roundrects
11.7s	done  glinst gm  roundrects
11.7s	start glinst gm  reveal
11.8s	done  glinst gm  reveal
11.8s	start glinst gm  resizeimagefilter
11.8s	done  glinst gm  resizeimagefilter
11.8s	start glinst gm  repeated_bitmap_jpg
11.9s	done  glinst gm  repeated_bitmap_jpg
11.9s	start glinst gm  repeated_bitmap
11.9s	done  glinst gm  repeated_bitmap
11.9s	start glinst gm  rects
12s	done  glinst gm  rects
12s	start glinst gm  rectangle_texture
12.1s	done  glinst gm  rectangle_texture
12.1s	start glinst gm  recordopts
12.1s	done  glinst gm  recordopts
12.1s	start glinst gm  readpixelspicture
12.1s	done  glinst gm  readpixelspicture
12.1s	start glinst gm  readpixelscodec
12.1s	done  glinst gm  readpixelscodec
12.1s	start glinst gm  readpixels
12.2s	done  glinst gm  readpixels
12.2s	start glinst gm  quadclosepath
12.3s	done  glinst gm  quadclosepath
12.3s	start glinst gm  quadpath
12.4s	done  glinst gm  quadpath
12.4s	start glinst gm  polygons
12.6s	done  glinst gm  polygons
12.6s	start glinst gm  poly2poly
12.7s	done  glinst gm  poly2poly
12.7s	start glinst gm  points
12.7s	done  glinst gm  points
12.7s	start glinst gm  PlusMergesAA
12.8s	done  glinst gm  PlusMergesAA
12.8s	start glinst gm  pixel_snap_combo
12.8s	done  glinst gm  pixel_snap_combo
12.8s	start glinst gm  pixel_snap_rect
12.9s	done  glinst gm  pixel_snap_rect
12.9s	start glinst gm  pixel_snap_line
13s	done  glinst gm  pixel_snap_line
13s	start glinst gm  pixel_snap_point
13s	done  glinst gm  pixel_snap_point
13s	start glinst gm  pictureshadertile
13.1s	done  glinst gm  pictureshadertile
13.1s	start glinst gm  tiled_picture_shader
13.2s	done  glinst gm  tiled_picture_shader
13.2s	start glinst gm  pictureshader
13.5s	done  glinst gm  pictureshader
13.5s	start glinst gm  pictureimagegenerator
13.6s	done  glinst gm  pictureimagegenerator
13.6s	start glinst gm  pictureimagefilter
13.6s	done  glinst gm  pictureimagefilter
13.6s	start glinst gm  pictures
13.7s	done  glinst gm  pictures
13.7s	start glinst gm  persp_shaders_bw
13.7s	done  glinst gm  persp_shaders_bw
13.7s	start glinst gm  persp_shaders_aa
13.7s	done  glinst gm  persp_shaders_aa
13.7s	start glinst gm  perlinnoise_localmatrix
13.8s	done  glinst gm  perlinnoise_localmatrix
13.8s	start glinst gm  perlinnoise
13.8s	done  glinst gm  perlinnoise
13.8s	start glinst gm  pdf_never_embed
13.8s	done  glinst gm  pdf_never_embed
13.8s	start glinst gm  path-reverse
13.9s	done  glinst gm  path-reverse
13.9s	start glinst gm  pathopsskpclip
14s	done  glinst gm  pathopsskpclip
14s	start glinst gm  pathopsinverse
14.2s	done  glinst gm  pathopsinverse
14.2s	start glinst gm  path_mask_cache
14.2s	done  glinst gm  path_mask_cache
14.2s	start glinst gm  pathinterior
14.3s	done  glinst gm  pathinterior
14.3s	start glinst gm  pathinvfill
14.4s	done  glinst gm  pathinvfill
14.4s	start glinst gm  pathfill
14.4s	done  glinst gm  pathfill
14.4s	start glinst gm  rotatedcubicpath
14.4s	done  glinst gm  rotatedcubicpath
14.4s	start glinst gm  patheffect
14.5s	done  glinst gm  patheffect
14.5s	start glinst gm  contour_start
14.7s	done  glinst gm  contour_start
14.7s	start glinst gm  path_stroke_with_zero_length
14.9s	done  glinst gm  path_stroke_with_zero_length
14.9s	start glinst gm  patch_grid
15s	done  glinst gm  patch_grid
15s	start glinst gm  patch_primitive
15.2s	
15.2s elapsed, 1 active, 432 queued, 147MB RAM, 295MB peak
15.2s		glinst gm  patch_primitive
15.2s	done  glinst gm  patch_primitive
15.2s	start glinst gm  OverStroke
15.3s	done  glinst gm  OverStroke
15.3s	start glinst gm  overdrawcolorfilter
15.3s	done  glinst gm  overdrawcolorfilter
15.3s	start glinst gm  ovals
15.5s	done  glinst gm  ovals
15.5s	start glinst gm  simple-offsetimagefilter
15.5s	done  glinst gm  simple-offsetimagefilter
15.5s	start glinst gm  offsetimagefilter
15.5s	done  glinst gm  offsetimagefilter
15.5s	start glinst gm  occludedrrectblur
15.6s	done  glinst gm  occludedrrectblur
15.6s	start glinst gm  nonclosedpaths
15.8s	done  glinst gm  nonclosedpaths
15.8s	start glinst gm  ninepatch-stretch
15.9s	done  glinst gm  ninepatch-stretch
15.9s	start glinst gm  nested_flipY_bw
15.9s	done  glinst gm  nested_flipY_bw
15.9s	start glinst gm  nested_flipY_aa
15.9s	done  glinst gm  nested_flipY_aa
15.9s	start glinst gm  nested_bw
15.9s	done  glinst gm  nested_bw
15.9s	start glinst gm  nested_aa
16s	done  glinst gm  nested_aa
16s	start glinst gm  multipicturedraw_biglayer_tiled
16s	done  glinst gm  multipicturedraw_biglayer_tiled
16s	start glinst gm  multipicturedraw_sierpinski_tiled
16.1s	done  glinst gm  multipicturedraw_sierpinski_tiled
16.1s	start glinst gm  multipicturedraw_invpathclip_tiled
16.2s	done  glinst gm  multipicturedraw_invpathclip_tiled
16.2s	start glinst gm  multipicturedraw_pathclip_tiled
16.2s	done  glinst gm  multipicturedraw_pathclip_tiled
16.2s	start glinst gm  multipicturedraw_rrectclip_tiled
16.3s	done  glinst gm  multipicturedraw_rrectclip_tiled
16.3s	start glinst gm  multipicturedraw_rectclip_tiled
16.3s	done  glinst gm  multipicturedraw_rectclip_tiled
16.3s	start glinst gm  multipicturedraw_noclip_tiled
16.4s	done  glinst gm  multipicturedraw_noclip_tiled
16.4s	start glinst gm  multipicturedraw_biglayer_simple
16.4s	done  glinst gm  multipicturedraw_biglayer_simple
16.4s	start glinst gm  multipicturedraw_sierpinski_simple
16.5s	done  glinst gm  multipicturedraw_sierpinski_simple
16.5s	start glinst gm  multipicturedraw_invpathclip_simple
16.5s	done  glinst gm  multipicturedraw_invpathclip_simple
16.5s	start glinst gm  multipicturedraw_pathclip_simple
16.6s	done  glinst gm  multipicturedraw_pathclip_simple
16.6s	start glinst gm  multipicturedraw_rrectclip_simple
16.6s	done  glinst gm  multipicturedraw_rrectclip_simple
16.6s	start glinst gm  multipicturedraw_rectclip_simple
16.7s	done  glinst gm  multipicturedraw_rectclip_simple
16.7s	start glinst gm  multipicturedraw_noclip_simple
16.7s	done  glinst gm  multipicturedraw_noclip_simple
16.7s	start glinst gm  morphology
16.8s	done  glinst gm  morphology
16.8s	start glinst gm  modecolorfilters
16.9s	done  glinst gm  modecolorfilters
16.9s	start glinst gm  mixedtextblobs
17s	done  glinst gm  mixedtextblobs
17s	start glinst gm  mipmap_gray8_srgb
17s	done  glinst gm  mipmap_gray8_srgb
17s	start glinst gm  mipmap_srgb
17.1s	done  glinst gm  mipmap_srgb
17.1s	start glinst gm  mipmap
17.1s	done  glinst gm  mipmap
17.1s	start glinst gm  megalooper_1x4
17.2s	done  glinst gm  megalooper_1x4
17.2s	start glinst gm  megalooper_4x1
17.2s	done  glinst gm  megalooper_4x1
17.2s	start glinst gm  megalooper_0x0
17.3s	done  glinst gm  megalooper_0x0
17.3s	start glinst gm  matriximagefilter
17.4s	done  glinst gm  matriximagefilter
17.4s	start glinst gm  matrixconvolution_color
17.4s	done  glinst gm  matrixconvolution_color
17.4s	start glinst gm  matrixconvolution
17.5s	done  glinst gm  matrixconvolution
17.5s	start glinst gm  manyrrects
17.5s	done  glinst gm  manyrrects
17.5s	start glinst gm  manycircles
17.6s	done  glinst gm  manycircles
17.6s	start glinst gm  lumafilter
17.6s	done  glinst gm  lumafilter
17.6s	start glinst gm  localmatriximagefilter
17.7s	done  glinst gm  localmatriximagefilter
17.7s	start glinst gm  lineclosepath
17.8s	done  glinst gm  lineclosepath
17.8s	start glinst gm  linepath
17.9s	done  glinst gm  linepath
17.9s	start glinst gm  lightingshaderbevel
18s	done  glinst gm  lightingshaderbevel
18s	start glinst gm  lightingshader2
18.1s	done  glinst gm  lightingshader2
18.1s	start glinst gm  lightingshader
18.1s	done  glinst gm  lightingshader
18.1s	start glinst gm  lighting
18.3s	done  glinst gm  lighting
18.3s	start glinst gm  savelayer_lcdtext
18.4s	done  glinst gm  savelayer_lcdtext
18.4s	start glinst gm  lcdtextsize
18.4s	done  glinst gm  lcdtextsize
18.4s	start glinst gm  lcdtext
18.5s	done  glinst gm  lcdtext
18.5s	start glinst gm  lcdoverlap
18.6s	done  glinst gm  lcdoverlap
18.6s	start glinst gm  lcdblendmodes
18.7s	done  glinst gm  lcdblendmodes
18.7s	start glinst gm  lattice
18.8s	done  glinst gm  lattice
18.8s	start glinst gm  largeglyphblur
19s	done  glinst gm  largeglyphblur
19s	start glinst gm  inverse_paths
19.1s	done  glinst gm  inverse_paths
19.1s	start glinst gm  internal_links
19.2s	done  glinst gm  internal_links
19.2s	start glinst gm  image_to_yuv_planes
19.2s	done  glinst gm  image_to_yuv_planes
19.2s	start glinst gm  imagesrc2_high
19.2s	done  glinst gm  imagesrc2_high
19.2s	start glinst gm  imagesrc2_med
19.3s	done  glinst gm  imagesrc2_med
19.3s	start glinst gm  imagesrc2_low
19.3s	done  glinst gm  imagesrc2_low
19.3s	start glinst gm  imagesrc2_none
19.3s	done  glinst gm  imagesrc2_none
19.3s	start glinst gm  imagesource
19.3s	done  glinst gm  imagesource
19.3s	start glinst gm  image_scale_aligned
19.4s	done  glinst gm  image_scale_aligned
19.4s	start glinst gm  imageresizetiled
19.5s	done  glinst gm  imageresizetiled
19.5s	start glinst gm  imagemasksubset
19.5s	done  glinst gm  imagemasksubset
19.5s	start glinst gm  imagemakewithfilter
19.6s	done  glinst gm  imagemakewithfilter
19.6s	start glinst gm  imagemagnifier_cropped
19.6s	done  glinst gm  imagemagnifier_cropped
19.6s	start glinst gm  imagemagnifier
19.8s	done  glinst gm  imagemagnifier
19.8s	start glinst gm  image_from_yuv_textures
19.8s	done  glinst gm  image_from_yuv_textures
19.8s	start glinst gm  rotate_imagefilter
19.9s	done  glinst gm  rotate_imagefilter
19.9s	start glinst gm  imagefilterstransformed
19.9s	done  glinst gm  imagefilterstransformed
19.9s	start glinst gm  imagefiltersstroked
20s	done  glinst gm  imagefiltersstroked
20s	start glinst gm  imagefiltersscaled
20.2s	done  glinst gm  imagefiltersscaled
20.2s	start glinst gm  imagefiltersgraph
20.3s	done  glinst gm  imagefiltersgraph
20.3s	start glinst gm  imagefilterscropped
20.4s	done  glinst gm  imagefilterscropped
20.4s	start glinst gm  imagefilterscropexpand
20.5s	done  glinst gm  imagefilterscropexpand
20.5s	start glinst gm  imagefiltersclipped
20.6s	done  glinst gm  imagefiltersclipped
20.6s	start glinst gm  textfilter_color
20.7s	done  glinst gm  textfilter_color
20.7s	start glinst gm  textfilter_image
20.7s	done  glinst gm  textfilter_image
20.7s	start glinst gm  imagefiltersbase
20.8s	done  glinst gm  imagefiltersbase
20.8s	start glinst gm  savelayer_with_backdrop
20.9s	done  glinst gm  savelayer_with_backdrop
20.9s	start glinst gm  fast_slow_blurimagefilter
20.9s	done  glinst gm  fast_slow_blurimagefilter
20.9s	start glinst gm  imagefilters_xfermodes
21s	done  glinst gm  imagefilters_xfermodes
21s	start glinst gm  imageblurtiled
21.1s	done  glinst gm  imageblurtiled
21.1s	start glinst gm  imageblur2
21.2s	done  glinst gm  imageblur2
21.2s	start glinst gm  imageblur_large
21.3s	done  glinst gm  imageblur_large
21.3s	start glinst gm  imageblur
21.3s	done  glinst gm  imageblur
21.3s	start glinst gm  imagealphathreshold_surface
21.4s	done  glinst gm  imagealphathreshold_surface
21.4s	start glinst gm  imagealphathreshold
21.4s	done  glinst gm  imagealphathreshold
21.4s	start glinst gm  imagealphathreshold_crop
21.4s	done  glinst gm  imagealphathreshold_crop
21.4s	start glinst gm  image-shader
21.5s	done  glinst gm  image-shader
21.5s	start glinst gm  image-cacherator-from-texture
21.6s	done  glinst gm  image-cacherator-from-texture
21.6s	start glinst gm  image-cacherator-from-ctable
21.6s	done  glinst gm  image-cacherator-from-ctable
21.6s	start glinst gm  image-cacherator-from-raster
21.7s	done  glinst gm  image-cacherator-from-raster
21.7s	start glinst gm  image-cacherator-from-picture
21.7s	done  glinst gm  image-cacherator-from-picture
21.7s	start glinst gm  image-picture
21.8s	done  glinst gm  image-picture
21.8s	start glinst gm  new_texture_image
21.8s	done  glinst gm  new_texture_image
21.8s	start glinst gm  scale-pixels
21.9s	done  glinst gm  scale-pixels
21.9s	start glinst gm  image-surface
22s	done  glinst gm  image-surface
22s	start glinst gm  hittestpath
22.2s	done  glinst gm  hittestpath
22.2s	start glinst gm  highcontrastfilter
22.3s	done  glinst gm  highcontrastfilter
22.3s	start glinst gm  hardstop_gradients
22.3s	done  glinst gm  hardstop_gradients
22.3s	start glinst gm  hairmodes
22.4s	done  glinst gm  hairmodes
22.4s	start glinst gm  hairlines
22.6s	done  glinst gm  hairlines
22.6s	start glinst gm  squarehair
22.6s	done  glinst gm  squarehair
22.6s	start glinst gm  grayscalejpg
22.6s	done  glinst gm  grayscalejpg
22.6s	start glinst gm  chrome_gradtext2
22.7s	done  glinst gm  chrome_gradtext2
22.7s	start glinst gm  chrome_gradtext1
22.7s	done  glinst gm  chrome_gradtext1
22.7s	start glinst gm  gradtext
22.7s	done  glinst gm  gradtext
22.7s	start glinst gm  gradients_many_nodither
22.8s	done  glinst gm  gradients_many_nodither
22.8s	start glinst gm  gradients_many
22.8s	done  glinst gm  gradients_many
22.8s	start glinst gm  gradients_no_texture_nodither
22.9s	done  glinst gm  gradients_no_texture_nodither
22.9s	start glinst gm  gradients_no_texture
22.9s	done  glinst gm  gradients_no_texture
22.9s	start glinst gm  gradients_2pt_conical_edge_nodither
23s	done  glinst gm  gradients_2pt_conical_edge_nodither
23s	start glinst gm  gradients_2pt_conical_outside_nodither
23.1s	done  glinst gm  gradients_2pt_conical_outside_nodither
23.1s	start glinst gm  gradients_2pt_conical_inside_nodither
23.2s	done  glinst gm  gradients_2pt_conical_inside_nodither
23.2s	start glinst gm  gradients_2pt_conical_edge
23.2s	done  glinst gm  gradients_2pt_conical_edge
23.2s	start glinst gm  gradients_2pt_conical_outside
23.3s	done  glinst gm  gradients_2pt_conical_outside
23.3s	start glinst gm  gradients_2pt_conical_inside
23.4s	done  glinst gm  gradients_2pt_conical_inside
23.4s	start glinst gm  gradient_subpixel_4f
23.4s	done  glinst gm  gradient_subpixel_4f
23.4s	start glinst gm  gradient_subpixel
23.5s	done  glinst gm  gradient_subpixel
23.5s	start glinst gm  gradient_many_stops_4f
23.5s	done  glinst gm  gradient_many_stops_4f
23.5s	start glinst gm  gradient_many_stops
23.6s	done  glinst gm  gradient_many_stops
23.6s	start glinst gm  gradients_dup_color_stops
23.6s	done  glinst gm  gradients_dup_color_stops
23.6s	start glinst gm  linear_gradient_tiny_4f
23.6s	done  glinst gm  linear_gradient_tiny_4f
23.6s	start glinst gm  linear_gradient_tiny
23.7s	done  glinst gm  linear_gradient_tiny
23.7s	start glinst gm  linear_gradient_nodither
23.7s	done  glinst gm  linear_gradient_nodither
23.7s	start glinst gm  linear_gradient
23.8s	done  glinst gm  linear_gradient
23.8s	start glinst gm  radial_gradient4_nodither
23.8s	done  glinst gm  radial_gradient4_nodither
23.8s	start glinst gm  radial_gradient4
23.8s	done  glinst gm  radial_gradient4
23.8s	start glinst gm  radial_gradient3_nodither
23.9s	done  glinst gm  radial_gradient3_nodither
23.9s	start glinst gm  radial_gradient3
23.9s	done  glinst gm  radial_gradient3
23.9s	start glinst gm  radial_gradient2_nodither
24s	done  glinst gm  radial_gradient2_nodither
24s	start glinst gm  radial_gradient2
24s	done  glinst gm  radial_gradient2
24s	start glinst gm  radial_gradient
24.2s	done  glinst gm  radial_gradient
24.2s	start glinst gm  clamped_gradients_nodither
24.2s	done  glinst gm  clamped_gradients_nodither
24.2s	start glinst gm  clamped_gradients
24.3s	done  glinst gm  clamped_gradients
24.3s	start glinst gm  small_color_stop
24.3s	done  glinst gm  small_color_stop
24.3s	start glinst gm  gradients_degenerate_2pt_nodither
24.3s	done  glinst gm  gradients_degenerate_2pt_nodither
24.3s	start glinst gm  gradients_degenerate_2pt
24.3s	done  glinst gm  gradients_degenerate_2pt
24.3s	start glinst gm  gradients_view_perspective_nodither
24.4s	done  glinst gm  gradients_view_perspective_nodither
24.4s	start glinst gm  gradients_view_perspective
24.5s	done  glinst gm  gradients_view_perspective
24.5s	start glinst gm  gradients_local_perspective_nodither
24.6s	done  glinst gm  gradients_local_perspective_nodither
24.6s	start glinst gm  gradients_local_perspective
24.6s	done  glinst gm  gradients_local_perspective
24.6s	start glinst gm  gradients4f_nodither
24.7s	done  glinst gm  gradients4f_nodither
24.7s	start glinst gm  gradients4f
24.8s	done  glinst gm  gradients4f
24.8s	start glinst gm  gradients_nodither
24.9s	done  glinst gm  gradients_nodither
24.9s	start glinst gm  gradients
24.9s	done  glinst gm  gradients
24.9s	start glinst gm  gradient_dirty_laundry
25s	done  glinst gm  gradient_dirty_laundry
25s	start glinst gm  gradient_matrix
25.1s	done  glinst gm  gradient_matrix
25.1s	start glinst gm  glyph_pos_align
25.1s	done  glinst gm  glyph_pos_align
25.1s	start glinst gm  glyph_pos_n_f
25.2s	done  glinst gm  glyph_pos_n_f
25.2s	start glinst gm  glyph_pos_h_f
25.3s	done  glinst gm  glyph_pos_h_f
25.3s	start glinst gm  glyph_pos_n_s
25.4s	done  glinst gm  glyph_pos_n_s
25.4s	start glinst gm  glyph_pos_h_s
25.4s	done  glinst gm  glyph_pos_h_s
25.4s	start glinst gm  glyph_pos_n_b
25.5s	done  glinst gm  glyph_pos_n_b
25.5s	start glinst gm  glyph_pos_h_b
25.6s	done  glinst gm  glyph_pos_h_b
25.6s	start glinst gm  giantbitmap_mirror_bilerp_rotate
25.6s	done  glinst gm  giantbitmap_mirror_bilerp_rotate
25.6s	start glinst gm  giantbitmap_repeat_bilerp_rotate
25.7s	done  glinst gm  giantbitmap_repeat_bilerp_rotate
25.7s	start glinst gm  giantbitmap_clamp_bilerp_rotate
25.7s	done  glinst gm  giantbitmap_clamp_bilerp_rotate
25.7s	start glinst gm  giantbitmap_mirror_point_rotate
25.8s	done  glinst gm  giantbitmap_mirror_point_rotate
25.8s	start glinst gm  giantbitmap_repeat_point_rotate
25.8s	done  glinst gm  giantbitmap_repeat_point_rotate
25.8s	start glinst gm  giantbitmap_clamp_point_rotate
25.9s	done  glinst gm  giantbitmap_clamp_point_rotate
25.9s	start glinst gm  giantbitmap_mirror_bilerp_scale
25.9s	done  glinst gm  giantbitmap_mirror_bilerp_scale
25.9s	start glinst gm  giantbitmap_repeat_bilerp_scale
25.9s	done  glinst gm  giantbitmap_repeat_bilerp_scale
25.9s	start glinst gm  giantbitmap_clamp_bilerp_scale
26s	done  glinst gm  giantbitmap_clamp_bilerp_scale
26s	start glinst gm  giantbitmap_mirror_point_scale
26s	done  glinst gm  giantbitmap_mirror_point_scale
26s	start glinst gm  giantbitmap_repeat_point_scale
26.1s	done  glinst gm  giantbitmap_repeat_point_scale
26.1s	start glinst gm  giantbitmap_clamp_point_scale
26.1s	done  glinst gm  giantbitmap_clamp_point_scale
26.1s	start glinst gm  getpostextpath
26.2s	done  glinst gm  getpostextpath
26.2s	start glinst gm  gaussianedge
26.3s	done  glinst gm  gaussianedge
26.3s	start glinst gm  gamut
26.3s	done  glinst gm  gamut
26.3s	start glinst gm  gammagradienttext
26.3s	done  glinst gm  gammagradienttext
26.3s	start glinst gm  gammatext
26.4s	done  glinst gm  gammatext
26.4s	start glinst gm  gamma
26.4s	done  glinst gm  gamma
26.4s	start glinst gm  fontscalerdistortable
26.5s	done  glinst gm  fontscalerdistortable
26.5s	start glinst gm  fontscaler
26.7s	done  glinst gm  fontscaler
26.7s	start glinst gm  fontmgr_bounds_1_-0.25
26.9s	done  glinst gm  fontmgr_bounds_1_-0.25
26.9s	start glinst gm  fontmgr_bounds_0.75_0
27s	done  glinst gm  fontmgr_bounds_0.75_0
27s	start glinst gm  fontmgr_bounds
27.2s	done  glinst gm  fontmgr_bounds
27.2s	start glinst gm  fontmgr_match
27.3s	done  glinst gm  fontmgr_match
27.3s	start glinst gm  fontmgr_iter
29s	done  glinst gm  fontmgr_iter
29s	start glinst gm  fontcache
29.1s	done  glinst gm  fontcache
29.1s	start glinst gm  filterindiabox
29.3s	done  glinst gm  filterindiabox
29.3s	start glinst gm  filterfastbounds
29.4s	done  glinst gm  filterfastbounds
29.4s	start glinst gm  filterbug
29.4s	done  glinst gm  filterbug
29.4s	start glinst gm  filterbitmap_image_color_wheel.png
29.5s	done  glinst gm  filterbitmap_image_color_wheel.png
29.5s	start glinst gm  filterbitmap_image_mandrill_512.png
29.6s	done  glinst gm  filterbitmap_image_mandrill_512.png
29.6s	start glinst gm  filterbitmap_image_mandrill_256.png
29.7s	done  glinst gm  filterbitmap_image_mandrill_256.png
29.7s	start glinst gm  filterbitmap_image_mandrill_128.png
29.8s	done  glinst gm  filterbitmap_image_mandrill_128.png
29.8s	start glinst gm  filterbitmap_image_mandrill_64.png_g8
29.9s	done  glinst gm  filterbitmap_image_mandrill_64.png_g8
29.9s	start glinst gm  filterbitmap_image_mandrill_64.png
29.9s	done  glinst gm  filterbitmap_image_mandrill_64.png
29.9s	start glinst gm  filterbitmap_image_mandrill_32.png
30s	done  glinst gm  filterbitmap_image_mandrill_32.png
30s	start glinst gm  filterbitmap_image_mandrill_16.png
30.1s	done  glinst gm  filterbitmap_image_mandrill_16.png
30.1s	start glinst gm  filterbitmap_checkerboard_192_192
30.2s	done  glinst gm  filterbitmap_checkerboard_192_192
30.2s	start glinst gm  filterbitmap_checkerboard_32_2
30.2s	
30.2s elapsed, 1 active, 235 queued, 154MB RAM, 295MB peak
30.2s		glinst gm  filterbitmap_checkerboard_32_2
30.2s	done  glinst gm  filterbitmap_checkerboard_32_2
30.2s	start glinst gm  filterbitmap_checkerboard_32_8
30.3s	done  glinst gm  filterbitmap_checkerboard_32_8
30.3s	start glinst gm  filterbitmap_checkerboard_32_32_g8
30.4s	done  glinst gm  filterbitmap_checkerboard_32_32_g8
30.4s	start glinst gm  filterbitmap_checkerboard_32_32
30.5s	done  glinst gm  filterbitmap_checkerboard_32_32
30.5s	start glinst gm  filterbitmap_checkerboard_4_4
30.6s	done  glinst gm  filterbitmap_checkerboard_4_4
30.6s	start glinst gm  filterbitmap_text_10.00pt
30.7s	done  glinst gm  filterbitmap_text_10.00pt
30.7s	start glinst gm  filterbitmap_text_7.00pt
30.8s	done  glinst gm  filterbitmap_text_7.00pt
30.8s	start glinst gm  filterbitmap_text_3.00pt
30.9s	done  glinst gm  filterbitmap_text_3.00pt
30.9s	start glinst gm  filltypespersp
31s	done  glinst gm  filltypespersp
31s	start glinst gm  filltypes
31.1s	done  glinst gm  filltypes
31.1s	start glinst gm  fatpathfill
31.1s	done  glinst gm  fatpathfill
31.1s	start glinst gm  fadefilter
31.1s	done  glinst gm  fadefilter
31.1s	start glinst gm  extractbitmap
31.2s	done  glinst gm  extractbitmap
31.2s	start glinst gm  etc1
31.2s	done  glinst gm  etc1
31.2s	start glinst gm  encode-srgb-jpg
31.3s	done  glinst gm  encode-srgb-jpg
31.3s	start glinst gm  encode-srgb-webp
31.5s	done  glinst gm  encode-srgb-webp
31.5s	start glinst gm  encode-srgb-png
31.7s	done  glinst gm  encode-srgb-png
31.7s	start glinst gm  encode-platform
32.2s	done  glinst gm  encode-platform
32.2s	start glinst gm  encode
32.3s	done  glinst gm  encode
32.3s	start glinst gm  emptystroke
32.3s	done  glinst gm  emptystroke
32.3s	start glinst gm  emptypath
32.4s	done  glinst gm  emptypath
32.4s	start glinst gm  dstreadshuffle
32.5s	done  glinst gm  dstreadshuffle
32.5s	start glinst gm  drrect
32.5s	done  glinst gm  drrect
32.5s	start glinst gm  dropshadowimagefilter
32.6s	done  glinst gm  dropshadowimagefilter
32.6s	start glinst gm  drawregionmodes
32.6s	done  glinst gm  drawregionmodes
32.6s	start glinst gm  drawregion
32.9s	done  glinst gm  drawregion
32.9s	start glinst gm  drawminibitmaprect
33s	done  glinst gm  drawminibitmaprect
33s	start glinst gm  drawminibitmaprect_aa
33.1s	done  glinst gm  drawminibitmaprect_aa
33.1s	start glinst gm  drawlooper
33.2s	done  glinst gm  drawlooper
33.2s	start glinst gm  drawfilter
33.2s	done  glinst gm  drawfilter
33.2s	start glinst gm  drawbitmaprect-imagerect-subset
33.3s	done  glinst gm  drawbitmaprect-imagerect-subset
33.3s	start glinst gm  drawbitmaprect-imagerect
33.5s	done  glinst gm  drawbitmaprect-imagerect
33.5s	start glinst gm  drawbitmaprect-subset
33.6s	done  glinst gm  drawbitmaprect-subset
33.6s	start glinst gm  drawbitmaprect
33.7s	done  glinst gm  drawbitmaprect
33.7s	start glinst gm  draw-atlas-colors
33.8s	done  glinst gm  draw-atlas-colors
33.8s	start glinst gm  drawTextRSXform
33.9s	done  glinst gm  drawTextRSXform
33.9s	start glinst gm  draw-atlas
33.9s	done  glinst gm  draw-atlas
33.9s	start glinst gm  drawable
33.9s	done  glinst gm  drawable
33.9s	start glinst gm  draw_bitmap_rect_skbug4734
34s	done  glinst gm  draw_bitmap_rect_skbug4734
34s	start glinst gm  downsamplebitmap_image_none_mandrill_512.png
34.1s	done  glinst gm  downsamplebitmap_image_none_mandrill_512.png
34.1s	start glinst gm  downsamplebitmap_checkerboard_none_512_256
34.2s	done  glinst gm  downsamplebitmap_checkerboard_none_512_256
34.2s	start glinst gm  downsamplebitmap_text_none_72.00pt
34.3s	done  glinst gm  downsamplebitmap_text_none_72.00pt
34.3s	start glinst gm  downsamplebitmap_image_low_mandrill_512.png
34.4s	done  glinst gm  downsamplebitmap_image_low_mandrill_512.png
34.4s	start glinst gm  downsamplebitmap_checkerboard_low_512_256
34.6s	done  glinst gm  downsamplebitmap_checkerboard_low_512_256
34.6s	start glinst gm  downsamplebitmap_text_low_72.00pt
34.7s	done  glinst gm  downsamplebitmap_text_low_72.00pt
34.7s	start glinst gm  downsamplebitmap_image_medium_mandrill_512.png
34.8s	done  glinst gm  downsamplebitmap_image_medium_mandrill_512.png
34.8s	start glinst gm  downsamplebitmap_checkerboard_medium_512_256
34.9s	done  glinst gm  downsamplebitmap_checkerboard_medium_512_256
34.9s	start glinst gm  downsamplebitmap_text_medium_72.00pt
35s	done  glinst gm  downsamplebitmap_text_medium_72.00pt
35s	start glinst gm  downsamplebitmap_image_high_mandrill_512.png
35.2s	done  glinst gm  downsamplebitmap_image_high_mandrill_512.png
35.2s	start glinst gm  downsamplebitmap_checkerboard_high_512_256
35.3s	done  glinst gm  downsamplebitmap_checkerboard_high_512_256
35.3s	start glinst gm  downsamplebitmap_text_high_72.00pt
35.4s	done  glinst gm  downsamplebitmap_text_high_72.00pt
35.4s	start glinst gm  distantclip
35.4s	done  glinst gm  distantclip
35.4s	start glinst gm  displacement
35.4s	done  glinst gm  displacement
35.4s	start glinst gm  discard
35.5s	done  glinst gm  discard
35.5s	start glinst gm  dftext
35.6s	done  glinst gm  dftext
35.6s	start glinst gm  degeneratesegments
35.7s	done  glinst gm  degeneratesegments
35.7s	start glinst gm  deferred_texture_image_medium_decoded_indexed
35.7s	done  glinst gm  deferred_texture_image_medium_decoded_indexed
35.7s	start glinst gm  deferred_texture_image_medium_encoded_indexed
35.7s	done  glinst gm  deferred_texture_image_medium_encoded_indexed
35.7s	start glinst gm  deferred_texture_image_high
35.8s	done  glinst gm  deferred_texture_image_high
35.8s	start glinst gm  deferred_texture_image_medium_decoded
36s	done  glinst gm  deferred_texture_image_medium_decoded
36s	start glinst gm  deferred_texture_image_medium_encoded
36.1s	done  glinst gm  deferred_texture_image_medium_encoded
36.1s	start glinst gm  deferred_texture_image_low
36.2s	done  glinst gm  deferred_texture_image_low
36.2s	start glinst gm  deferred_texture_image_none
36.3s	done  glinst gm  deferred_texture_image_none
36.3s	start glinst gm  dashing5_bw
36.3s	done  glinst gm  dashing5_bw
36.3s	start glinst gm  dashing5_aa
36.3s	done  glinst gm  dashing5_aa
36.3s	start glinst gm  dashing4
36.4s	done  glinst gm  dashing4
36.4s	start glinst gm  dashing3
36.4s	done  glinst gm  dashing3
36.4s	start glinst gm  dashing2
36.5s	done  glinst gm  dashing2
36.5s	start glinst gm  dashing
36.5s	done  glinst gm  dashing
36.5s	start glinst gm  dashtextcaps
36.6s	done  glinst gm  dashtextcaps
36.6s	start glinst gm  longwavyline
36.6s	done  glinst gm  longwavyline
36.6s	start glinst gm  longlinedash
36.7s	done  glinst gm  longlinedash
36.7s	start glinst gm  longpathdash
36.8s	done  glinst gm  longpathdash
36.8s	start glinst gm  dashcubics
36.9s	done  glinst gm  dashcubics
36.9s	start glinst gm  dashcircle
37s	done  glinst gm  dashcircle
37s	start glinst gm  clippedcubic2
37.1s	done  glinst gm  clippedcubic2
37.1s	start glinst gm  clippedcubic
37.1s	done  glinst gm  clippedcubic
37.1s	start glinst gm  cubicclosepath
37.2s	done  glinst gm  cubicclosepath
37.2s	start glinst gm  cubicpath
37.3s	done  glinst gm  cubicpath
37.3s	start glinst gm  bug6083
37.3s	done  glinst gm  bug6083
37.3s	start glinst gm  bug5099
37.3s	done  glinst gm  bug5099
37.3s	start glinst gm  croppedrects
37.3s	done  glinst gm  croppedrects
37.3s	start glinst gm  crbug_691386
37.4s	done  glinst gm  crbug_691386
37.4s	start glinst gm  copyTo4444
37.5s	done  glinst gm  copyTo4444
37.5s	start glinst gm  convex_poly_effect
37.5s	done  glinst gm  convex_poly_effect
37.5s	start glinst gm  convex_poly_clip
37.6s	done  glinst gm  convex_poly_clip
37.6s	start glinst gm  convexpaths
37.8s	done  glinst gm  convexpaths
37.8s	start glinst gm  convex-lineonly-paths-stroke-and-fill
37.8s	done  glinst gm  convex-lineonly-paths-stroke-and-fill
37.8s	start glinst gm  convex-lineonly-paths
37.9s	done  glinst gm  convex-lineonly-paths
37.9s	start glinst gm  const_color_processor
38s	done  glinst gm  const_color_processor
38s	start glinst gm  crbug_640176
38s	done  glinst gm  crbug_640176
38s	start glinst gm  largecircle
38s	done  glinst gm  largecircle
38s	start glinst gm  arccirclegap
38.1s	done  glinst gm  arccirclegap
38.1s	start glinst gm  conicpaths
38.2s	done  glinst gm  conicpaths
38.2s	start glinst gm  concavepaths
38.2s	done  glinst gm  concavepaths
38.2s	start glinst gm  composeshader_bitmap
38.3s	done  glinst gm  composeshader_bitmap
38.3s	start glinst gm  composeshader_alpha
38.3s	done  glinst gm  composeshader_alpha
38.3s	start glinst gm  composeshader
38.3s	done  glinst gm  composeshader
38.3s	start glinst gm  composeshader_bitmap2
38.3s	done  glinst gm  composeshader_bitmap2
38.3s	start glinst gm  complexclip4_aa
38.4s	done  glinst gm  complexclip4_aa
38.4s	start glinst gm  complexclip4_bw
38.6s	done  glinst gm  complexclip4_bw
38.6s	start glinst gm  complexclip3_complex
38.7s	done  glinst gm  complexclip3_complex
38.7s	start glinst gm  complexclip3_simple
38.8s	done  glinst gm  complexclip3_simple
38.8s	start glinst gm  complexclip2_path_aa
38.9s	done  glinst gm  complexclip2_path_aa
38.9s	start glinst gm  complexclip2_rrect_aa
38.9s	done  glinst gm  complexclip2_rrect_aa
38.9s	start glinst gm  complexclip2_rect_aa
39s	done  glinst gm  complexclip2_rect_aa
39s	start glinst gm  complexclip2_path_bw
39s	done  glinst gm  complexclip2_path_bw
39s	start glinst gm  complexclip2_rrect_bw
39s	done  glinst gm  complexclip2_rrect_bw
39s	start glinst gm  complexclip2
39.1s	done  glinst gm  complexclip2
39.1s	start glinst gm  complexclip_blur_tiled
39.1s	done  glinst gm  complexclip_blur_tiled
39.1s	start glinst gm  complexclip_aa_layer_invert
39.2s	done  glinst gm  complexclip_aa_layer_invert
39.2s	start glinst gm  complexclip_aa_layer
39.3s	done  glinst gm  complexclip_aa_layer
39.3s	start glinst gm  complexclip_aa_invert
39.4s	done  glinst gm  complexclip_aa_invert
39.4s	start glinst gm  complexclip_aa
39.5s	done  glinst gm  complexclip_aa
39.5s	start glinst gm  complexclip_bw_layer_invert
39.7s	done  glinst gm  complexclip_bw_layer_invert
39.7s	start glinst gm  complexclip_bw_layer
39.8s	done  glinst gm  complexclip_bw_layer
39.8s	start glinst gm  complexclip_bw_invert
39.9s	done  glinst gm  complexclip_bw_invert
39.9s	start glinst gm  complexclip_bw
40s	done  glinst gm  complexclip_bw
40s	start glinst gm  colorwheelnative
40.1s	done  glinst gm  colorwheelnative
40.1s	start glinst gm  colorwheel
40.1s	done  glinst gm  colorwheel
40.1s	start glinst gm  colortype_xfermodes
40.1s	done  glinst gm  colortype_xfermodes
40.1s	start glinst gm  colortype
40.2s	done  glinst gm  colortype
40.2s	start glinst gm  colorspacexform
40.2s	done  glinst gm  colorspacexform
40.2s	start glinst gm  colormatrix
40.2s	done  glinst gm  colormatrix
40.2s	start glinst gm  lightingcolorfilter
40.3s	done  glinst gm  lightingcolorfilter
40.3s	start glinst gm  colorfiltershader
40.3s	done  glinst gm  colorfiltershader
40.3s	start glinst gm  colorfilterimagefilter_layer
40.3s	done  glinst gm  colorfilterimagefilter_layer
40.3s	start glinst gm  colorfilterimagefilter
40.3s	done  glinst gm  colorfilterimagefilter
40.3s	start glinst gm  colorfilteralpha8
40.4s	done  glinst gm  colorfilteralpha8
40.4s	start glinst gm  coloremoji
40.4s	done  glinst gm  coloremoji
40.4s	start glinst gm  color4shader
40.5s	done  glinst gm  color4shader
40.5s	start glinst gm  color4f
40.5s	done  glinst gm  color4f
40.5s	start glinst gm  clipped-bitmap-shaders-clamp-hq
40.5s	done  glinst gm  clipped-bitmap-shaders-clamp-hq
40.5s	start glinst gm  clipped-bitmap-shaders-mirror-hq
40.6s	done  glinst gm  clipped-bitmap-shaders-mirror-hq
40.6s	start glinst gm  clipped-bitmap-shaders-tile-hq
40.6s	done  glinst gm  clipped-bitmap-shaders-tile-hq
40.6s	start glinst gm  clipped-bitmap-shaders-clamp
40.6s	done  glinst gm  clipped-bitmap-shaders-clamp
40.6s	start glinst gm  clipped-bitmap-shaders-mirror
40.6s	done  glinst gm  clipped-bitmap-shaders-mirror
40.6s	start glinst gm  clipped-bitmap-shaders-tile
40.7s	done  glinst gm  clipped-bitmap-shaders-tile
40.7s	start glinst gm  clip_region
40.7s	done  glinst gm  clip_region
40.7s	start glinst gm  clipdrawdraw
40.7s	done  glinst gm  clipdrawdraw
40.7s	start glinst gm  clip_strokerect
40.7s	done  glinst gm  clip_strokerect
40.7s	start glinst gm  cliperror
40.8s	done  glinst gm  cliperror
40.8s	start glinst gm  circular-clips
40.9s	done  glinst gm  circular-clips
40.9s	start glinst gm  onebadarc
40.9s	done  glinst gm  onebadarc
40.9s	start glinst gm  circular_arcs_weird
41s	done  glinst gm  circular_arcs_weird
41s	start glinst gm  circular_arcs_stroke_and_fill_round
41.1s	done  glinst gm  circular_arcs_stroke_and_fill_round
41.1s	start glinst gm  circular_arcs_stroke_and_fill_square
41.3s	done  glinst gm  circular_arcs_stroke_and_fill_square
41.3s	start glinst gm  circular_arcs_stroke_and_fill_butt
41.4s	done  glinst gm  circular_arcs_stroke_and_fill_butt
41.4s	start glinst gm  circular_arcs_stroke_round
41.6s	done  glinst gm  circular_arcs_stroke_round
41.6s	start glinst gm  circular_arcs_stroke_square
41.7s	done  glinst gm  circular_arcs_stroke_square
41.7s	start glinst gm  circular_arcs_stroke_butt
41.9s	done  glinst gm  circular_arcs_stroke_butt
41.9s	start glinst gm  circular_arcs_hairline
42s	done  glinst gm  circular_arcs_hairline
42s	start glinst gm  circular_arcs_fill
42.1s	done  glinst gm  circular_arcs_fill
42.1s	start glinst gm  circles
42.2s	done  glinst gm  circles
42.2s	start glinst gm  c_gms
42.3s	done  glinst gm  c_gms
42.3s	start glinst gm  bug615686
42.3s	done  glinst gm  bug615686
42.3s	start glinst gm  bug591993
42.3s	done  glinst gm  bug591993
42.3s	start glinst gm  bug530095
42.4s	done  glinst gm  bug530095
42.4s	start glinst gm  bug5252
42.5s	done  glinst gm  bug5252
42.5s	start glinst gm  bmp_filter_quality_repeat
42.5s	done  glinst gm  bmp_filter_quality_repeat
42.5s	start glinst gm  blur2rectsnonninepatch
42.6s	done  glinst gm  blur2rectsnonninepatch
42.6s	start glinst gm  blur2rects
42.7s	done  glinst gm  blur2rects
42.7s	start glinst gm  blurs
42.7s	done  glinst gm  blurs
42.7s	start glinst gm  simpleblurroundrect
42.8s	done  glinst gm  simpleblurroundrect
42.8s	start glinst gm  blurroundrect-WH-100x100-unevenCorners
42.8s	done  glinst gm  blurroundrect-WH-100x100-unevenCorners
42.8s	start glinst gm  blurredclippedcircle
42.9s	done  glinst gm  blurredclippedcircle
42.9s	start glinst gm  blurrects
43s	done  glinst gm  blurrects
43s	start glinst gm  blurrect_gallery
43.2s	done  glinst gm  blurrect_gallery
43.2s	start glinst gm  blurquickreject
43.2s	done  glinst gm  blurquickreject
43.2s	start glinst gm  blurcircles2
43.4s	done  glinst gm  blurcircles2
43.4s	start glinst gm  blurcircles
43.5s	done  glinst gm  blurcircles
43.5s	start glinst gm  blend
43.5s	done  glinst gm  blend
43.5s	start glinst gm  bleed_downscale
43.6s	done  glinst gm  bleed_downscale
43.6s	start glinst gm  bleed_alpha_image_shader
43.8s	done  glinst gm  bleed_alpha_image_shader
43.8s	start glinst gm  bleed_alpha_bmp_shader
44s	done  glinst gm  bleed_alpha_bmp_shader
44s	start glinst gm  bleed_alpha_image
44.1s	done  glinst gm  bleed_alpha_image
44.1s	start glinst gm  bleed_alpha_bmp
44.3s	done  glinst gm  bleed_alpha_bmp
44.3s	start glinst gm  bleed_image
44.5s	done  glinst gm  bleed_image
44.5s	start glinst gm  bleed
44.6s	done  glinst gm  bleed
44.6s	start glinst gm  bitmaptiled_fractional_vertical
44.7s	done  glinst gm  bitmaptiled_fractional_vertical
44.7s	start glinst gm  bitmaptiled_fractional_horizontal
44.8s	done  glinst gm  bitmaptiled_fractional_horizontal
44.8s	start glinst gm  bitmapshaders
44.8s	done  glinst gm  bitmapshaders
44.8s	start glinst gm  bitmaprecttest
44.8s	done  glinst gm  bitmaprecttest
44.8s	start glinst gm  bigbitmaprect_i
45s	done  glinst gm  bigbitmaprect_i
45s	start glinst gm  bigbitmaprect_s
45.2s	
45.2s elapsed, 1 active, 51 queued, 200MB RAM, 295MB peak
45.2s		glinst gm  bigbitmaprect_s
45.3s	done  glinst gm  bigbitmaprect_s
45.3s	start glinst gm  3x3bitmaprect
45.3s	done  glinst gm  3x3bitmaprect
45.3s	start glinst gm  bitmaprect_i
45.3s	done  glinst gm  bitmaprect_i
45.3s	start glinst gm  bitmaprect_s
45.4s	done  glinst gm  bitmaprect_s
45.4s	start glinst gm  bitmaprect_rounding
45.4s	done  glinst gm  bitmaprect_rounding
45.4s	start glinst gm  bitmap_premul
45.5s	done  glinst gm  bitmap_premul
45.5s	start glinst gm  bitmap-image-srgb-legacy
45.6s	done  glinst gm  bitmap-image-srgb-legacy
45.6s	start glinst gm  extractalpha
45.6s	done  glinst gm  extractalpha
45.6s	start glinst gm  bitmapfilters
45.7s	done  glinst gm  bitmapfilters
45.7s	start glinst gm  bitmapcopy
45.7s	done  glinst gm  bitmapcopy
45.7s	start glinst gm  bigtileimagefilter
45.7s	done  glinst gm  bigtileimagefilter
45.7s	start glinst gm  bigtext
45.8s	done  glinst gm  bigtext
45.8s	start glinst gm  big_rrect_elliptical_corner_aa_effect
45.9s	done  glinst gm  big_rrect_elliptical_corner_aa_effect
45.9s	start glinst gm  big_rrect_circular_corner_aa_effect
46s	done  glinst gm  big_rrect_circular_corner_aa_effect
46s	start glinst gm  big_rrect_ellipse_aa_effect
46.1s	done  glinst gm  big_rrect_ellipse_aa_effect
46.1s	start glinst gm  big_rrect_circle_aa_effect
46.2s	done  glinst gm  big_rrect_circle_aa_effect
46.2s	start glinst gm  big_rrect_rect_aa_effect
46.3s	done  glinst gm  big_rrect_rect_aa_effect
46.3s	start glinst gm  bigmatrix
46.3s	done  glinst gm  bigmatrix
46.3s	start glinst gm  bigblurs
46.4s	done  glinst gm  bigblurs
46.4s	start glinst gm  beziers
46.4s	done  glinst gm  beziers
46.4s	start glinst gm  bezier_quad_effects
46.5s	done  glinst gm  bezier_quad_effects
46.5s	start glinst gm  bezier_conic_effects
46.6s	done  glinst gm  bezier_conic_effects
46.6s	start glinst gm  bezier_cubic_effects
46.7s	done  glinst gm  bezier_cubic_effects
46.7s	start glinst gm  badpaint
46.7s	done  glinst gm  badpaint
46.7s	start glinst gm  arithmode
46.8s	done  glinst gm  arithmode
46.8s	start glinst gm  bug583299
46.8s	done  glinst gm  bug583299
46.8s	start glinst gm  bug593049
46.8s	done  glinst gm  bug593049
46.8s	start glinst gm  parsedpaths
46.9s	done  glinst gm  parsedpaths
46.9s	start glinst gm  arcto
46.9s	done  glinst gm  arcto
46.9s	start glinst gm  arcofzorro
47s	done  glinst gm  arcofzorro
47s	start glinst gm  annotated_text
47.1s	done  glinst gm  annotated_text
47.1s	start glinst gm  anisotropic_hq
47.2s	done  glinst gm  anisotropic_hq
47.2s	start glinst gm  animated-image-blurs
47.3s	done  glinst gm  animated-image-blurs
47.3s	start glinst gm  animatedGif
47.6s	done  glinst gm  animatedGif
47.6s	start glinst gm  alphagradients
47.6s	done  glinst gm  alphagradients
47.6s	start glinst gm  all_variants_8888
47.6s	done  glinst gm  all_variants_8888
47.6s	start glinst gm  not_native32_bitmap_config
47.6s	done  glinst gm  not_native32_bitmap_config
47.6s	start glinst gm  all_bitmap_configs
47.7s	done  glinst gm  all_bitmap_configs
47.7s	start glinst gm  tinyanglearcs
47.7s	done  glinst gm  tinyanglearcs
47.7s	start glinst gm  manyarcs
47.8s	done  glinst gm  manyarcs
47.8s	start glinst gm  fillcircle
47.8s	done  glinst gm  fillcircle
47.8s	start glinst gm  strokecircle
47.9s	done  glinst gm  strokecircle
47.9s	start glinst gm  addarc_meas
48s	done  glinst gm  addarc_meas
48s	start glinst gm  addarc
48.1s	done  glinst gm  addarc
48.1s	start glinst gm  aaxfermodes
48.2s	done  glinst gm  aaxfermodes
48.2s	start glinst gm  aarectmodes
48.2s	done  glinst gm  aarectmodes
48.2s	start glinst gm  clipcubic
48.3s	done  glinst gm  clipcubic
48.3s	start glinst gm  aaclip
48.3s	done  glinst gm  aaclip
48.3s	start glinst gm  dont_clip_to_layer
48.3s	done  glinst gm  dont_clip_to_layer
48.3s	start glinst gm  analytic_antialias_inverse
48.4s	done  glinst gm  analytic_antialias_inverse
48.4s	start glinst gm  analytic_antialias_general
48.4s	done  glinst gm  analytic_antialias_general
48.4s	start glinst gm  analytic_antialias_convex
48.5s	done  glinst gm  analytic_antialias_convex
48.5s	
48.5s elapsed, 0 active, 0 queued, 145MB RAM, 295MB peak
