147ms	615 srcs * 1 sinks + 0 tests == 615 tasks148ms	
148ms elapsed, 0 active, 615 queued, 29MB RAM, 30MB peak
148ms	start gpu gm  yuv_nv12_to_rgb_effect
166ms	done  gpu gm  yuv_nv12_to_rgb_effect
166ms	start gpu gm  yuv_to_rgb_effect
195ms	done  gpu gm  yuv_to_rgb_effect
195ms	start gpu gm  xfermodes3
354ms	done  gpu gm  xfermodes3
354ms	start gpu gm  xfermodes2
458ms	done  gpu gm  xfermodes2
458ms	start gpu gm  xfermodes
598ms	done  gpu gm  xfermodes
598ms	start gpu gm  xfermodeimagefilter
688ms	done  gpu gm  xfermodeimagefilter
688ms	start gpu gm  windowrectangles_mask
735ms	done  gpu gm  windowrectangles_mask
735ms	start gpu gm  windowrectangles
783ms	done  gpu gm  windowrectangles
783ms	start gpu gm  verylarge_picture_image
1.35s	done  gpu gm  verylarge_picture_image
1.35s	start gpu gm  verylargebitmap
1.72s	done  gpu gm  verylargebitmap
1.72s	start gpu gm  verttext2
1.77s	done  gpu gm  verttext2
1.77s	start gpu gm  verttext
1.81s	done  gpu gm  verttext
1.81s	start gpu gm  vertices_batching
1.83s	done  gpu gm  vertices_batching
1.83s	start gpu gm  vertices_scaled_shader
2.13s	done  gpu gm  vertices_scaled_shader
2.13s	start gpu gm  vertices
2.48s	done  gpu gm  vertices
2.48s	start gpu gm  vertices_object
2.79s	done  gpu gm  vertices_object
2.79s	start gpu gm  varied_text_clipped_lcd
2.85s	done  gpu gm  varied_text_clipped_lcd
2.85s	start gpu gm  varied_text_ignorable_clip_lcd
2.91s	done  gpu gm  varied_text_ignorable_clip_lcd
2.91s	start gpu gm  varied_text_clipped_no_lcd
2.96s	done  gpu gm  varied_text_clipped_no_lcd
2.96s	start gpu gm  varied_text_ignorable_clip_no_lcd
3.01s	done  gpu gm  varied_text_ignorable_clip_no_lcd
3.01s	start gpu gm  typefacerendering_pfb
3.07s	done  gpu gm  typefacerendering_pfb
3.07s	start gpu gm  typefacerendering_pfa
3.13s	done  gpu gm  typefacerendering_pfa
3.13s	start gpu gm  typefacerendering
3.2s	done  gpu gm  typefacerendering
3.2s	start gpu gm  typefacestyles_kerning
3.28s	done  gpu gm  typefacestyles_kerning
3.28s	start gpu gm  typefacestyles
3.35s	done  gpu gm  typefacestyles
3.35s	start gpu gm  transparency_check
3.5s	done  gpu gm  transparency_check
3.5s	start gpu gm  tinybitmap
3.52s	done  gpu gm  tinybitmap
3.52s	start gpu gm  scaled_tilemode_gradient
3.58s	done  gpu gm  scaled_tilemode_gradient
3.58s	start gpu gm  scaled_tilemode_bitmap
3.63s	done  gpu gm  scaled_tilemode_bitmap
3.63s	start gpu gm  scaled_tilemodes_npot
3.75s	done  gpu gm  scaled_tilemodes_npot
3.75s	start gpu gm  scaled_tilemodes
3.92s	done  gpu gm  scaled_tilemodes
3.92s	start gpu gm  tilemode_gradient
4s	done  gpu gm  tilemode_gradient
4s	start gpu gm  tilemode_bitmap
4.05s	done  gpu gm  tilemode_bitmap
4.05s	start gpu gm  tilemodes_npot
4.14s	done  gpu gm  tilemodes_npot
4.14s	start gpu gm  tilemodes
4.29s	done  gpu gm  tilemodes
4.29s	start gpu gm  tileimagefilter
4.33s	done  gpu gm  tileimagefilter
4.33s	start gpu gm  tiledscaledbitmap
4.4s	done  gpu gm  tiledscaledbitmap
4.4s	start gpu gm  thinstrokedrects
4.43s	done  gpu gm  thinstrokedrects
4.43s	start gpu gm  thinrects
4.46s	done  gpu gm  thinrects
4.46s	start gpu gm  thinconcavepaths
4.5s	done  gpu gm  thinconcavepaths
4.5s	start gpu gm  texture_domain_effect
4.59s	done  gpu gm  texture_domain_effect
4.59s	start gpu gm  fancyunderlinebars
4.67s	done  gpu gm  fancyunderlinebars
4.67s	start gpu gm  fancyblobunderline
4.88s	done  gpu gm  fancyblobunderline
4.88s	start gpu gm  fancyposunderline
5s	done  gpu gm  fancyposunderline
5s	start gpu gm  fancyunderline
5.11s	done  gpu gm  fancyunderline
5.11s	start gpu gm  texteffects
5.16s	done  gpu gm  texteffects
5.16s	start gpu gm  textblobuseaftergpufree
5.19s	done  gpu gm  textblobuseaftergpufree
5.19s	start gpu gm  textblobtransforms
5.29s	done  gpu gm  textblobtransforms
5.29s	start gpu gm  textblobshader
5.33s	done  gpu gm  textblobshader
5.33s	start gpu gm  textblobrandomfont
5.57s	done  gpu gm  textblobrandomfont
5.57s	start gpu gm  textblobmixedsizes_df
5.84s	done  gpu gm  textblobmixedsizes_df
5.84s	start gpu gm  textblobmixedsizes
6.19s	done  gpu gm  textblobmixedsizes
6.19s	start gpu gm  textbloblooper
6.31s	done  gpu gm  textbloblooper
6.31s	start gpu gm  textblobgeometrychange
6.33s	done  gpu gm  textblobgeometrychange
6.33s	start gpu gm  textblobcolortrans
6.45s	done  gpu gm  textblobcolortrans
6.45s	start gpu gm  textblobblockreordering
6.47s	done  gpu gm  textblobblockreordering
6.47s	start gpu gm  textblob
6.52s	done  gpu gm  textblob
6.52s	start gpu gm  texdata
6.55s	done  gpu gm  texdata
6.55s	start gpu gm  testgradient
6.62s	done  gpu gm  testgradient
6.62s	start gpu gm  tall_stretched_bitmaps
6.76s	done  gpu gm  tall_stretched_bitmaps
6.76s	start gpu gm  colorcomposefilter_alpha
6.88s	done  gpu gm  colorcomposefilter_alpha
6.88s	start gpu gm  colorcomposefilter_wacky
7.03s	done  gpu gm  colorcomposefilter_wacky
7.03s	start gpu gm  tablecolorfilter
7.2s	done  gpu gm  tablecolorfilter
7.2s	start gpu gm  surfacenew
7.22s	done  gpu gm  surfacenew
7.22s	start gpu gm  surfaceprops
7.27s	done  gpu gm  surfaceprops
7.27s	start gpu gm  bitmap_subset_shader
7.31s	done  gpu gm  bitmap_subset_shader
7.31s	start gpu gm  stroketext
7.39s	done  gpu gm  stroketext
7.39s	start gpu gm  teenyStrokes
7.43s	done  gpu gm  teenyStrokes
7.43s	start gpu gm  zeroPath
7.48s	done  gpu gm  zeroPath
7.48s	start gpu gm  zero_control_stroke
7.52s	done  gpu gm  zero_control_stroke
7.52s	start gpu gm  strokes_zoomed
7.57s	done  gpu gm  strokes_zoomed
7.57s	start gpu gm  strokes3
7.81s	done  gpu gm  strokes3
7.81s	start gpu gm  strokes_poly
7.87s	done  gpu gm  strokes_poly
7.87s	start gpu gm  strokes_round
7.92s	done  gpu gm  strokes_round
7.92s	start gpu gm  quadcap
7.93s	done  gpu gm  quadcap
7.93s	start gpu gm  zerolinestroke
7.95s	done  gpu gm  zerolinestroke
7.95s	start gpu gm  CubicStroke
7.98s	done  gpu gm  CubicStroke
7.98s	start gpu gm  strokerects
8.06s	done  gpu gm  strokerects
8.06s	start gpu gm  strokerect_anisotropic_5408
8.07s	done  gpu gm  strokerect_anisotropic_5408
8.07s	start gpu gm  strokerect
8.17s	done  gpu gm  strokerect
8.17s	start gpu gm  bug339297
8.22s	done  gpu gm  bug339297
8.22s	start gpu gm  stroke-fill
8.26s	done  gpu gm  stroke-fill
8.26s	start gpu gm  strokedlines
8.36s	done  gpu gm  strokedlines
8.36s	start gpu gm  stroke_rect_shader
8.39s	done  gpu gm  stroke_rect_shader
8.39s	start gpu gm  stringart
8.42s	done  gpu gm  stringart
8.42s	start gpu gm  stlouisarch
8.44s	done  gpu gm  stlouisarch
8.44s	start gpu gm  srcmode
8.51s	done  gpu gm  srcmode
8.51s	start gpu gm  spritebitmap
8.56s	done  gpu gm  spritebitmap
8.56s	start gpu gm  smallpaths
8.6s	done  gpu gm  smallpaths
8.6s	start gpu gm  small_image
8.61s	done  gpu gm  small_image
8.61s	start gpu gm  smallarc
8.66s	done  gpu gm  smallarc
8.66s	start gpu gm  linear_pipeline
8.77s	done  gpu gm  linear_pipeline
8.77s	start gpu gm  skbug1719
8.79s	done  gpu gm  skbug1719
8.79s	start gpu gm  skbug_5321
8.8s	done  gpu gm  skbug_5321
8.8s	start gpu gm  skbug_4868
8.82s	done  gpu gm  skbug_4868
8.82s	start gpu gm  skbug_257
8.86s	done  gpu gm  skbug_257
8.86s	start gpu gm  simplerect
8.93s	done  gpu gm  simplerect
8.93s	start gpu gm  simple-magnification
8.95s	done  gpu gm  simple-magnification
8.95s	start gpu gm  simpleaaclip_aaclip
8.99s	done  gpu gm  simpleaaclip_aaclip
8.99s	start gpu gm  simpleaaclip_path
9.03s	done  gpu gm  simpleaaclip_path
9.03s	start gpu gm  simpleaaclip_rect
9.07s	done  gpu gm  simpleaaclip_rect
9.07s	start gpu gm  showmiplevels2_256x256
9.13s	done  gpu gm  showmiplevels2_256x256
9.13s	start gpu gm  showmiplevels2_255x256
9.19s	done  gpu gm  showmiplevels2_255x256
9.19s	start gpu gm  showmiplevels2_256x255
9.26s	done  gpu gm  showmiplevels2_256x255
9.26s	start gpu gm  showmiplevels2_255x255
9.33s	done  gpu gm  showmiplevels2_255x255
9.33s	start gpu gm  showmiplevels_256
9.41s	done  gpu gm  showmiplevels_256
9.41s	start gpu gm  showmiplevels_255
9.5s	done  gpu gm  showmiplevels_255
9.5s	start gpu gm  innershapes_bw
9.53s	done  gpu gm  innershapes_bw
9.53s	start gpu gm  innershapes
9.57s	done  gpu gm  innershapes
9.57s	start gpu gm  simpleshapes_bw
9.6s	done  gpu gm  simpleshapes_bw
9.6s	start gpu gm  simpleshapes
9.64s	done  gpu gm  simpleshapes
9.64s	start gpu gm  shallow_gradient_sweep_nodither
9.69s	done  gpu gm  shallow_gradient_sweep_nodither
9.69s	start gpu gm  shallow_gradient_conical_nodither
9.74s	done  gpu gm  shallow_gradient_conical_nodither
9.74s	start gpu gm  shallow_gradient_radial_nodither
9.8s	done  gpu gm  shallow_gradient_radial_nodither
9.8s	start gpu gm  shallow_gradient_linear_nodither
9.85s	done  gpu gm  shallow_gradient_linear_nodither
9.85s	start gpu gm  shallow_gradient_sweep
10s	done  gpu gm  shallow_gradient_sweep
10s	start gpu gm  shallow_gradient_conical
10.2s	done  gpu gm  shallow_gradient_conical
10.2s	start gpu gm  shallow_gradient_radial
10.3s	done  gpu gm  shallow_gradient_radial
10.3s	start gpu gm  shallow_gradient_linear
10.5s	done  gpu gm  shallow_gradient_linear
10.5s	start gpu gm  shadow_utils
10.6s	done  gpu gm  shadow_utils
10.6s	start gpu gm  shadows
10.6s	done  gpu gm  shadows
10.6s	start gpu gm  shadertext3
10.8s	done  gpu gm  shadertext3
10.8s	start gpu gm  shadertext2
11s	done  gpu gm  shadertext2
11s	start gpu gm  shadertext
11.1s	done  gpu gm  shadertext
11.1s	start gpu gm  shaderbounds_linear
11.1s	done  gpu gm  shaderbounds_linear
11.1s	start gpu gm  scaledstrokes
11.2s	done  gpu gm  scaledstrokes
11.2s	start gpu gm  savelayer_initfromprev
11.2s	done  gpu gm  savelayer_initfromprev
11.2s	start gpu gm  picture_savelayer
11.3s	done  gpu gm  picture_savelayer
11.3s	start gpu gm  savelayer_clipped
11.3s	done  gpu gm  savelayer_clipped
11.3s	start gpu gm  savelayer_unclipped
11.4s	done  gpu gm  savelayer_unclipped
11.4s	start gpu gm  gpusamplerstress
11.4s	done  gpu gm  gpusamplerstress
11.4s	start gpu gm  rrect_effect
11.5s	done  gpu gm  rrect_effect
11.5s	start gpu gm  rrect_clip_bw
11.5s	done  gpu gm  rrect_clip_bw
11.5s	start gpu gm  rrect_clip_aa
11.5s	done  gpu gm  rrect_clip_aa
11.5s	start gpu gm  rrect_draw_bw
11.6s	done  gpu gm  rrect_draw_bw
11.6s	start gpu gm  rrect_draw_aa
11.6s	done  gpu gm  rrect_draw_aa
11.6s	start gpu gm  rrect_clip_draw_paint
11.6s	done  gpu gm  rrect_clip_draw_paint
11.6s	start gpu gm  rrect
11.7s	done  gpu gm  rrect
11.7s	start gpu gm  roundrects
11.8s	done  gpu gm  roundrects
11.8s	start gpu gm  reveal
11.8s	done  gpu gm  reveal
11.8s	start gpu gm  resizeimagefilter
11.9s	done  gpu gm  resizeimagefilter
11.9s	start gpu gm  repeated_bitmap_jpg
12s	done  gpu gm  repeated_bitmap_jpg
12s	start gpu gm  repeated_bitmap
12s	done  gpu gm  repeated_bitmap
12s	start gpu gm  rects
12.1s	done  gpu gm  rects
12.1s	start gpu gm  rectangle_texture
12.1s	done  gpu gm  rectangle_texture
12.1s	start gpu gm  recordopts
12.1s	done  gpu gm  recordopts
12.1s	start gpu gm  readpixelspicture
12.2s	done  gpu gm  readpixelspicture
12.2s	start gpu gm  readpixelscodec
12.2s	done  gpu gm  readpixelscodec
12.2s	start gpu gm  readpixels
12.2s	done  gpu gm  readpixels
12.2s	start gpu gm  quadclosepath
12.3s	done  gpu gm  quadclosepath
12.3s	start gpu gm  quadpath
12.4s	done  gpu gm  quadpath
12.4s	start gpu gm  polygons
12.5s	done  gpu gm  polygons
12.5s	start gpu gm  poly2poly
12.5s	done  gpu gm  poly2poly
12.5s	start gpu gm  points
12.6s	done  gpu gm  points
12.6s	start gpu gm  PlusMergesAA
12.6s	done  gpu gm  PlusMergesAA
12.6s	start gpu gm  pixel_snap_combo
12.6s	done  gpu gm  pixel_snap_combo
12.6s	start gpu gm  pixel_snap_rect
12.7s	done  gpu gm  pixel_snap_rect
12.7s	start gpu gm  pixel_snap_line
12.7s	done  gpu gm  pixel_snap_line
12.7s	start gpu gm  pixel_snap_point
12.7s	done  gpu gm  pixel_snap_point
12.7s	start gpu gm  pictureshadertile
12.8s	done  gpu gm  pictureshadertile
12.8s	start gpu gm  tiled_picture_shader
12.8s	done  gpu gm  tiled_picture_shader
12.8s	start gpu gm  pictureshader
13s	done  gpu gm  pictureshader
13s	start gpu gm  pictureimagegenerator
13.1s	done  gpu gm  pictureimagegenerator
13.1s	start gpu gm  pictureimagefilter
13.2s	done  gpu gm  pictureimagefilter
13.2s	start gpu gm  pictures
13.2s	done  gpu gm  pictures
13.2s	start gpu gm  persp_shaders_bw
13.2s	done  gpu gm  persp_shaders_bw
13.2s	start gpu gm  persp_shaders_aa
13.3s	done  gpu gm  persp_shaders_aa
13.3s	start gpu gm  perlinnoise_localmatrix
13.4s	done  gpu gm  perlinnoise_localmatrix
13.4s	start gpu gm  perlinnoise
13.4s	done  gpu gm  perlinnoise
13.4s	start gpu gm  pdf_never_embed
13.5s	done  gpu gm  pdf_never_embed
13.5s	start gpu gm  path-reverse
13.5s	done  gpu gm  path-reverse
13.5s	start gpu gm  pathopsskpclip
13.6s	done  gpu gm  pathopsskpclip
13.6s	start gpu gm  pathopsinverse
13.7s	done  gpu gm  pathopsinverse
13.7s	start gpu gm  path_mask_cache
13.8s	done  gpu gm  path_mask_cache
13.8s	start gpu gm  pathinterior
13.8s	done  gpu gm  pathinterior
13.8s	start gpu gm  pathinvfill
13.9s	done  gpu gm  pathinvfill
13.9s	start gpu gm  pathfill
13.9s	done  gpu gm  pathfill
13.9s	start gpu gm  rotatedcubicpath
13.9s	done  gpu gm  rotatedcubicpath
13.9s	start gpu gm  patheffect
14s	done  gpu gm  patheffect
14s	start gpu gm  contour_start
14s	done  gpu gm  contour_start
14s	start gpu gm  path_stroke_with_zero_length
14.1s	done  gpu gm  path_stroke_with_zero_length
14.1s	start gpu gm  patch_grid
14.3s	done  gpu gm  patch_grid
14.3s	start gpu gm  patch_primitive
14.5s	done  gpu gm  patch_primitive
14.5s	start gpu gm  OverStroke
14.5s	done  gpu gm  OverStroke
14.5s	start gpu gm  overdrawcolorfilter
14.5s	done  gpu gm  overdrawcolorfilter
14.5s	start gpu gm  ovals
14.6s	done  gpu gm  ovals
14.6s	start gpu gm  simple-offsetimagefilter
14.7s	done  gpu gm  simple-offsetimagefilter
14.7s	start gpu gm  offsetimagefilter
14.7s	done  gpu gm  offsetimagefilter
14.7s	start gpu gm  occludedrrectblur
14.7s	done  gpu gm  occludedrrectblur
14.7s	start gpu gm  nonclosedpaths
14.9s	done  gpu gm  nonclosedpaths
14.9s	start gpu gm  ninepatch-stretch
15s	done  gpu gm  ninepatch-stretch
15s	start gpu gm  nested_flipY_bw
15s	done  gpu gm  nested_flipY_bw
15s	start gpu gm  nested_flipY_aa
15s	done  gpu gm  nested_flipY_aa
15s	start gpu gm  nested_bw
15s	done  gpu gm  nested_bw
15s	start gpu gm  nested_aa
15.1s	done  gpu gm  nested_aa
15.1s	start gpu gm  multipicturedraw_biglayer_tiled
15.1s	done  gpu gm  multipicturedraw_biglayer_tiled
15.1s	start gpu gm  multipicturedraw_sierpinski_tiled
15.1s	
15.1s elapsed, 1 active, 418 queued, 147MB RAM, 303MB peak
15.1s		gpu gm  multipicturedraw_sierpinski_tiled
15.2s	done  gpu gm  multipicturedraw_sierpinski_tiled
15.2s	start gpu gm  multipicturedraw_invpathclip_tiled
15.3s	done  gpu gm  multipicturedraw_invpathclip_tiled
15.3s	start gpu gm  multipicturedraw_pathclip_tiled
15.3s	done  gpu gm  multipicturedraw_pathclip_tiled
15.3s	start gpu gm  multipicturedraw_rrectclip_tiled
15.4s	done  gpu gm  multipicturedraw_rrectclip_tiled
15.4s	start gpu gm  multipicturedraw_rectclip_tiled
15.4s	done  gpu gm  multipicturedraw_rectclip_tiled
15.4s	start gpu gm  multipicturedraw_noclip_tiled
15.5s	done  gpu gm  multipicturedraw_noclip_tiled
15.5s	start gpu gm  multipicturedraw_biglayer_simple
15.5s	done  gpu gm  multipicturedraw_biglayer_simple
15.5s	start gpu gm  multipicturedraw_sierpinski_simple
15.6s	done  gpu gm  multipicturedraw_sierpinski_simple
15.6s	start gpu gm  multipicturedraw_invpathclip_simple
15.6s	done  gpu gm  multipicturedraw_invpathclip_simple
15.6s	start gpu gm  multipicturedraw_pathclip_simple
15.7s	done  gpu gm  multipicturedraw_pathclip_simple
15.7s	start gpu gm  multipicturedraw_rrectclip_simple
15.8s	done  gpu gm  multipicturedraw_rrectclip_simple
15.8s	start gpu gm  multipicturedraw_rectclip_simple
15.8s	done  gpu gm  multipicturedraw_rectclip_simple
15.8s	start gpu gm  multipicturedraw_noclip_simple
15.9s	done  gpu gm  multipicturedraw_noclip_simple
15.9s	start gpu gm  morphology
15.9s	done  gpu gm  morphology
15.9s	start gpu gm  modecolorfilters
16.1s	done  gpu gm  modecolorfilters
16.1s	start gpu gm  mixedtextblobs
16.2s	done  gpu gm  mixedtextblobs
16.2s	start gpu gm  mipmap_gray8_srgb
16.2s	done  gpu gm  mipmap_gray8_srgb
16.2s	start gpu gm  mipmap_srgb
16.2s	done  gpu gm  mipmap_srgb
16.2s	start gpu gm  mipmap
16.3s	done  gpu gm  mipmap
16.3s	start gpu gm  megalooper_1x4
16.4s	done  gpu gm  megalooper_1x4
16.4s	start gpu gm  megalooper_4x1
16.5s	done  gpu gm  megalooper_4x1
16.5s	start gpu gm  megalooper_0x0
16.7s	done  gpu gm  megalooper_0x0
16.7s	start gpu gm  matriximagefilter
16.7s	done  gpu gm  matriximagefilter
16.7s	start gpu gm  matrixconvolution_color
16.7s	done  gpu gm  matrixconvolution_color
16.7s	start gpu gm  matrixconvolution
16.8s	done  gpu gm  matrixconvolution
16.8s	start gpu gm  manyrrects
16.8s	done  gpu gm  manyrrects
16.8s	start gpu gm  manycircles
16.9s	done  gpu gm  manycircles
16.9s	start gpu gm  lumafilter
16.9s	done  gpu gm  lumafilter
16.9s	start gpu gm  localmatriximagefilter
17s	done  gpu gm  localmatriximagefilter
17s	start gpu gm  lineclosepath
17.1s	done  gpu gm  lineclosepath
17.1s	start gpu gm  linepath
17.2s	done  gpu gm  linepath
17.2s	start gpu gm  lightingshaderbevel
17.3s	done  gpu gm  lightingshaderbevel
17.3s	start gpu gm  lightingshader2
17.4s	done  gpu gm  lightingshader2
17.4s	start gpu gm  lightingshader
17.4s	done  gpu gm  lightingshader
17.4s	start gpu gm  lighting
17.6s	done  gpu gm  lighting
17.6s	start gpu gm  savelayer_lcdtext
17.7s	done  gpu gm  savelayer_lcdtext
17.7s	start gpu gm  lcdtextsize
17.7s	done  gpu gm  lcdtextsize
17.7s	start gpu gm  lcdtext
17.7s	done  gpu gm  lcdtext
17.7s	start gpu gm  lcdoverlap
17.8s	done  gpu gm  lcdoverlap
17.8s	start gpu gm  lcdblendmodes
17.9s	done  gpu gm  lcdblendmodes
17.9s	start gpu gm  lattice
18s	done  gpu gm  lattice
18s	start gpu gm  largeglyphblur
18.2s	done  gpu gm  largeglyphblur
18.2s	start gpu gm  inverse_paths
18.3s	done  gpu gm  inverse_paths
18.3s	start gpu gm  internal_links
18.4s	done  gpu gm  internal_links
18.4s	start gpu gm  image_to_yuv_planes
18.4s	done  gpu gm  image_to_yuv_planes
18.4s	start gpu gm  imagesrc2_high
18.4s	done  gpu gm  imagesrc2_high
18.4s	start gpu gm  imagesrc2_med
18.4s	done  gpu gm  imagesrc2_med
18.4s	start gpu gm  imagesrc2_low
18.5s	done  gpu gm  imagesrc2_low
18.5s	start gpu gm  imagesrc2_none
18.5s	done  gpu gm  imagesrc2_none
18.5s	start gpu gm  imagesource
18.5s	done  gpu gm  imagesource
18.5s	start gpu gm  image_scale_aligned
18.6s	done  gpu gm  image_scale_aligned
18.6s	start gpu gm  imageresizetiled
18.7s	done  gpu gm  imageresizetiled
18.7s	start gpu gm  imagemasksubset
18.7s	done  gpu gm  imagemasksubset
18.7s	start gpu gm  imagemakewithfilter
18.8s	done  gpu gm  imagemakewithfilter
18.8s	start gpu gm  imagemagnifier_cropped
18.8s	done  gpu gm  imagemagnifier_cropped
18.8s	start gpu gm  imagemagnifier
19s	done  gpu gm  imagemagnifier
19s	start gpu gm  image_from_yuv_textures
19.1s	done  gpu gm  image_from_yuv_textures
19.1s	start gpu gm  rotate_imagefilter
19.1s	done  gpu gm  rotate_imagefilter
19.1s	start gpu gm  imagefilterstransformed
19.2s	done  gpu gm  imagefilterstransformed
19.2s	start gpu gm  imagefiltersstroked
19.2s	done  gpu gm  imagefiltersstroked
19.2s	start gpu gm  imagefiltersscaled
19.4s	done  gpu gm  imagefiltersscaled
19.4s	start gpu gm  imagefiltersgraph
19.5s	done  gpu gm  imagefiltersgraph
19.5s	start gpu gm  imagefilterscropped
19.6s	done  gpu gm  imagefilterscropped
19.6s	start gpu gm  imagefilterscropexpand
19.7s	done  gpu gm  imagefilterscropexpand
19.7s	start gpu gm  imagefiltersclipped
19.8s	done  gpu gm  imagefiltersclipped
19.8s	start gpu gm  textfilter_color
19.9s	done  gpu gm  textfilter_color
19.9s	start gpu gm  textfilter_image
19.9s	done  gpu gm  textfilter_image
19.9s	start gpu gm  imagefiltersbase
20s	done  gpu gm  imagefiltersbase
20s	start gpu gm  savelayer_with_backdrop
20.2s	done  gpu gm  savelayer_with_backdrop
20.2s	start gpu gm  fast_slow_blurimagefilter
20.2s	done  gpu gm  fast_slow_blurimagefilter
20.2s	start gpu gm  imagefilters_xfermodes
20.2s	done  gpu gm  imagefilters_xfermodes
20.2s	start gpu gm  imageblurtiled
20.3s	done  gpu gm  imageblurtiled
20.3s	start gpu gm  imageblur2
20.5s	done  gpu gm  imageblur2
20.5s	start gpu gm  imageblur_large
20.6s	done  gpu gm  imageblur_large
20.6s	start gpu gm  imageblur
20.7s	done  gpu gm  imageblur
20.7s	start gpu gm  imagealphathreshold_surface
20.7s	done  gpu gm  imagealphathreshold_surface
20.7s	start gpu gm  imagealphathreshold
20.7s	done  gpu gm  imagealphathreshold
20.7s	start gpu gm  imagealphathreshold_crop
20.8s	done  gpu gm  imagealphathreshold_crop
20.8s	start gpu gm  image-shader
20.8s	done  gpu gm  image-shader
20.8s	start gpu gm  image-cacherator-from-texture
20.9s	done  gpu gm  image-cacherator-from-texture
20.9s	start gpu gm  image-cacherator-from-ctable
20.9s	done  gpu gm  image-cacherator-from-ctable
20.9s	start gpu gm  image-cacherator-from-raster
21s	done  gpu gm  image-cacherator-from-raster
21s	start gpu gm  image-cacherator-from-picture
21s	done  gpu gm  image-cacherator-from-picture
21s	start gpu gm  image-picture
21.1s	done  gpu gm  image-picture
21.1s	start gpu gm  new_texture_image
21.1s	done  gpu gm  new_texture_image
21.1s	start gpu gm  scale-pixels
21.2s	done  gpu gm  scale-pixels
21.2s	start gpu gm  image-surface
21.3s	done  gpu gm  image-surface
21.3s	start gpu gm  hittestpath
21.4s	done  gpu gm  hittestpath
21.4s	start gpu gm  highcontrastfilter
21.5s	done  gpu gm  highcontrastfilter
21.5s	start gpu gm  hardstop_gradients
21.5s	done  gpu gm  hardstop_gradients
21.5s	start gpu gm  hairmodes
21.6s	done  gpu gm  hairmodes
21.6s	start gpu gm  hairlines
21.7s	done  gpu gm  hairlines
21.7s	start gpu gm  squarehair
21.7s	done  gpu gm  squarehair
21.7s	start gpu gm  grayscalejpg
21.8s	done  gpu gm  grayscalejpg
21.8s	start gpu gm  chrome_gradtext2
21.8s	done  gpu gm  chrome_gradtext2
21.8s	start gpu gm  chrome_gradtext1
21.8s	done  gpu gm  chrome_gradtext1
21.8s	start gpu gm  gradtext
21.9s	done  gpu gm  gradtext
21.9s	start gpu gm  gradients_many_nodither
21.9s	done  gpu gm  gradients_many_nodither
21.9s	start gpu gm  gradients_many
22s	done  gpu gm  gradients_many
22s	start gpu gm  gradients_no_texture_nodither
22s	done  gpu gm  gradients_no_texture_nodither
22s	start gpu gm  gradients_no_texture
22.1s	done  gpu gm  gradients_no_texture
22.1s	start gpu gm  gradients_2pt_conical_edge_nodither
22.2s	done  gpu gm  gradients_2pt_conical_edge_nodither
22.2s	start gpu gm  gradients_2pt_conical_outside_nodither
22.3s	done  gpu gm  gradients_2pt_conical_outside_nodither
22.3s	start gpu gm  gradients_2pt_conical_inside_nodither
22.4s	done  gpu gm  gradients_2pt_conical_inside_nodither
22.4s	start gpu gm  gradients_2pt_conical_edge
22.5s	done  gpu gm  gradients_2pt_conical_edge
22.5s	start gpu gm  gradients_2pt_conical_outside
22.6s	done  gpu gm  gradients_2pt_conical_outside
22.6s	start gpu gm  gradients_2pt_conical_inside
22.8s	done  gpu gm  gradients_2pt_conical_inside
22.8s	start gpu gm  gradient_subpixel_4f
22.8s	done  gpu gm  gradient_subpixel_4f
22.8s	start gpu gm  gradient_subpixel
22.9s	done  gpu gm  gradient_subpixel
22.9s	start gpu gm  gradient_many_stops_4f
22.9s	done  gpu gm  gradient_many_stops_4f
22.9s	start gpu gm  gradient_many_stops
23s	done  gpu gm  gradient_many_stops
23s	start gpu gm  gradients_dup_color_stops
23.1s	done  gpu gm  gradients_dup_color_stops
23.1s	start gpu gm  linear_gradient_tiny_4f
23.1s	done  gpu gm  linear_gradient_tiny_4f
23.1s	start gpu gm  linear_gradient_tiny
23.1s	done  gpu gm  linear_gradient_tiny
23.1s	start gpu gm  linear_gradient_nodither
23.2s	done  gpu gm  linear_gradient_nodither
23.2s	start gpu gm  linear_gradient
23.3s	done  gpu gm  linear_gradient
23.3s	start gpu gm  radial_gradient4_nodither
23.3s	done  gpu gm  radial_gradient4_nodither
23.3s	start gpu gm  radial_gradient4
23.4s	done  gpu gm  radial_gradient4
23.4s	start gpu gm  radial_gradient3_nodither
23.4s	done  gpu gm  radial_gradient3_nodither
23.4s	start gpu gm  radial_gradient3
23.5s	done  gpu gm  radial_gradient3
23.5s	start gpu gm  radial_gradient2_nodither
23.6s	done  gpu gm  radial_gradient2_nodither
23.6s	start gpu gm  radial_gradient2
23.8s	done  gpu gm  radial_gradient2
23.8s	start gpu gm  radial_gradient
24.2s	done  gpu gm  radial_gradient
24.2s	start gpu gm  clamped_gradients_nodither
24.3s	done  gpu gm  clamped_gradients_nodither
24.3s	start gpu gm  clamped_gradients
24.3s	done  gpu gm  clamped_gradients
24.3s	start gpu gm  small_color_stop
24.3s	done  gpu gm  small_color_stop
24.3s	start gpu gm  gradients_degenerate_2pt_nodither
24.3s	done  gpu gm  gradients_degenerate_2pt_nodither
24.3s	start gpu gm  gradients_degenerate_2pt
24.4s	done  gpu gm  gradients_degenerate_2pt
24.4s	start gpu gm  gradients_view_perspective_nodither
24.5s	done  gpu gm  gradients_view_perspective_nodither
24.5s	start gpu gm  gradients_view_perspective
24.6s	done  gpu gm  gradients_view_perspective
24.6s	start gpu gm  gradients_local_perspective_nodither
24.7s	done  gpu gm  gradients_local_perspective_nodither
24.7s	start gpu gm  gradients_local_perspective
24.9s	done  gpu gm  gradients_local_perspective
24.9s	start gpu gm  gradients4f_nodither
25s	done  gpu gm  gradients4f_nodither
25s	start gpu gm  gradients4f
25.2s	done  gpu gm  gradients4f
25.2s	start gpu gm  gradients_nodither
25.2s	done  gpu gm  gradients_nodither
25.2s	start gpu gm  gradients
25.4s	done  gpu gm  gradients
25.4s	start gpu gm  gradient_dirty_laundry
25.4s	done  gpu gm  gradient_dirty_laundry
25.4s	start gpu gm  gradient_matrix
25.5s	done  gpu gm  gradient_matrix
25.5s	start gpu gm  glyph_pos_align
25.5s	done  gpu gm  glyph_pos_align
25.5s	start gpu gm  glyph_pos_n_f
25.6s	done  gpu gm  glyph_pos_n_f
25.6s	start gpu gm  glyph_pos_h_f
25.6s	done  gpu gm  glyph_pos_h_f
25.6s	start gpu gm  glyph_pos_n_s
25.7s	done  gpu gm  glyph_pos_n_s
25.7s	start gpu gm  glyph_pos_h_s
25.8s	done  gpu gm  glyph_pos_h_s
25.8s	start gpu gm  glyph_pos_n_b
25.8s	done  gpu gm  glyph_pos_n_b
25.8s	start gpu gm  glyph_pos_h_b
25.9s	done  gpu gm  glyph_pos_h_b
25.9s	start gpu gm  giantbitmap_mirror_bilerp_rotate
25.9s	done  gpu gm  giantbitmap_mirror_bilerp_rotate
25.9s	start gpu gm  giantbitmap_repeat_bilerp_rotate
25.9s	done  gpu gm  giantbitmap_repeat_bilerp_rotate
25.9s	start gpu gm  giantbitmap_clamp_bilerp_rotate
26s	done  gpu gm  giantbitmap_clamp_bilerp_rotate
26s	start gpu gm  giantbitmap_mirror_point_rotate
26s	done  gpu gm  giantbitmap_mirror_point_rotate
26s	start gpu gm  giantbitmap_repeat_point_rotate
26s	done  gpu gm  giantbitmap_repeat_point_rotate
26s	start gpu gm  giantbitmap_clamp_point_rotate
26.1s	done  gpu gm  giantbitmap_clamp_point_rotate
26.1s	start gpu gm  giantbitmap_mirror_bilerp_scale
26.1s	done  gpu gm  giantbitmap_mirror_bilerp_scale
26.1s	start gpu gm  giantbitmap_repeat_bilerp_scale
26.1s	done  gpu gm  giantbitmap_repeat_bilerp_scale
26.1s	start gpu gm  giantbitmap_clamp_bilerp_scale
26.2s	done  gpu gm  giantbitmap_clamp_bilerp_scale
26.2s	start gpu gm  giantbitmap_mirror_point_scale
26.2s	done  gpu gm  giantbitmap_mirror_point_scale
26.2s	start gpu gm  giantbitmap_repeat_point_scale
26.2s	done  gpu gm  giantbitmap_repeat_point_scale
26.2s	start gpu gm  giantbitmap_clamp_point_scale
26.3s	done  gpu gm  giantbitmap_clamp_point_scale
26.3s	start gpu gm  getpostextpath
26.3s	done  gpu gm  getpostextpath
26.3s	start gpu gm  gaussianedge
26.4s	done  gpu gm  gaussianedge
26.4s	start gpu gm  gamut
26.4s	done  gpu gm  gamut
26.4s	start gpu gm  gammagradienttext
26.5s	done  gpu gm  gammagradienttext
26.5s	start gpu gm  gammatext
26.5s	done  gpu gm  gammatext
26.5s	start gpu gm  gamma
26.6s	done  gpu gm  gamma
26.6s	start gpu gm  fontscalerdistortable
26.7s	done  gpu gm  fontscalerdistortable
26.7s	start gpu gm  fontscaler
26.8s	done  gpu gm  fontscaler
26.8s	start gpu gm  fontmgr_bounds_1_-0.25
27s	done  gpu gm  fontmgr_bounds_1_-0.25
27s	start gpu gm  fontmgr_bounds_0.75_0
27.1s	done  gpu gm  fontmgr_bounds_0.75_0
27.1s	start gpu gm  fontmgr_bounds
27.3s	done  gpu gm  fontmgr_bounds
27.3s	start gpu gm  fontmgr_match
27.4s	done  gpu gm  fontmgr_match
27.4s	start gpu gm  fontmgr_iter
29.2s	done  gpu gm  fontmgr_iter
29.2s	start gpu gm  fontcache
29.3s	done  gpu gm  fontcache
29.3s	start gpu gm  filterindiabox
29.4s	done  gpu gm  filterindiabox
29.4s	start gpu gm  filterfastbounds
29.4s	done  gpu gm  filterfastbounds
29.4s	start gpu gm  filterbug
29.5s	done  gpu gm  filterbug
29.5s	start gpu gm  filterbitmap_image_color_wheel.png
29.6s	done  gpu gm  filterbitmap_image_color_wheel.png
29.6s	start gpu gm  filterbitmap_image_mandrill_512.png
29.9s	done  gpu gm  filterbitmap_image_mandrill_512.png
29.9s	start gpu gm  filterbitmap_image_mandrill_256.png
30s	done  gpu gm  filterbitmap_image_mandrill_256.png
30s	start gpu gm  filterbitmap_image_mandrill_128.png
30.1s	
30.1s elapsed, 1 active, 241 queued, 153MB RAM, 303MB peak
30.1s		gpu gm  filterbitmap_image_mandrill_128.png
30.2s	done  gpu gm  filterbitmap_image_mandrill_128.png
30.2s	start gpu gm  filterbitmap_image_mandrill_64.png_g8
30.3s	done  gpu gm  filterbitmap_image_mandrill_64.png_g8
30.3s	start gpu gm  filterbitmap_image_mandrill_64.png
30.5s	done  gpu gm  filterbitmap_image_mandrill_64.png
30.5s	start gpu gm  filterbitmap_image_mandrill_32.png
30.6s	done  gpu gm  filterbitmap_image_mandrill_32.png
30.6s	start gpu gm  filterbitmap_image_mandrill_16.png
30.8s	done  gpu gm  filterbitmap_image_mandrill_16.png
30.8s	start gpu gm  filterbitmap_checkerboard_192_192
30.9s	done  gpu gm  filterbitmap_checkerboard_192_192
30.9s	start gpu gm  filterbitmap_checkerboard_32_2
30.9s	done  gpu gm  filterbitmap_checkerboard_32_2
30.9s	start gpu gm  filterbitmap_checkerboard_32_8
31s	done  gpu gm  filterbitmap_checkerboard_32_8
31s	start gpu gm  filterbitmap_checkerboard_32_32_g8
31.1s	done  gpu gm  filterbitmap_checkerboard_32_32_g8
31.1s	start gpu gm  filterbitmap_checkerboard_32_32
31.2s	done  gpu gm  filterbitmap_checkerboard_32_32
31.2s	start gpu gm  filterbitmap_checkerboard_4_4
31.3s	done  gpu gm  filterbitmap_checkerboard_4_4
31.3s	start gpu gm  filterbitmap_text_10.00pt
31.3s	done  gpu gm  filterbitmap_text_10.00pt
31.3s	start gpu gm  filterbitmap_text_7.00pt
31.4s	done  gpu gm  filterbitmap_text_7.00pt
31.4s	start gpu gm  filterbitmap_text_3.00pt
31.5s	done  gpu gm  filterbitmap_text_3.00pt
31.5s	start gpu gm  filltypespersp
31.6s	done  gpu gm  filltypespersp
31.6s	start gpu gm  filltypes
31.7s	done  gpu gm  filltypes
31.7s	start gpu gm  fatpathfill
31.7s	done  gpu gm  fatpathfill
31.7s	start gpu gm  fadefilter
31.7s	done  gpu gm  fadefilter
31.7s	start gpu gm  extractbitmap
31.8s	done  gpu gm  extractbitmap
31.8s	start gpu gm  etc1
31.8s	done  gpu gm  etc1
31.8s	start gpu gm  encode-srgb-jpg
31.9s	done  gpu gm  encode-srgb-jpg
31.9s	start gpu gm  encode-srgb-webp
32.1s	done  gpu gm  encode-srgb-webp
32.1s	start gpu gm  encode-srgb-png
32.3s	done  gpu gm  encode-srgb-png
32.3s	start gpu gm  encode-platform
32.9s	done  gpu gm  encode-platform
32.9s	start gpu gm  encode
33.3s	done  gpu gm  encode
33.3s	start gpu gm  emptystroke
33.3s	done  gpu gm  emptystroke
33.3s	start gpu gm  emptypath
33.3s	done  gpu gm  emptypath
33.3s	start gpu gm  dstreadshuffle
33.4s	done  gpu gm  dstreadshuffle
33.4s	start gpu gm  drrect
33.5s	done  gpu gm  drrect
33.5s	start gpu gm  dropshadowimagefilter
33.6s	done  gpu gm  dropshadowimagefilter
33.6s	start gpu gm  drawregionmodes
33.6s	done  gpu gm  drawregionmodes
33.6s	start gpu gm  drawregion
33.8s	done  gpu gm  drawregion
33.8s	start gpu gm  drawminibitmaprect
33.9s	done  gpu gm  drawminibitmaprect
33.9s	start gpu gm  drawminibitmaprect_aa
34s	done  gpu gm  drawminibitmaprect_aa
34s	start gpu gm  drawlooper
34.1s	done  gpu gm  drawlooper
34.1s	start gpu gm  drawfilter
34.1s	done  gpu gm  drawfilter
34.1s	start gpu gm  drawbitmaprect-imagerect-subset
34.2s	done  gpu gm  drawbitmaprect-imagerect-subset
34.2s	start gpu gm  drawbitmaprect-imagerect
34.4s	done  gpu gm  drawbitmaprect-imagerect
34.4s	start gpu gm  drawbitmaprect-subset
34.5s	done  gpu gm  drawbitmaprect-subset
34.5s	start gpu gm  drawbitmaprect
34.7s	done  gpu gm  drawbitmaprect
34.7s	start gpu gm  draw-atlas-colors
34.7s	done  gpu gm  draw-atlas-colors
34.7s	start gpu gm  drawTextRSXform
34.8s	done  gpu gm  drawTextRSXform
34.8s	start gpu gm  draw-atlas
34.9s	done  gpu gm  draw-atlas
34.9s	start gpu gm  drawable
34.9s	done  gpu gm  drawable
34.9s	start gpu gm  draw_bitmap_rect_skbug4734
34.9s	done  gpu gm  draw_bitmap_rect_skbug4734
34.9s	start gpu gm  downsamplebitmap_image_none_mandrill_512.png
35.1s	done  gpu gm  downsamplebitmap_image_none_mandrill_512.png
35.1s	start gpu gm  downsamplebitmap_checkerboard_none_512_256
35.2s	done  gpu gm  downsamplebitmap_checkerboard_none_512_256
35.2s	start gpu gm  downsamplebitmap_text_none_72.00pt
35.3s	done  gpu gm  downsamplebitmap_text_none_72.00pt
35.3s	start gpu gm  downsamplebitmap_image_low_mandrill_512.png
35.5s	done  gpu gm  downsamplebitmap_image_low_mandrill_512.png
35.5s	start gpu gm  downsamplebitmap_checkerboard_low_512_256
35.6s	done  gpu gm  downsamplebitmap_checkerboard_low_512_256
35.6s	start gpu gm  downsamplebitmap_text_low_72.00pt
35.7s	done  gpu gm  downsamplebitmap_text_low_72.00pt
35.7s	start gpu gm  downsamplebitmap_image_medium_mandrill_512.png
36s	done  gpu gm  downsamplebitmap_image_medium_mandrill_512.png
36s	start gpu gm  downsamplebitmap_checkerboard_medium_512_256
36.1s	done  gpu gm  downsamplebitmap_checkerboard_medium_512_256
36.1s	start gpu gm  downsamplebitmap_text_medium_72.00pt
36.2s	done  gpu gm  downsamplebitmap_text_medium_72.00pt
36.2s	start gpu gm  downsamplebitmap_image_high_mandrill_512.png
36.4s	done  gpu gm  downsamplebitmap_image_high_mandrill_512.png
36.4s	start gpu gm  downsamplebitmap_checkerboard_high_512_256
36.5s	done  gpu gm  downsamplebitmap_checkerboard_high_512_256
36.5s	start gpu gm  downsamplebitmap_text_high_72.00pt
36.6s	done  gpu gm  downsamplebitmap_text_high_72.00pt
36.6s	start gpu gm  distantclip
36.6s	done  gpu gm  distantclip
36.6s	start gpu gm  displacement
36.7s	done  gpu gm  displacement
36.7s	start gpu gm  discard
36.7s	done  gpu gm  discard
36.7s	start gpu gm  dftext
36.8s	done  gpu gm  dftext
36.8s	start gpu gm  degeneratesegments
36.9s	done  gpu gm  degeneratesegments
36.9s	start gpu gm  deferred_texture_image_medium_decoded_indexed
36.9s	done  gpu gm  deferred_texture_image_medium_decoded_indexed
36.9s	start gpu gm  deferred_texture_image_medium_encoded_indexed
36.9s	done  gpu gm  deferred_texture_image_medium_encoded_indexed
36.9s	start gpu gm  deferred_texture_image_high
37.1s	done  gpu gm  deferred_texture_image_high
37.1s	start gpu gm  deferred_texture_image_medium_decoded
37.3s	done  gpu gm  deferred_texture_image_medium_decoded
37.3s	start gpu gm  deferred_texture_image_medium_encoded
37.5s	done  gpu gm  deferred_texture_image_medium_encoded
37.5s	start gpu gm  deferred_texture_image_low
37.6s	done  gpu gm  deferred_texture_image_low
37.6s	start gpu gm  deferred_texture_image_none
37.8s	done  gpu gm  deferred_texture_image_none
37.8s	start gpu gm  dashing5_bw
37.8s	done  gpu gm  dashing5_bw
37.8s	start gpu gm  dashing5_aa
37.8s	done  gpu gm  dashing5_aa
37.8s	start gpu gm  dashing4
37.8s	done  gpu gm  dashing4
37.8s	start gpu gm  dashing3
37.9s	done  gpu gm  dashing3
37.9s	start gpu gm  dashing2
37.9s	done  gpu gm  dashing2
37.9s	start gpu gm  dashing
38s	done  gpu gm  dashing
38s	start gpu gm  dashtextcaps
38s	done  gpu gm  dashtextcaps
38s	start gpu gm  longwavyline
38.1s	done  gpu gm  longwavyline
38.1s	start gpu gm  longlinedash
38.1s	done  gpu gm  longlinedash
38.1s	start gpu gm  longpathdash
38.3s	done  gpu gm  longpathdash
38.3s	start gpu gm  dashcubics
38.4s	done  gpu gm  dashcubics
38.4s	start gpu gm  dashcircle
38.6s	done  gpu gm  dashcircle
38.6s	start gpu gm  clippedcubic2
38.7s	done  gpu gm  clippedcubic2
38.7s	start gpu gm  clippedcubic
38.7s	done  gpu gm  clippedcubic
38.7s	start gpu gm  cubicclosepath
38.8s	done  gpu gm  cubicclosepath
38.8s	start gpu gm  cubicpath
38.8s	done  gpu gm  cubicpath
38.8s	start gpu gm  bug6083
38.9s	done  gpu gm  bug6083
38.9s	start gpu gm  bug5099
38.9s	done  gpu gm  bug5099
38.9s	start gpu gm  croppedrects
38.9s	done  gpu gm  croppedrects
38.9s	start gpu gm  crbug_691386
38.9s	done  gpu gm  crbug_691386
38.9s	start gpu gm  copyTo4444
39.3s	done  gpu gm  copyTo4444
39.3s	start gpu gm  convex_poly_effect
39.4s	done  gpu gm  convex_poly_effect
39.4s	start gpu gm  convex_poly_clip
39.5s	done  gpu gm  convex_poly_clip
39.5s	start gpu gm  convexpaths
39.6s	done  gpu gm  convexpaths
39.6s	start gpu gm  convex-lineonly-paths-stroke-and-fill
39.6s	done  gpu gm  convex-lineonly-paths-stroke-and-fill
39.6s	start gpu gm  convex-lineonly-paths
39.7s	done  gpu gm  convex-lineonly-paths
39.7s	start gpu gm  const_color_processor
39.8s	done  gpu gm  const_color_processor
39.8s	start gpu gm  crbug_640176
39.8s	done  gpu gm  crbug_640176
39.8s	start gpu gm  largecircle
39.8s	done  gpu gm  largecircle
39.8s	start gpu gm  arccirclegap
39.8s	done  gpu gm  arccirclegap
39.8s	start gpu gm  conicpaths
39.9s	done  gpu gm  conicpaths
39.9s	start gpu gm  concavepaths
40s	done  gpu gm  concavepaths
40s	start gpu gm  composeshader_bitmap
40s	done  gpu gm  composeshader_bitmap
40s	start gpu gm  composeshader_alpha
40s	done  gpu gm  composeshader_alpha
40s	start gpu gm  composeshader
40s	done  gpu gm  composeshader
40s	start gpu gm  composeshader_bitmap2
40.1s	done  gpu gm  composeshader_bitmap2
40.1s	start gpu gm  complexclip4_aa
40.1s	done  gpu gm  complexclip4_aa
40.1s	start gpu gm  complexclip4_bw
40.2s	done  gpu gm  complexclip4_bw
40.2s	start gpu gm  complexclip3_complex
40.4s	done  gpu gm  complexclip3_complex
40.4s	start gpu gm  complexclip3_simple
40.5s	done  gpu gm  complexclip3_simple
40.5s	start gpu gm  complexclip2_path_aa
40.5s	done  gpu gm  complexclip2_path_aa
40.5s	start gpu gm  complexclip2_rrect_aa
40.6s	done  gpu gm  complexclip2_rrect_aa
40.6s	start gpu gm  complexclip2_rect_aa
40.6s	done  gpu gm  complexclip2_rect_aa
40.6s	start gpu gm  complexclip2_path_bw
40.6s	done  gpu gm  complexclip2_path_bw
40.6s	start gpu gm  complexclip2_rrect_bw
40.7s	done  gpu gm  complexclip2_rrect_bw
40.7s	start gpu gm  complexclip2
40.7s	done  gpu gm  complexclip2
40.7s	start gpu gm  complexclip_blur_tiled
40.8s	done  gpu gm  complexclip_blur_tiled
40.8s	start gpu gm  complexclip_aa_layer_invert
40.9s	done  gpu gm  complexclip_aa_layer_invert
40.9s	start gpu gm  complexclip_aa_layer
41s	done  gpu gm  complexclip_aa_layer
41s	start gpu gm  complexclip_aa_invert
41.1s	done  gpu gm  complexclip_aa_invert
41.1s	start gpu gm  complexclip_aa
41.2s	done  gpu gm  complexclip_aa
41.2s	start gpu gm  complexclip_bw_layer_invert
41.3s	done  gpu gm  complexclip_bw_layer_invert
41.3s	start gpu gm  complexclip_bw_layer
41.4s	done  gpu gm  complexclip_bw_layer
41.4s	start gpu gm  complexclip_bw_invert
41.5s	done  gpu gm  complexclip_bw_invert
41.5s	start gpu gm  complexclip_bw
41.6s	done  gpu gm  complexclip_bw
41.6s	start gpu gm  colorwheelnative
41.6s	done  gpu gm  colorwheelnative
41.6s	start gpu gm  colorwheel
41.6s	done  gpu gm  colorwheel
41.6s	start gpu gm  colortype_xfermodes
41.7s	done  gpu gm  colortype_xfermodes
41.7s	start gpu gm  colortype
41.8s	done  gpu gm  colortype
41.8s	start gpu gm  colorspacexform
41.8s	done  gpu gm  colorspacexform
41.8s	start gpu gm  colormatrix
41.8s	done  gpu gm  colormatrix
41.8s	start gpu gm  lightingcolorfilter
41.9s	done  gpu gm  lightingcolorfilter
41.9s	start gpu gm  colorfiltershader
41.9s	done  gpu gm  colorfiltershader
41.9s	start gpu gm  colorfilterimagefilter_layer
41.9s	done  gpu gm  colorfilterimagefilter_layer
41.9s	start gpu gm  colorfilterimagefilter
42s	done  gpu gm  colorfilterimagefilter
42s	start gpu gm  colorfilteralpha8
42s	done  gpu gm  colorfilteralpha8
42s	start gpu gm  coloremoji
42.1s	done  gpu gm  coloremoji
42.1s	start gpu gm  color4shader
42.1s	done  gpu gm  color4shader
42.1s	start gpu gm  color4f
42.1s	done  gpu gm  color4f
42.1s	start gpu gm  clipped-bitmap-shaders-clamp-hq
42.2s	done  gpu gm  clipped-bitmap-shaders-clamp-hq
42.2s	start gpu gm  clipped-bitmap-shaders-mirror-hq
42.2s	done  gpu gm  clipped-bitmap-shaders-mirror-hq
42.2s	start gpu gm  clipped-bitmap-shaders-tile-hq
42.2s	done  gpu gm  clipped-bitmap-shaders-tile-hq
42.2s	start gpu gm  clipped-bitmap-shaders-clamp
42.2s	done  gpu gm  clipped-bitmap-shaders-clamp
42.2s	start gpu gm  clipped-bitmap-shaders-mirror
42.3s	done  gpu gm  clipped-bitmap-shaders-mirror
42.3s	start gpu gm  clipped-bitmap-shaders-tile
42.3s	done  gpu gm  clipped-bitmap-shaders-tile
42.3s	start gpu gm  clip_region
42.3s	done  gpu gm  clip_region
42.3s	start gpu gm  clipdrawdraw
42.4s	done  gpu gm  clipdrawdraw
42.4s	start gpu gm  clip_strokerect
42.4s	done  gpu gm  clip_strokerect
42.4s	start gpu gm  cliperror
42.5s	done  gpu gm  cliperror
42.5s	start gpu gm  circular-clips
42.5s	done  gpu gm  circular-clips
42.5s	start gpu gm  onebadarc
42.6s	done  gpu gm  onebadarc
42.6s	start gpu gm  circular_arcs_weird
42.6s	done  gpu gm  circular_arcs_weird
42.6s	start gpu gm  circular_arcs_stroke_and_fill_round
42.8s	done  gpu gm  circular_arcs_stroke_and_fill_round
42.8s	start gpu gm  circular_arcs_stroke_and_fill_square
42.9s	done  gpu gm  circular_arcs_stroke_and_fill_square
42.9s	start gpu gm  circular_arcs_stroke_and_fill_butt
43s	done  gpu gm  circular_arcs_stroke_and_fill_butt
43s	start gpu gm  circular_arcs_stroke_round
43.2s	done  gpu gm  circular_arcs_stroke_round
43.2s	start gpu gm  circular_arcs_stroke_square
43.3s	done  gpu gm  circular_arcs_stroke_square
43.3s	start gpu gm  circular_arcs_stroke_butt
43.4s	done  gpu gm  circular_arcs_stroke_butt
43.4s	start gpu gm  circular_arcs_hairline
43.5s	done  gpu gm  circular_arcs_hairline
43.5s	start gpu gm  circular_arcs_fill
43.6s	done  gpu gm  circular_arcs_fill
43.6s	start gpu gm  circles
43.7s	done  gpu gm  circles
43.7s	start gpu gm  c_gms
43.8s	done  gpu gm  c_gms
43.8s	start gpu gm  bug615686
43.8s	done  gpu gm  bug615686
43.8s	start gpu gm  bug591993
43.8s	done  gpu gm  bug591993
43.8s	start gpu gm  bug530095
43.9s	done  gpu gm  bug530095
43.9s	start gpu gm  bug5252
43.9s	done  gpu gm  bug5252
43.9s	start gpu gm  bmp_filter_quality_repeat
44s	done  gpu gm  bmp_filter_quality_repeat
44s	start gpu gm  blur2rectsnonninepatch
44s	done  gpu gm  blur2rectsnonninepatch
44s	start gpu gm  blur2rects
44.1s	done  gpu gm  blur2rects
44.1s	start gpu gm  blurs
44.1s	done  gpu gm  blurs
44.1s	start gpu gm  simpleblurroundrect
44.2s	done  gpu gm  simpleblurroundrect
44.2s	start gpu gm  blurroundrect-WH-100x100-unevenCorners
44.2s	done  gpu gm  blurroundrect-WH-100x100-unevenCorners
44.2s	start gpu gm  blurredclippedcircle
44.3s	done  gpu gm  blurredclippedcircle
44.3s	start gpu gm  blurrects
44.4s	done  gpu gm  blurrects
44.4s	start gpu gm  blurrect_gallery
44.5s	done  gpu gm  blurrect_gallery
44.5s	start gpu gm  blurquickreject
44.5s	done  gpu gm  blurquickreject
44.5s	start gpu gm  blurcircles2
44.7s	done  gpu gm  blurcircles2
44.7s	start gpu gm  blurcircles
44.8s	done  gpu gm  blurcircles
44.8s	start gpu gm  blend
44.8s	done  gpu gm  blend
44.8s	start gpu gm  bleed_downscale
44.8s	done  gpu gm  bleed_downscale
44.8s	start gpu gm  bleed_alpha_image_shader
45.1s	done  gpu gm  bleed_alpha_image_shader
45.1s	start gpu gm  bleed_alpha_bmp_shader
45.1s	
45.1s elapsed, 1 active, 61 queued, 142MB RAM, 303MB peak
45.1s		gpu gm  bleed_alpha_bmp_shader
45.3s	done  gpu gm  bleed_alpha_bmp_shader
45.3s	start gpu gm  bleed_alpha_image
45.4s	done  gpu gm  bleed_alpha_image
45.4s	start gpu gm  bleed_alpha_bmp
45.6s	done  gpu gm  bleed_alpha_bmp
45.6s	start gpu gm  bleed_image
45.8s	done  gpu gm  bleed_image
45.8s	start gpu gm  bleed
46s	done  gpu gm  bleed
46s	start gpu gm  bitmaptiled_fractional_vertical
46s	done  gpu gm  bitmaptiled_fractional_vertical
46s	start gpu gm  bitmaptiled_fractional_horizontal
46.1s	done  gpu gm  bitmaptiled_fractional_horizontal
46.1s	start gpu gm  bitmapshaders
46.1s	done  gpu gm  bitmapshaders
46.1s	start gpu gm  bitmaprecttest
46.1s	done  gpu gm  bitmaprecttest
46.1s	start gpu gm  bigbitmaprect_i
46.3s	done  gpu gm  bigbitmaprect_i
46.3s	start gpu gm  bigbitmaprect_s
46.5s	done  gpu gm  bigbitmaprect_s
46.5s	start gpu gm  3x3bitmaprect
46.6s	done  gpu gm  3x3bitmaprect
46.6s	start gpu gm  bitmaprect_i
46.6s	done  gpu gm  bitmaprect_i
46.6s	start gpu gm  bitmaprect_s
46.6s	done  gpu gm  bitmaprect_s
46.6s	start gpu gm  bitmaprect_rounding
46.7s	done  gpu gm  bitmaprect_rounding
46.7s	start gpu gm  bitmap_premul
46.7s	done  gpu gm  bitmap_premul
46.7s	start gpu gm  bitmap-image-srgb-legacy
47s	done  gpu gm  bitmap-image-srgb-legacy
47s	start gpu gm  extractalpha
47s	done  gpu gm  extractalpha
47s	start gpu gm  bitmapfilters
47.1s	done  gpu gm  bitmapfilters
47.1s	start gpu gm  bitmapcopy
47.1s	done  gpu gm  bitmapcopy
47.1s	start gpu gm  bigtileimagefilter
47.2s	done  gpu gm  bigtileimagefilter
47.2s	start gpu gm  bigtext
47.2s	done  gpu gm  bigtext
47.2s	start gpu gm  big_rrect_elliptical_corner_aa_effect
47.3s	done  gpu gm  big_rrect_elliptical_corner_aa_effect
47.3s	start gpu gm  big_rrect_circular_corner_aa_effect
47.4s	done  gpu gm  big_rrect_circular_corner_aa_effect
47.4s	start gpu gm  big_rrect_ellipse_aa_effect
47.5s	done  gpu gm  big_rrect_ellipse_aa_effect
47.5s	start gpu gm  big_rrect_circle_aa_effect
47.6s	done  gpu gm  big_rrect_circle_aa_effect
47.6s	start gpu gm  big_rrect_rect_aa_effect
47.7s	done  gpu gm  big_rrect_rect_aa_effect
47.7s	start gpu gm  bigmatrix
47.7s	done  gpu gm  bigmatrix
47.7s	start gpu gm  bigblurs
47.8s	done  gpu gm  bigblurs
47.8s	start gpu gm  beziers
47.8s	done  gpu gm  beziers
47.8s	start gpu gm  bezier_quad_effects
47.9s	done  gpu gm  bezier_quad_effects
47.9s	start gpu gm  bezier_conic_effects
48s	done  gpu gm  bezier_conic_effects
48s	start gpu gm  bezier_cubic_effects
48.1s	done  gpu gm  bezier_cubic_effects
48.1s	start gpu gm  badpaint
48.1s	done  gpu gm  badpaint
48.1s	start gpu gm  arithmode
48.1s	done  gpu gm  arithmode
48.1s	start gpu gm  bug583299
48.2s	done  gpu gm  bug583299
48.2s	start gpu gm  bug593049
48.2s	done  gpu gm  bug593049
48.2s	start gpu gm  parsedpaths
48.2s	done  gpu gm  parsedpaths
48.2s	start gpu gm  arcto
48.3s	done  gpu gm  arcto
48.3s	start gpu gm  arcofzorro
48.4s	done  gpu gm  arcofzorro
48.4s	start gpu gm  annotated_text
48.4s	done  gpu gm  annotated_text
48.4s	start gpu gm  anisotropic_hq
48.6s	done  gpu gm  anisotropic_hq
48.6s	start gpu gm  animated-image-blurs
48.7s	done  gpu gm  animated-image-blurs
48.7s	start gpu gm  animatedGif
49s	done  gpu gm  animatedGif
49s	start gpu gm  alphagradients
49s	done  gpu gm  alphagradients
49s	start gpu gm  all_variants_8888
49.1s	done  gpu gm  all_variants_8888
49.1s	start gpu gm  not_native32_bitmap_config
49.1s	done  gpu gm  not_native32_bitmap_config
49.1s	start gpu gm  all_bitmap_configs
49.1s	done  gpu gm  all_bitmap_configs
49.1s	start gpu gm  tinyanglearcs
49.1s	done  gpu gm  tinyanglearcs
49.1s	start gpu gm  manyarcs
49.2s	done  gpu gm  manyarcs
49.2s	start gpu gm  fillcircle
49.2s	done  gpu gm  fillcircle
49.2s	start gpu gm  strokecircle
49.3s	done  gpu gm  strokecircle
49.3s	start gpu gm  addarc_meas
49.3s	done  gpu gm  addarc_meas
49.3s	start gpu gm  addarc
49.5s	done  gpu gm  addarc
49.5s	start gpu gm  aaxfermodes
49.6s	done  gpu gm  aaxfermodes
49.6s	start gpu gm  aarectmodes
49.6s	done  gpu gm  aarectmodes
49.6s	start gpu gm  clipcubic
49.7s	done  gpu gm  clipcubic
49.7s	start gpu gm  aaclip
49.7s	done  gpu gm  aaclip
49.7s	start gpu gm  dont_clip_to_layer
49.7s	done  gpu gm  dont_clip_to_layer
49.7s	start gpu gm  analytic_antialias_inverse
49.8s	done  gpu gm  analytic_antialias_inverse
49.8s	start gpu gm  analytic_antialias_general
49.8s	done  gpu gm  analytic_antialias_general
49.8s	start gpu gm  analytic_antialias_convex
49.9s	done  gpu gm  analytic_antialias_convex
49.9s	
49.9s elapsed, 0 active, 0 queued, 165MB RAM, 303MB peak
