175ms	614 srcs * 1 sinks + 0 tests == 614 tasks176ms	
176ms elapsed, 0 active, 614 queued, 29MB RAM, 30MB peak
176ms	start glinst gm  yuv_nv12_to_rgb_effect
197ms	done  glinst gm  yuv_nv12_to_rgb_effect
197ms	start glinst gm  yuv_to_rgb_effect
227ms	done  glinst gm  yuv_to_rgb_effect
227ms	start glinst gm  xfermodes3
368ms	done  glinst gm  xfermodes3
368ms	start glinst gm  xfermodes2
461ms	done  glinst gm  xfermodes2
461ms	start glinst gm  xfermodes
581ms	done  glinst gm  xfermodes
581ms	start glinst gm  xfermodeimagefilter
668ms	done  glinst gm  xfermodeimagefilter
668ms	start glinst gm  windowrectangles_mask
714ms	done  glinst gm  windowrectangles_mask
714ms	start glinst gm  windowrectangles
765ms	done  glinst gm  windowrectangles
765ms	start glinst gm  verylarge_picture_image
1.29s	done  glinst gm  verylarge_picture_image
1.29s	start glinst gm  verylargebitmap
1.7s	done  glinst gm  verylargebitmap
1.7s	start glinst gm  verttext2
1.76s	done  glinst gm  verttext2
1.76s	start glinst gm  verttext
1.8s	done  glinst gm  verttext
1.8s	start glinst gm  vertices_batching
1.82s	done  glinst gm  vertices_batching
1.82s	start glinst gm  vertices_scaled_shader
2.13s	done  glinst gm  vertices_scaled_shader
2.13s	start glinst gm  vertices
2.44s	done  glinst gm  vertices
2.44s	start glinst gm  vertices_object
2.76s	done  glinst gm  vertices_object
2.76s	start glinst gm  varied_text_clipped_lcd
2.81s	done  glinst gm  varied_text_clipped_lcd
2.81s	start glinst gm  varied_text_ignorable_clip_lcd
2.88s	done  glinst gm  varied_text_ignorable_clip_lcd
2.88s	start glinst gm  varied_text_clipped_no_lcd
2.93s	done  glinst gm  varied_text_clipped_no_lcd
2.93s	start glinst gm  varied_text_ignorable_clip_no_lcd
2.98s	done  glinst gm  varied_text_ignorable_clip_no_lcd
2.98s	start glinst gm  typefacerendering_pfb
3.04s	done  glinst gm  typefacerendering_pfb
3.04s	start glinst gm  typefacerendering_pfa
3.11s	done  glinst gm  typefacerendering_pfa
3.11s	start glinst gm  typefacerendering
3.18s	done  glinst gm  typefacerendering
3.18s	start glinst gm  typefacestyles_kerning
3.27s	done  glinst gm  typefacestyles_kerning
3.27s	start glinst gm  typefacestyles
3.36s	done  glinst gm  typefacestyles
3.36s	start glinst gm  transparency_check
3.57s	done  glinst gm  transparency_check
3.57s	start glinst gm  tinybitmap
3.59s	done  glinst gm  tinybitmap
3.59s	start glinst gm  scaled_tilemode_gradient
3.66s	done  glinst gm  scaled_tilemode_gradient
3.66s	start glinst gm  scaled_tilemode_bitmap
3.72s	done  glinst gm  scaled_tilemode_bitmap
3.72s	start glinst gm  scaled_tilemodes_npot
3.88s	done  glinst gm  scaled_tilemodes_npot
3.88s	start glinst gm  scaled_tilemodes
4.1s	done  glinst gm  scaled_tilemodes
4.1s	start glinst gm  tilemode_gradient
4.17s	done  glinst gm  tilemode_gradient
4.17s	start glinst gm  tilemode_bitmap
4.23s	done  glinst gm  tilemode_bitmap
4.23s	start glinst gm  tilemodes_npot
4.32s	done  glinst gm  tilemodes_npot
4.32s	start glinst gm  tilemodes
4.45s	done  glinst gm  tilemodes
4.45s	start glinst gm  tileimagefilter
4.49s	done  glinst gm  tileimagefilter
4.49s	start glinst gm  tiledscaledbitmap
4.56s	done  glinst gm  tiledscaledbitmap
4.56s	start glinst gm  thinstrokedrects
4.58s	done  glinst gm  thinstrokedrects
4.58s	start glinst gm  thinrects
4.6s	done  glinst gm  thinrects
4.6s	start glinst gm  thinconcavepaths
4.64s	done  glinst gm  thinconcavepaths
4.64s	start glinst gm  texture_domain_effect
4.74s	done  glinst gm  texture_domain_effect
4.74s	start glinst gm  fancyunderlinebars
4.82s	done  glinst gm  fancyunderlinebars
4.82s	start glinst gm  fancyblobunderline
5.03s	done  glinst gm  fancyblobunderline
5.03s	start glinst gm  fancyposunderline
5.18s	done  glinst gm  fancyposunderline
5.18s	start glinst gm  fancyunderline
5.3s	done  glinst gm  fancyunderline
5.3s	start glinst gm  texteffects
5.36s	done  glinst gm  texteffects
5.36s	start glinst gm  textblobuseaftergpufree
5.38s	done  glinst gm  textblobuseaftergpufree
5.38s	start glinst gm  textblobtransforms
5.49s	done  glinst gm  textblobtransforms
5.49s	start glinst gm  textblobshader
5.54s	done  glinst gm  textblobshader
5.54s	start glinst gm  textblobrandomfont
5.79s	done  glinst gm  textblobrandomfont
5.79s	start glinst gm  textblobmixedsizes_df
6.07s	done  glinst gm  textblobmixedsizes_df
6.07s	start glinst gm  textblobmixedsizes
6.45s	done  glinst gm  textblobmixedsizes
6.45s	start glinst gm  textbloblooper
6.58s	done  glinst gm  textbloblooper
6.58s	start glinst gm  textblobgeometrychange
6.61s	done  glinst gm  textblobgeometrychange
6.61s	start glinst gm  textblobcolortrans
6.7s	done  glinst gm  textblobcolortrans
6.7s	start glinst gm  textblobblockreordering
6.72s	done  glinst gm  textblobblockreordering
6.72s	start glinst gm  textblob
6.76s	done  glinst gm  textblob
6.76s	start glinst gm  texdata
6.79s	done  glinst gm  texdata
6.79s	start glinst gm  testgradient
6.85s	done  glinst gm  testgradient
6.85s	start glinst gm  tall_stretched_bitmaps
6.96s	done  glinst gm  tall_stretched_bitmaps
6.96s	start glinst gm  colorcomposefilter_alpha
7.05s	done  glinst gm  colorcomposefilter_alpha
7.05s	start glinst gm  colorcomposefilter_wacky
7.18s	done  glinst gm  colorcomposefilter_wacky
7.18s	start glinst gm  tablecolorfilter
7.32s	done  glinst gm  tablecolorfilter
7.32s	start glinst gm  surfacenew
7.35s	done  glinst gm  surfacenew
7.35s	start glinst gm  surfaceprops
7.39s	done  glinst gm  surfaceprops
7.39s	start glinst gm  bitmap_subset_shader
7.43s	done  glinst gm  bitmap_subset_shader
7.43s	start glinst gm  stroketext
7.49s	done  glinst gm  stroketext
7.49s	start glinst gm  teenyStrokes
7.53s	done  glinst gm  teenyStrokes
7.53s	start glinst gm  zeroPath
7.56s	done  glinst gm  zeroPath
7.56s	start glinst gm  zero_control_stroke
7.6s	done  glinst gm  zero_control_stroke
7.6s	start glinst gm  strokes_zoomed
7.64s	done  glinst gm  strokes_zoomed
7.64s	start glinst gm  strokes3
7.84s	done  glinst gm  strokes3
7.84s	start glinst gm  strokes_poly
7.91s	done  glinst gm  strokes_poly
7.91s	start glinst gm  strokes_round
7.96s	done  glinst gm  strokes_round
7.96s	start glinst gm  quadcap
7.98s	done  glinst gm  quadcap
7.98s	start glinst gm  zerolinestroke
8s	done  glinst gm  zerolinestroke
8s	start glinst gm  CubicStroke
8.03s	done  glinst gm  CubicStroke
8.03s	start glinst gm  strokerects
8.1s	done  glinst gm  strokerects
8.1s	start glinst gm  strokerect_anisotropic_5408
8.11s	done  glinst gm  strokerect_anisotropic_5408
8.11s	start glinst gm  strokerect
8.2s	done  glinst gm  strokerect
8.2s	start glinst gm  bug339297
8.23s	done  glinst gm  bug339297
8.23s	start glinst gm  stroke-fill
8.29s	done  glinst gm  stroke-fill
8.29s	start glinst gm  strokedlines
8.38s	done  glinst gm  strokedlines
8.38s	start glinst gm  stroke_rect_shader
8.41s	done  glinst gm  stroke_rect_shader
8.41s	start glinst gm  stringart
8.45s	done  glinst gm  stringart
8.45s	start glinst gm  stlouisarch
8.47s	done  glinst gm  stlouisarch
8.47s	start glinst gm  srcmode
8.54s	done  glinst gm  srcmode
8.54s	start glinst gm  spritebitmap
8.58s	done  glinst gm  spritebitmap
8.58s	start glinst gm  smallpaths
8.63s	done  glinst gm  smallpaths
8.63s	start glinst gm  small_image
8.64s	done  glinst gm  small_image
8.64s	start glinst gm  smallarc
8.69s	done  glinst gm  smallarc
8.69s	start glinst gm  linear_pipeline
8.84s	done  glinst gm  linear_pipeline
8.84s	start glinst gm  skbug1719
8.86s	done  glinst gm  skbug1719
8.86s	start glinst gm  skbug_5321
8.88s	done  glinst gm  skbug_5321
8.88s	start glinst gm  skbug_4868
8.9s	done  glinst gm  skbug_4868
8.9s	start glinst gm  skbug_257
8.95s	done  glinst gm  skbug_257
8.95s	start glinst gm  simplerect
9.1s	done  glinst gm  simplerect
9.1s	start glinst gm  simple-magnification
9.12s	done  glinst gm  simple-magnification
9.12s	start glinst gm  simpleaaclip_aaclip
9.17s	done  glinst gm  simpleaaclip_aaclip
9.17s	start glinst gm  simpleaaclip_path
9.21s	done  glinst gm  simpleaaclip_path
9.21s	start glinst gm  simpleaaclip_rect
9.28s	done  glinst gm  simpleaaclip_rect
9.28s	start glinst gm  showmiplevels2_256x256
9.36s	done  glinst gm  showmiplevels2_256x256
9.36s	start glinst gm  showmiplevels2_255x256
9.44s	done  glinst gm  showmiplevels2_255x256
9.44s	start glinst gm  showmiplevels2_256x255
9.53s	done  glinst gm  showmiplevels2_256x255
9.53s	start glinst gm  showmiplevels2_255x255
9.62s	done  glinst gm  showmiplevels2_255x255
9.62s	start glinst gm  showmiplevels_256
9.71s	done  glinst gm  showmiplevels_256
9.71s	start glinst gm  showmiplevels_255
9.83s	done  glinst gm  showmiplevels_255
9.83s	start glinst gm  innershapes_bw
9.87s	done  glinst gm  innershapes_bw
9.87s	start glinst gm  innershapes
9.91s	done  glinst gm  innershapes
9.91s	start glinst gm  simpleshapes_bw
9.95s	done  glinst gm  simpleshapes_bw
9.95s	start glinst gm  simpleshapes
9.99s	done  glinst gm  simpleshapes
9.99s	start glinst gm  shallow_gradient_sweep_nodither
10.1s	done  glinst gm  shallow_gradient_sweep_nodither
10.1s	start glinst gm  shallow_gradient_conical_nodither
10.1s	done  glinst gm  shallow_gradient_conical_nodither
10.1s	start glinst gm  shallow_gradient_radial_nodither
10.2s	done  glinst gm  shallow_gradient_radial_nodither
10.2s	start glinst gm  shallow_gradient_linear_nodither
10.3s	done  glinst gm  shallow_gradient_linear_nodither
10.3s	start glinst gm  shallow_gradient_sweep
10.5s	done  glinst gm  shallow_gradient_sweep
10.5s	start glinst gm  shallow_gradient_conical
10.7s	done  glinst gm  shallow_gradient_conical
10.7s	start glinst gm  shallow_gradient_radial
10.9s	done  glinst gm  shallow_gradient_radial
10.9s	start glinst gm  shallow_gradient_linear
11.1s	done  glinst gm  shallow_gradient_linear
11.1s	start glinst gm  shadow_utils
11.2s	done  glinst gm  shadow_utils
11.2s	start glinst gm  shadows
11.3s	done  glinst gm  shadows
11.3s	start glinst gm  shadertext3
11.5s	done  glinst gm  shadertext3
11.5s	start glinst gm  shadertext2
11.8s	done  glinst gm  shadertext2
11.8s	start glinst gm  shadertext
11.9s	done  glinst gm  shadertext
11.9s	start glinst gm  shaderbounds_linear
11.9s	done  glinst gm  shaderbounds_linear
11.9s	start glinst gm  scaledstrokes
11.9s	done  glinst gm  scaledstrokes
11.9s	start glinst gm  savelayer_clipped
12s	done  glinst gm  savelayer_clipped
12s	start glinst gm  savelayer_unclipped
12s	done  glinst gm  savelayer_unclipped
12s	start glinst gm  picture_savelayer
12s	done  glinst gm  picture_savelayer
12s	start glinst gm  gpusamplerstress
12.1s	done  glinst gm  gpusamplerstress
12.1s	start glinst gm  rrect_effect
12.1s	done  glinst gm  rrect_effect
12.1s	start glinst gm  rrect_clip_bw
12.2s	done  glinst gm  rrect_clip_bw
12.2s	start glinst gm  rrect_clip_aa
12.2s	done  glinst gm  rrect_clip_aa
12.2s	start glinst gm  rrect_draw_bw
12.3s	done  glinst gm  rrect_draw_bw
12.3s	start glinst gm  rrect_draw_aa
12.3s	done  glinst gm  rrect_draw_aa
12.3s	start glinst gm  rrect_clip_draw_paint
12.3s	done  glinst gm  rrect_clip_draw_paint
12.3s	start glinst gm  rrect
12.4s	done  glinst gm  rrect
12.4s	start glinst gm  roundrects
12.5s	done  glinst gm  roundrects
12.5s	start glinst gm  reveal
12.5s	done  glinst gm  reveal
12.5s	start glinst gm  resizeimagefilter
12.6s	done  glinst gm  resizeimagefilter
12.6s	start glinst gm  repeated_bitmap_jpg
12.7s	done  glinst gm  repeated_bitmap_jpg
12.7s	start glinst gm  repeated_bitmap
12.7s	done  glinst gm  repeated_bitmap
12.7s	start glinst gm  rects
12.8s	done  glinst gm  rects
12.8s	start glinst gm  rectangle_texture
12.8s	done  glinst gm  rectangle_texture
12.8s	start glinst gm  recordopts
12.9s	done  glinst gm  recordopts
12.9s	start glinst gm  readpixelspicture
12.9s	done  glinst gm  readpixelspicture
12.9s	start glinst gm  readpixelscodec
12.9s	done  glinst gm  readpixelscodec
12.9s	start glinst gm  readpixels
12.9s	done  glinst gm  readpixels
12.9s	start glinst gm  quadclosepath
13s	done  glinst gm  quadclosepath
13s	start glinst gm  quadpath
13.1s	done  glinst gm  quadpath
13.1s	start glinst gm  polygons
13.1s	done  glinst gm  polygons
13.1s	start glinst gm  poly2poly
13.2s	done  glinst gm  poly2poly
13.2s	start glinst gm  points
13.3s	done  glinst gm  points
13.3s	start glinst gm  PlusMergesAA
13.3s	done  glinst gm  PlusMergesAA
13.3s	start glinst gm  pixel_snap_combo
13.3s	done  glinst gm  pixel_snap_combo
13.3s	start glinst gm  pixel_snap_rect
13.3s	done  glinst gm  pixel_snap_rect
13.3s	start glinst gm  pixel_snap_line
13.4s	done  glinst gm  pixel_snap_line
13.4s	start glinst gm  pixel_snap_point
13.4s	done  glinst gm  pixel_snap_point
13.4s	start glinst gm  pictureshadertile
13.4s	done  glinst gm  pictureshadertile
13.4s	start glinst gm  tiled_picture_shader
13.5s	done  glinst gm  tiled_picture_shader
13.5s	start glinst gm  pictureshader
13.6s	done  glinst gm  pictureshader
13.6s	start glinst gm  pictureimagegenerator
13.7s	done  glinst gm  pictureimagegenerator
13.7s	start glinst gm  pictureimagefilter
13.8s	done  glinst gm  pictureimagefilter
13.8s	start glinst gm  pictures
13.8s	done  glinst gm  pictures
13.8s	start glinst gm  persp_shaders_bw
13.8s	done  glinst gm  persp_shaders_bw
13.8s	start glinst gm  persp_shaders_aa
13.9s	done  glinst gm  persp_shaders_aa
13.9s	start glinst gm  perlinnoise_localmatrix
13.9s	done  glinst gm  perlinnoise_localmatrix
13.9s	start glinst gm  perlinnoise
14s	done  glinst gm  perlinnoise
14s	start glinst gm  pdf_never_embed
14s	done  glinst gm  pdf_never_embed
14s	start glinst gm  path-reverse
14.1s	done  glinst gm  path-reverse
14.1s	start glinst gm  pathopsskpclip
14.1s	done  glinst gm  pathopsskpclip
14.1s	start glinst gm  pathopsinverse
14.2s	done  glinst gm  pathopsinverse
14.2s	start glinst gm  path_mask_cache
14.3s	done  glinst gm  path_mask_cache
14.3s	start glinst gm  pathinterior
14.3s	done  glinst gm  pathinterior
14.3s	start glinst gm  pathinvfill
14.4s	done  glinst gm  pathinvfill
14.4s	start glinst gm  pathfill
14.4s	done  glinst gm  pathfill
14.4s	start glinst gm  rotatedcubicpath
14.4s	done  glinst gm  rotatedcubicpath
14.4s	start glinst gm  patheffect
14.5s	done  glinst gm  patheffect
14.5s	start glinst gm  contour_start
14.5s	done  glinst gm  contour_start
14.5s	start glinst gm  path_stroke_with_zero_length
14.6s	done  glinst gm  path_stroke_with_zero_length
14.6s	start glinst gm  patch_grid
14.8s	done  glinst gm  patch_grid
14.8s	start glinst gm  patch_primitive
15s	done  glinst gm  patch_primitive
15s	start glinst gm  OverStroke
15s	done  glinst gm  OverStroke
15s	start glinst gm  overdrawcolorfilter
15s	done  glinst gm  overdrawcolorfilter
15s	start glinst gm  ovals
15.2s	
15.2s elapsed, 1 active, 429 queued, 135MB RAM, 295MB peak
15.2s		glinst gm  ovals
15.2s	done  glinst gm  ovals
15.2s	start glinst gm  simple-offsetimagefilter
15.2s	done  glinst gm  simple-offsetimagefilter
15.2s	start glinst gm  offsetimagefilter
15.2s	done  glinst gm  offsetimagefilter
15.2s	start glinst gm  occludedrrectblur
15.3s	done  glinst gm  occludedrrectblur
15.3s	start glinst gm  nonclosedpaths
15.5s	done  glinst gm  nonclosedpaths
15.5s	start glinst gm  ninepatch-stretch
15.6s	done  glinst gm  ninepatch-stretch
15.6s	start glinst gm  nested_flipY_bw
15.6s	done  glinst gm  nested_flipY_bw
15.6s	start glinst gm  nested_flipY_aa
15.7s	done  glinst gm  nested_flipY_aa
15.7s	start glinst gm  nested_bw
15.7s	done  glinst gm  nested_bw
15.7s	start glinst gm  nested_aa
15.7s	done  glinst gm  nested_aa
15.7s	start glinst gm  multipicturedraw_biglayer_tiled
15.8s	done  glinst gm  multipicturedraw_biglayer_tiled
15.8s	start glinst gm  multipicturedraw_sierpinski_tiled
15.8s	done  glinst gm  multipicturedraw_sierpinski_tiled
15.8s	start glinst gm  multipicturedraw_invpathclip_tiled
15.9s	done  glinst gm  multipicturedraw_invpathclip_tiled
15.9s	start glinst gm  multipicturedraw_pathclip_tiled
16s	done  glinst gm  multipicturedraw_pathclip_tiled
16s	start glinst gm  multipicturedraw_rrectclip_tiled
16s	done  glinst gm  multipicturedraw_rrectclip_tiled
16s	start glinst gm  multipicturedraw_rectclip_tiled
16.1s	done  glinst gm  multipicturedraw_rectclip_tiled
16.1s	start glinst gm  multipicturedraw_noclip_tiled
16.1s	done  glinst gm  multipicturedraw_noclip_tiled
16.1s	start glinst gm  multipicturedraw_biglayer_simple
16.2s	done  glinst gm  multipicturedraw_biglayer_simple
16.2s	start glinst gm  multipicturedraw_sierpinski_simple
16.2s	done  glinst gm  multipicturedraw_sierpinski_simple
16.2s	start glinst gm  multipicturedraw_invpathclip_simple
16.3s	done  glinst gm  multipicturedraw_invpathclip_simple
16.3s	start glinst gm  multipicturedraw_pathclip_simple
16.4s	done  glinst gm  multipicturedraw_pathclip_simple
16.4s	start glinst gm  multipicturedraw_rrectclip_simple
16.4s	done  glinst gm  multipicturedraw_rrectclip_simple
16.4s	start glinst gm  multipicturedraw_rectclip_simple
16.5s	done  glinst gm  multipicturedraw_rectclip_simple
16.5s	start glinst gm  multipicturedraw_noclip_simple
16.5s	done  glinst gm  multipicturedraw_noclip_simple
16.5s	start glinst gm  morphology
16.6s	done  glinst gm  morphology
16.6s	start glinst gm  modecolorfilters
16.7s	done  glinst gm  modecolorfilters
16.7s	start glinst gm  mixedtextblobs
16.8s	done  glinst gm  mixedtextblobs
16.8s	start glinst gm  mipmap_gray8_srgb
16.8s	done  glinst gm  mipmap_gray8_srgb
16.8s	start glinst gm  mipmap_srgb
16.9s	done  glinst gm  mipmap_srgb
16.9s	start glinst gm  mipmap
16.9s	done  glinst gm  mipmap
16.9s	start glinst gm  megalooper_1x4
17s	done  glinst gm  megalooper_1x4
17s	start glinst gm  megalooper_4x1
17.2s	done  glinst gm  megalooper_4x1
17.2s	start glinst gm  megalooper_0x0
17.3s	done  glinst gm  megalooper_0x0
17.3s	start glinst gm  matriximagefilter
17.3s	done  glinst gm  matriximagefilter
17.3s	start glinst gm  matrixconvolution_color
17.4s	done  glinst gm  matrixconvolution_color
17.4s	start glinst gm  matrixconvolution
17.4s	done  glinst gm  matrixconvolution
17.4s	start glinst gm  manyrrects
17.5s	done  glinst gm  manyrrects
17.5s	start glinst gm  manycircles
17.5s	done  glinst gm  manycircles
17.5s	start glinst gm  lumafilter
17.6s	done  glinst gm  lumafilter
17.6s	start glinst gm  localmatriximagefilter
17.7s	done  glinst gm  localmatriximagefilter
17.7s	start glinst gm  lineclosepath
17.8s	done  glinst gm  lineclosepath
17.8s	start glinst gm  linepath
17.9s	done  glinst gm  linepath
17.9s	start glinst gm  lightingshaderbevel
17.9s	done  glinst gm  lightingshaderbevel
17.9s	start glinst gm  lightingshader2
18s	done  glinst gm  lightingshader2
18s	start glinst gm  lightingshader
18.1s	done  glinst gm  lightingshader
18.1s	start glinst gm  lighting
18.3s	done  glinst gm  lighting
18.3s	start glinst gm  savelayer_lcdtext
18.4s	done  glinst gm  savelayer_lcdtext
18.4s	start glinst gm  lcdtextsize
18.4s	done  glinst gm  lcdtextsize
18.4s	start glinst gm  lcdtext
18.4s	done  glinst gm  lcdtext
18.4s	start glinst gm  lcdoverlap
18.5s	done  glinst gm  lcdoverlap
18.5s	start glinst gm  lcdblendmodes
18.7s	done  glinst gm  lcdblendmodes
18.7s	start glinst gm  lattice
18.7s	done  glinst gm  lattice
18.7s	start glinst gm  largeglyphblur
19s	done  glinst gm  largeglyphblur
19s	start glinst gm  inverse_paths
19.1s	done  glinst gm  inverse_paths
19.1s	start glinst gm  internal_links
19.1s	done  glinst gm  internal_links
19.1s	start glinst gm  image_to_yuv_planes
19.1s	done  glinst gm  image_to_yuv_planes
19.1s	start glinst gm  imagesrc2_high
19.2s	done  glinst gm  imagesrc2_high
19.2s	start glinst gm  imagesrc2_med
19.2s	done  glinst gm  imagesrc2_med
19.2s	start glinst gm  imagesrc2_low
19.2s	done  glinst gm  imagesrc2_low
19.2s	start glinst gm  imagesrc2_none
19.3s	done  glinst gm  imagesrc2_none
19.3s	start glinst gm  imagesource
19.3s	done  glinst gm  imagesource
19.3s	start glinst gm  image_scale_aligned
19.3s	done  glinst gm  image_scale_aligned
19.3s	start glinst gm  imageresizetiled
19.4s	done  glinst gm  imageresizetiled
19.4s	start glinst gm  imagemasksubset
19.5s	done  glinst gm  imagemasksubset
19.5s	start glinst gm  imagemakewithfilter
19.5s	done  glinst gm  imagemakewithfilter
19.5s	start glinst gm  imagemagnifier_cropped
19.5s	done  glinst gm  imagemagnifier_cropped
19.5s	start glinst gm  imagemagnifier
19.8s	done  glinst gm  imagemagnifier
19.8s	start glinst gm  image_from_yuv_textures
19.8s	done  glinst gm  image_from_yuv_textures
19.8s	start glinst gm  rotate_imagefilter
19.9s	done  glinst gm  rotate_imagefilter
19.9s	start glinst gm  imagefilterstransformed
19.9s	done  glinst gm  imagefilterstransformed
19.9s	start glinst gm  imagefiltersstroked
20s	done  glinst gm  imagefiltersstroked
20s	start glinst gm  imagefiltersscaled
20.2s	done  glinst gm  imagefiltersscaled
20.2s	start glinst gm  imagefiltersgraph
20.3s	done  glinst gm  imagefiltersgraph
20.3s	start glinst gm  imagefilterscropped
20.4s	done  glinst gm  imagefilterscropped
20.4s	start glinst gm  imagefilterscropexpand
20.5s	done  glinst gm  imagefilterscropexpand
20.5s	start glinst gm  imagefiltersclipped
20.7s	done  glinst gm  imagefiltersclipped
20.7s	start glinst gm  textfilter_color
20.7s	done  glinst gm  textfilter_color
20.7s	start glinst gm  textfilter_image
20.8s	done  glinst gm  textfilter_image
20.8s	start glinst gm  imagefiltersbase
20.8s	done  glinst gm  imagefiltersbase
20.8s	start glinst gm  savelayer_with_backdrop
21.1s	done  glinst gm  savelayer_with_backdrop
21.1s	start glinst gm  fast_slow_blurimagefilter
21.1s	done  glinst gm  fast_slow_blurimagefilter
21.1s	start glinst gm  imagefilters_xfermodes
21.2s	done  glinst gm  imagefilters_xfermodes
21.2s	start glinst gm  imageblurtiled
21.3s	done  glinst gm  imageblurtiled
21.3s	start glinst gm  imageblur2
21.4s	done  glinst gm  imageblur2
21.4s	start glinst gm  imageblur_large
21.6s	done  glinst gm  imageblur_large
21.6s	start glinst gm  imageblur
21.7s	done  glinst gm  imageblur
21.7s	start glinst gm  imagealphathreshold_surface
21.7s	done  glinst gm  imagealphathreshold_surface
21.7s	start glinst gm  imagealphathreshold
21.7s	done  glinst gm  imagealphathreshold
21.7s	start glinst gm  imagealphathreshold_crop
21.8s	done  glinst gm  imagealphathreshold_crop
21.8s	start glinst gm  image-shader
21.8s	done  glinst gm  image-shader
21.8s	start glinst gm  image-cacherator-from-texture
21.9s	done  glinst gm  image-cacherator-from-texture
21.9s	start glinst gm  image-cacherator-from-ctable
21.9s	done  glinst gm  image-cacherator-from-ctable
21.9s	start glinst gm  image-cacherator-from-raster
22s	done  glinst gm  image-cacherator-from-raster
22s	start glinst gm  image-cacherator-from-picture
22s	done  glinst gm  image-cacherator-from-picture
22s	start glinst gm  image-picture
22.1s	done  glinst gm  image-picture
22.1s	start glinst gm  new_texture_image
22.1s	done  glinst gm  new_texture_image
22.1s	start glinst gm  scale-pixels
22.2s	done  glinst gm  scale-pixels
22.2s	start glinst gm  image-surface
22.4s	done  glinst gm  image-surface
22.4s	start glinst gm  hittestpath
22.5s	done  glinst gm  hittestpath
22.5s	start glinst gm  highcontrastfilter
22.6s	done  glinst gm  highcontrastfilter
22.6s	start glinst gm  hardstop_gradients
22.6s	done  glinst gm  hardstop_gradients
22.6s	start glinst gm  hairmodes
22.7s	done  glinst gm  hairmodes
22.7s	start glinst gm  hairlines
22.9s	done  glinst gm  hairlines
22.9s	start glinst gm  squarehair
22.9s	done  glinst gm  squarehair
22.9s	start glinst gm  grayscalejpg
22.9s	done  glinst gm  grayscalejpg
22.9s	start glinst gm  chrome_gradtext2
23s	done  glinst gm  chrome_gradtext2
23s	start glinst gm  chrome_gradtext1
23s	done  glinst gm  chrome_gradtext1
23s	start glinst gm  gradtext
23.1s	done  glinst gm  gradtext
23.1s	start glinst gm  gradients_many_nodither
23.1s	done  glinst gm  gradients_many_nodither
23.1s	start glinst gm  gradients_many
23.2s	done  glinst gm  gradients_many
23.2s	start glinst gm  gradients_no_texture_nodither
23.3s	done  glinst gm  gradients_no_texture_nodither
23.3s	start glinst gm  gradients_no_texture
23.4s	done  glinst gm  gradients_no_texture
23.4s	start glinst gm  gradients_2pt_conical_edge_nodither
23.5s	done  glinst gm  gradients_2pt_conical_edge_nodither
23.5s	start glinst gm  gradients_2pt_conical_outside_nodither
23.6s	done  glinst gm  gradients_2pt_conical_outside_nodither
23.6s	start glinst gm  gradients_2pt_conical_inside_nodither
23.7s	done  glinst gm  gradients_2pt_conical_inside_nodither
23.7s	start glinst gm  gradients_2pt_conical_edge
23.8s	done  glinst gm  gradients_2pt_conical_edge
23.8s	start glinst gm  gradients_2pt_conical_outside
23.9s	done  glinst gm  gradients_2pt_conical_outside
23.9s	start glinst gm  gradients_2pt_conical_inside
24.1s	done  glinst gm  gradients_2pt_conical_inside
24.1s	start glinst gm  gradient_subpixel_4f
24.1s	done  glinst gm  gradient_subpixel_4f
24.1s	start glinst gm  gradient_subpixel
24.1s	done  glinst gm  gradient_subpixel
24.1s	start glinst gm  gradient_many_stops_4f
24.2s	done  glinst gm  gradient_many_stops_4f
24.2s	start glinst gm  gradient_many_stops
24.3s	done  glinst gm  gradient_many_stops
24.3s	start glinst gm  gradients_dup_color_stops
24.3s	done  glinst gm  gradients_dup_color_stops
24.3s	start glinst gm  linear_gradient_tiny_4f
24.4s	done  glinst gm  linear_gradient_tiny_4f
24.4s	start glinst gm  linear_gradient_tiny
24.4s	done  glinst gm  linear_gradient_tiny
24.4s	start glinst gm  linear_gradient_nodither
24.5s	done  glinst gm  linear_gradient_nodither
24.5s	start glinst gm  linear_gradient
24.6s	done  glinst gm  linear_gradient
24.6s	start glinst gm  radial_gradient4_nodither
24.6s	done  glinst gm  radial_gradient4_nodither
24.6s	start glinst gm  radial_gradient4
24.7s	done  glinst gm  radial_gradient4
24.7s	start glinst gm  radial_gradient3_nodither
24.7s	done  glinst gm  radial_gradient3_nodither
24.7s	start glinst gm  radial_gradient3
24.8s	done  glinst gm  radial_gradient3
24.8s	start glinst gm  radial_gradient2_nodither
24.9s	done  glinst gm  radial_gradient2_nodither
24.9s	start glinst gm  radial_gradient2
25.1s	done  glinst gm  radial_gradient2
25.1s	start glinst gm  radial_gradient
25.5s	done  glinst gm  radial_gradient
25.5s	start glinst gm  clamped_gradients_nodither
25.6s	done  glinst gm  clamped_gradients_nodither
25.6s	start glinst gm  clamped_gradients
25.6s	done  glinst gm  clamped_gradients
25.6s	start glinst gm  small_color_stop
25.6s	done  glinst gm  small_color_stop
25.6s	start glinst gm  gradients_degenerate_2pt_nodither
25.7s	done  glinst gm  gradients_degenerate_2pt_nodither
25.7s	start glinst gm  gradients_degenerate_2pt
25.7s	done  glinst gm  gradients_degenerate_2pt
25.7s	start glinst gm  gradients_view_perspective_nodither
25.8s	done  glinst gm  gradients_view_perspective_nodither
25.8s	start glinst gm  gradients_view_perspective
25.9s	done  glinst gm  gradients_view_perspective
25.9s	start glinst gm  gradients_local_perspective_nodither
26s	done  glinst gm  gradients_local_perspective_nodither
26s	start glinst gm  gradients_local_perspective
26.2s	done  glinst gm  gradients_local_perspective
26.2s	start glinst gm  gradients4f_nodither
26.3s	done  glinst gm  gradients4f_nodither
26.3s	start glinst gm  gradients4f
26.5s	done  glinst gm  gradients4f
26.5s	start glinst gm  gradients_nodither
26.6s	done  glinst gm  gradients_nodither
26.6s	start glinst gm  gradients
26.8s	done  glinst gm  gradients
26.8s	start glinst gm  gradient_dirty_laundry
26.9s	done  glinst gm  gradient_dirty_laundry
26.9s	start glinst gm  gradient_matrix
26.9s	done  glinst gm  gradient_matrix
26.9s	start glinst gm  glyph_pos_align
27s	done  glinst gm  glyph_pos_align
27s	start glinst gm  glyph_pos_n_f
27.1s	done  glinst gm  glyph_pos_n_f
27.1s	start glinst gm  glyph_pos_h_f
27.1s	done  glinst gm  glyph_pos_h_f
27.1s	start glinst gm  glyph_pos_n_s
27.2s	done  glinst gm  glyph_pos_n_s
27.2s	start glinst gm  glyph_pos_h_s
27.3s	done  glinst gm  glyph_pos_h_s
27.3s	start glinst gm  glyph_pos_n_b
27.3s	done  glinst gm  glyph_pos_n_b
27.3s	start glinst gm  glyph_pos_h_b
27.4s	done  glinst gm  glyph_pos_h_b
27.4s	start glinst gm  giantbitmap_mirror_bilerp_rotate
27.5s	done  glinst gm  giantbitmap_mirror_bilerp_rotate
27.5s	start glinst gm  giantbitmap_repeat_bilerp_rotate
27.5s	done  glinst gm  giantbitmap_repeat_bilerp_rotate
27.5s	start glinst gm  giantbitmap_clamp_bilerp_rotate
27.5s	done  glinst gm  giantbitmap_clamp_bilerp_rotate
27.5s	start glinst gm  giantbitmap_mirror_point_rotate
27.6s	done  glinst gm  giantbitmap_mirror_point_rotate
27.6s	start glinst gm  giantbitmap_repeat_point_rotate
27.6s	done  glinst gm  giantbitmap_repeat_point_rotate
27.6s	start glinst gm  giantbitmap_clamp_point_rotate
27.7s	done  glinst gm  giantbitmap_clamp_point_rotate
27.7s	start glinst gm  giantbitmap_mirror_bilerp_scale
27.7s	done  glinst gm  giantbitmap_mirror_bilerp_scale
27.7s	start glinst gm  giantbitmap_repeat_bilerp_scale
27.7s	done  glinst gm  giantbitmap_repeat_bilerp_scale
27.7s	start glinst gm  giantbitmap_clamp_bilerp_scale
27.8s	done  glinst gm  giantbitmap_clamp_bilerp_scale
27.8s	start glinst gm  giantbitmap_mirror_point_scale
27.8s	done  glinst gm  giantbitmap_mirror_point_scale
27.8s	start glinst gm  giantbitmap_repeat_point_scale
27.9s	done  glinst gm  giantbitmap_repeat_point_scale
27.9s	start glinst gm  giantbitmap_clamp_point_scale
27.9s	done  glinst gm  giantbitmap_clamp_point_scale
27.9s	start glinst gm  getpostextpath
28s	done  glinst gm  getpostextpath
28s	start glinst gm  gaussianedge
28s	done  glinst gm  gaussianedge
28s	start glinst gm  gamut
28.1s	done  glinst gm  gamut
28.1s	start glinst gm  gammagradienttext
28.1s	done  glinst gm  gammagradienttext
28.1s	start glinst gm  gammatext
28.2s	done  glinst gm  gammatext
28.2s	start glinst gm  gamma
28.2s	done  glinst gm  gamma
28.2s	start glinst gm  fontscalerdistortable
28.3s	done  glinst gm  fontscalerdistortable
28.3s	start glinst gm  fontscaler
28.5s	done  glinst gm  fontscaler
28.5s	start glinst gm  fontmgr_bounds_1_-0.25
28.7s	done  glinst gm  fontmgr_bounds_1_-0.25
28.7s	start glinst gm  fontmgr_bounds_0.75_0
28.9s	done  glinst gm  fontmgr_bounds_0.75_0
28.9s	start glinst gm  fontmgr_bounds
29.1s	done  glinst gm  fontmgr_bounds
29.1s	start glinst gm  fontmgr_match
29.2s	done  glinst gm  fontmgr_match
29.2s	start glinst gm  fontmgr_iter
30.2s	
30.2s elapsed, 1 active, 249 queued, 142MB RAM, 295MB peak
30.2s		glinst gm  fontmgr_iter
31s	done  glinst gm  fontmgr_iter
31s	start glinst gm  fontcache
31.1s	done  glinst gm  fontcache
31.1s	start glinst gm  filterindiabox
31.2s	done  glinst gm  filterindiabox
31.2s	start glinst gm  filterfastbounds
31.3s	done  glinst gm  filterfastbounds
31.3s	start glinst gm  filterbug
31.3s	done  glinst gm  filterbug
31.3s	start glinst gm  filterbitmap_image_color_wheel.png
31.5s	done  glinst gm  filterbitmap_image_color_wheel.png
31.5s	start glinst gm  filterbitmap_image_mandrill_512.png
31.7s	done  glinst gm  filterbitmap_image_mandrill_512.png
31.7s	start glinst gm  filterbitmap_image_mandrill_256.png
31.9s	done  glinst gm  filterbitmap_image_mandrill_256.png
31.9s	start glinst gm  filterbitmap_image_mandrill_128.png
32.1s	done  glinst gm  filterbitmap_image_mandrill_128.png
32.1s	start glinst gm  filterbitmap_image_mandrill_64.png_g8
32.2s	done  glinst gm  filterbitmap_image_mandrill_64.png_g8
32.2s	start glinst gm  filterbitmap_image_mandrill_64.png
32.4s	done  glinst gm  filterbitmap_image_mandrill_64.png
32.4s	start glinst gm  filterbitmap_image_mandrill_32.png
32.5s	done  glinst gm  filterbitmap_image_mandrill_32.png
32.5s	start glinst gm  filterbitmap_image_mandrill_16.png
32.7s	done  glinst gm  filterbitmap_image_mandrill_16.png
32.7s	start glinst gm  filterbitmap_checkerboard_192_192
32.8s	done  glinst gm  filterbitmap_checkerboard_192_192
32.8s	start glinst gm  filterbitmap_checkerboard_32_2
32.9s	done  glinst gm  filterbitmap_checkerboard_32_2
32.9s	start glinst gm  filterbitmap_checkerboard_32_8
33s	done  glinst gm  filterbitmap_checkerboard_32_8
33s	start glinst gm  filterbitmap_checkerboard_32_32_g8
33.2s	done  glinst gm  filterbitmap_checkerboard_32_32_g8
33.2s	start glinst gm  filterbitmap_checkerboard_32_32
33.3s	done  glinst gm  filterbitmap_checkerboard_32_32
33.3s	start glinst gm  filterbitmap_checkerboard_4_4
33.4s	done  glinst gm  filterbitmap_checkerboard_4_4
33.4s	start glinst gm  filterbitmap_text_10.00pt
33.5s	done  glinst gm  filterbitmap_text_10.00pt
33.5s	start glinst gm  filterbitmap_text_7.00pt
33.6s	done  glinst gm  filterbitmap_text_7.00pt
33.6s	start glinst gm  filterbitmap_text_3.00pt
33.8s	done  glinst gm  filterbitmap_text_3.00pt
33.8s	start glinst gm  filltypespersp
33.9s	done  glinst gm  filltypespersp
33.9s	start glinst gm  filltypes
33.9s	done  glinst gm  filltypes
33.9s	start glinst gm  fatpathfill
34s	done  glinst gm  fatpathfill
34s	start glinst gm  fadefilter
34s	done  glinst gm  fadefilter
34s	start glinst gm  extractbitmap
34s	done  glinst gm  extractbitmap
34s	start glinst gm  etc1
34.1s	done  glinst gm  etc1
34.1s	start glinst gm  encode-srgb-jpg
34.2s	done  glinst gm  encode-srgb-jpg
34.2s	start glinst gm  encode-srgb-webp
34.5s	done  glinst gm  encode-srgb-webp
34.5s	start glinst gm  encode-srgb-png
34.7s	done  glinst gm  encode-srgb-png
34.7s	start glinst gm  encode-platform
35.4s	done  glinst gm  encode-platform
35.4s	start glinst gm  encode
35.7s	done  glinst gm  encode
35.7s	start glinst gm  emptystroke
35.7s	done  glinst gm  emptystroke
35.7s	start glinst gm  emptypath
35.8s	done  glinst gm  emptypath
35.8s	start glinst gm  dstreadshuffle
35.9s	done  glinst gm  dstreadshuffle
35.9s	start glinst gm  drrect
35.9s	done  glinst gm  drrect
35.9s	start glinst gm  dropshadowimagefilter
36s	done  glinst gm  dropshadowimagefilter
36s	start glinst gm  drawregionmodes
36s	done  glinst gm  drawregionmodes
36s	start glinst gm  drawregion
36.2s	done  glinst gm  drawregion
36.2s	start glinst gm  drawminibitmaprect
36.3s	done  glinst gm  drawminibitmaprect
36.3s	start glinst gm  drawminibitmaprect_aa
36.5s	done  glinst gm  drawminibitmaprect_aa
36.5s	start glinst gm  drawlooper
36.5s	done  glinst gm  drawlooper
36.5s	start glinst gm  drawfilter
36.5s	done  glinst gm  drawfilter
36.5s	start glinst gm  drawbitmaprect-imagerect-subset
36.7s	done  glinst gm  drawbitmaprect-imagerect-subset
36.7s	start glinst gm  drawbitmaprect-imagerect
36.8s	done  glinst gm  drawbitmaprect-imagerect
36.8s	start glinst gm  drawbitmaprect-subset
36.9s	done  glinst gm  drawbitmaprect-subset
36.9s	start glinst gm  drawbitmaprect
37.1s	done  glinst gm  drawbitmaprect
37.1s	start glinst gm  draw-atlas-colors
37.2s	done  glinst gm  draw-atlas-colors
37.2s	start glinst gm  drawTextRSXform
37.2s	done  glinst gm  drawTextRSXform
37.2s	start glinst gm  draw-atlas
37.3s	done  glinst gm  draw-atlas
37.3s	start glinst gm  drawable
37.3s	done  glinst gm  drawable
37.3s	start glinst gm  draw_bitmap_rect_skbug4734
37.3s	done  glinst gm  draw_bitmap_rect_skbug4734
37.3s	start glinst gm  downsamplebitmap_image_none_mandrill_512.png
37.5s	done  glinst gm  downsamplebitmap_image_none_mandrill_512.png
37.5s	start glinst gm  downsamplebitmap_checkerboard_none_512_256
37.6s	done  glinst gm  downsamplebitmap_checkerboard_none_512_256
37.6s	start glinst gm  downsamplebitmap_text_none_72.00pt
37.7s	done  glinst gm  downsamplebitmap_text_none_72.00pt
37.7s	start glinst gm  downsamplebitmap_image_low_mandrill_512.png
38s	done  glinst gm  downsamplebitmap_image_low_mandrill_512.png
38s	start glinst gm  downsamplebitmap_checkerboard_low_512_256
38s	done  glinst gm  downsamplebitmap_checkerboard_low_512_256
38s	start glinst gm  downsamplebitmap_text_low_72.00pt
38.1s	done  glinst gm  downsamplebitmap_text_low_72.00pt
38.1s	start glinst gm  downsamplebitmap_image_medium_mandrill_512.png
38.4s	done  glinst gm  downsamplebitmap_image_medium_mandrill_512.png
38.4s	start glinst gm  downsamplebitmap_checkerboard_medium_512_256
38.5s	done  glinst gm  downsamplebitmap_checkerboard_medium_512_256
38.5s	start glinst gm  downsamplebitmap_text_medium_72.00pt
38.6s	done  glinst gm  downsamplebitmap_text_medium_72.00pt
38.6s	start glinst gm  downsamplebitmap_image_high_mandrill_512.png
38.8s	done  glinst gm  downsamplebitmap_image_high_mandrill_512.png
38.8s	start glinst gm  downsamplebitmap_checkerboard_high_512_256
38.9s	done  glinst gm  downsamplebitmap_checkerboard_high_512_256
38.9s	start glinst gm  downsamplebitmap_text_high_72.00pt
39s	done  glinst gm  downsamplebitmap_text_high_72.00pt
39s	start glinst gm  distantclip
39s	done  glinst gm  distantclip
39s	start glinst gm  displacement
39s	done  glinst gm  displacement
39s	start glinst gm  discard
39.1s	done  glinst gm  discard
39.1s	start glinst gm  dftext
39.2s	done  glinst gm  dftext
39.2s	start glinst gm  degeneratesegments
39.3s	done  glinst gm  degeneratesegments
39.3s	start glinst gm  deferred_texture_image_medium_decoded_indexed
39.3s	done  glinst gm  deferred_texture_image_medium_decoded_indexed
39.3s	start glinst gm  deferred_texture_image_medium_encoded_indexed
39.3s	done  glinst gm  deferred_texture_image_medium_encoded_indexed
39.3s	start glinst gm  deferred_texture_image_high
39.5s	done  glinst gm  deferred_texture_image_high
39.5s	start glinst gm  deferred_texture_image_medium_decoded
39.7s	done  glinst gm  deferred_texture_image_medium_decoded
39.7s	start glinst gm  deferred_texture_image_medium_encoded
39.9s	done  glinst gm  deferred_texture_image_medium_encoded
39.9s	start glinst gm  deferred_texture_image_low
40s	done  glinst gm  deferred_texture_image_low
40s	start glinst gm  deferred_texture_image_none
40.2s	done  glinst gm  deferred_texture_image_none
40.2s	start glinst gm  dashing5_bw
40.2s	done  glinst gm  dashing5_bw
40.2s	start glinst gm  dashing5_aa
40.2s	done  glinst gm  dashing5_aa
40.2s	start glinst gm  dashing4
40.3s	done  glinst gm  dashing4
40.3s	start glinst gm  dashing3
40.4s	done  glinst gm  dashing3
40.4s	start glinst gm  dashing2
40.4s	done  glinst gm  dashing2
40.4s	start glinst gm  dashing
40.4s	done  glinst gm  dashing
40.4s	start glinst gm  dashtextcaps
40.5s	done  glinst gm  dashtextcaps
40.5s	start glinst gm  longwavyline
40.5s	done  glinst gm  longwavyline
40.5s	start glinst gm  longlinedash
40.6s	done  glinst gm  longlinedash
40.6s	start glinst gm  longpathdash
40.8s	done  glinst gm  longpathdash
40.8s	start glinst gm  dashcubics
40.9s	done  glinst gm  dashcubics
40.9s	start glinst gm  dashcircle
41s	done  glinst gm  dashcircle
41s	start glinst gm  clippedcubic2
41.1s	done  glinst gm  clippedcubic2
41.1s	start glinst gm  clippedcubic
41.2s	done  glinst gm  clippedcubic
41.2s	start glinst gm  cubicclosepath
41.2s	done  glinst gm  cubicclosepath
41.2s	start glinst gm  cubicpath
41.3s	done  glinst gm  cubicpath
41.3s	start glinst gm  bug6083
41.3s	done  glinst gm  bug6083
41.3s	start glinst gm  bug5099
41.3s	done  glinst gm  bug5099
41.3s	start glinst gm  croppedrects
41.4s	done  glinst gm  croppedrects
41.4s	start glinst gm  crbug_691386
41.4s	done  glinst gm  crbug_691386
41.4s	start glinst gm  copyTo4444
41.7s	done  glinst gm  copyTo4444
41.7s	start glinst gm  convex_poly_effect
41.8s	done  glinst gm  convex_poly_effect
41.8s	start glinst gm  convex_poly_clip
41.9s	done  glinst gm  convex_poly_clip
41.9s	start glinst gm  convexpaths
42s	done  glinst gm  convexpaths
42s	start glinst gm  convex-lineonly-paths-stroke-and-fill
42.1s	done  glinst gm  convex-lineonly-paths-stroke-and-fill
42.1s	start glinst gm  convex-lineonly-paths
42.1s	done  glinst gm  convex-lineonly-paths
42.1s	start glinst gm  const_color_processor
42.2s	done  glinst gm  const_color_processor
42.2s	start glinst gm  crbug_640176
42.2s	done  glinst gm  crbug_640176
42.2s	start glinst gm  largecircle
42.3s	done  glinst gm  largecircle
42.3s	start glinst gm  arccirclegap
42.3s	done  glinst gm  arccirclegap
42.3s	start glinst gm  conicpaths
42.4s	done  glinst gm  conicpaths
42.4s	start glinst gm  concavepaths
42.4s	done  glinst gm  concavepaths
42.4s	start glinst gm  composeshader_bitmap
42.4s	done  glinst gm  composeshader_bitmap
42.4s	start glinst gm  composeshader_alpha
42.5s	done  glinst gm  composeshader_alpha
42.5s	start glinst gm  composeshader
42.5s	done  glinst gm  composeshader
42.5s	start glinst gm  composeshader_bitmap2
42.5s	done  glinst gm  composeshader_bitmap2
42.5s	start glinst gm  complexclip4_aa
42.6s	done  glinst gm  complexclip4_aa
42.6s	start glinst gm  complexclip4_bw
42.7s	done  glinst gm  complexclip4_bw
42.7s	start glinst gm  complexclip3_complex
42.8s	done  glinst gm  complexclip3_complex
42.8s	start glinst gm  complexclip3_simple
42.9s	done  glinst gm  complexclip3_simple
42.9s	start glinst gm  complexclip2_path_aa
43s	done  glinst gm  complexclip2_path_aa
43s	start glinst gm  complexclip2_rrect_aa
43s	done  glinst gm  complexclip2_rrect_aa
43s	start glinst gm  complexclip2_rect_aa
43.1s	done  glinst gm  complexclip2_rect_aa
43.1s	start glinst gm  complexclip2_path_bw
43.1s	done  glinst gm  complexclip2_path_bw
43.1s	start glinst gm  complexclip2_rrect_bw
43.1s	done  glinst gm  complexclip2_rrect_bw
43.1s	start glinst gm  complexclip2
43.2s	done  glinst gm  complexclip2
43.2s	start glinst gm  complexclip_blur_tiled
43.2s	done  glinst gm  complexclip_blur_tiled
43.2s	start glinst gm  complexclip_aa_layer_invert
43.4s	done  glinst gm  complexclip_aa_layer_invert
43.4s	start glinst gm  complexclip_aa_layer
43.5s	done  glinst gm  complexclip_aa_layer
43.5s	start glinst gm  complexclip_aa_invert
43.6s	done  glinst gm  complexclip_aa_invert
43.6s	start glinst gm  complexclip_aa
43.7s	done  glinst gm  complexclip_aa
43.7s	start glinst gm  complexclip_bw_layer_invert
43.8s	done  glinst gm  complexclip_bw_layer_invert
43.8s	start glinst gm  complexclip_bw_layer
43.9s	done  glinst gm  complexclip_bw_layer
43.9s	start glinst gm  complexclip_bw_invert
44s	done  glinst gm  complexclip_bw_invert
44s	start glinst gm  complexclip_bw
44.1s	done  glinst gm  complexclip_bw
44.1s	start glinst gm  colorwheelnative
44.1s	done  glinst gm  colorwheelnative
44.1s	start glinst gm  colorwheel
44.1s	done  glinst gm  colorwheel
44.1s	start glinst gm  colortype_xfermodes
44.2s	done  glinst gm  colortype_xfermodes
44.2s	start glinst gm  colortype
44.3s	done  glinst gm  colortype
44.3s	start glinst gm  colorspacexform
44.3s	done  glinst gm  colorspacexform
44.3s	start glinst gm  colormatrix
44.3s	done  glinst gm  colormatrix
44.3s	start glinst gm  lightingcolorfilter
44.4s	done  glinst gm  lightingcolorfilter
44.4s	start glinst gm  colorfiltershader
44.4s	done  glinst gm  colorfiltershader
44.4s	start glinst gm  colorfilterimagefilter_layer
44.4s	done  glinst gm  colorfilterimagefilter_layer
44.4s	start glinst gm  colorfilterimagefilter
44.5s	done  glinst gm  colorfilterimagefilter
44.5s	start glinst gm  colorfilteralpha8
44.5s	done  glinst gm  colorfilteralpha8
44.5s	start glinst gm  coloremoji
44.6s	done  glinst gm  coloremoji
44.6s	start glinst gm  color4shader
44.6s	done  glinst gm  color4shader
44.6s	start glinst gm  color4f
44.6s	done  glinst gm  color4f
44.6s	start glinst gm  clipped-bitmap-shaders-clamp-hq
44.7s	done  glinst gm  clipped-bitmap-shaders-clamp-hq
44.7s	start glinst gm  clipped-bitmap-shaders-mirror-hq
44.7s	done  glinst gm  clipped-bitmap-shaders-mirror-hq
44.7s	start glinst gm  clipped-bitmap-shaders-tile-hq
44.7s	done  glinst gm  clipped-bitmap-shaders-tile-hq
44.7s	start glinst gm  clipped-bitmap-shaders-clamp
44.7s	done  glinst gm  clipped-bitmap-shaders-clamp
44.7s	start glinst gm  clipped-bitmap-shaders-mirror
44.8s	done  glinst gm  clipped-bitmap-shaders-mirror
44.8s	start glinst gm  clipped-bitmap-shaders-tile
44.8s	done  glinst gm  clipped-bitmap-shaders-tile
44.8s	start glinst gm  clip_region
44.8s	done  glinst gm  clip_region
44.8s	start glinst gm  clipdrawdraw
44.8s	done  glinst gm  clipdrawdraw
44.8s	start glinst gm  clip_strokerect
44.9s	done  glinst gm  clip_strokerect
44.9s	start glinst gm  cliperror
45s	done  glinst gm  cliperror
45s	start glinst gm  circular-clips
45s	done  glinst gm  circular-clips
45s	start glinst gm  onebadarc
45.1s	done  glinst gm  onebadarc
45.1s	start glinst gm  circular_arcs_weird
45.1s	done  glinst gm  circular_arcs_weird
45.1s	start glinst gm  circular_arcs_stroke_and_fill_round
45.2s	
45.2s elapsed, 1 active, 90 queued, 140MB RAM, 295MB peak
45.2s		glinst gm  circular_arcs_stroke_and_fill_round
45.3s	done  glinst gm  circular_arcs_stroke_and_fill_round
45.3s	start glinst gm  circular_arcs_stroke_and_fill_square
45.4s	done  glinst gm  circular_arcs_stroke_and_fill_square
45.4s	start glinst gm  circular_arcs_stroke_and_fill_butt
45.6s	done  glinst gm  circular_arcs_stroke_and_fill_butt
45.6s	start glinst gm  circular_arcs_stroke_round
45.7s	done  glinst gm  circular_arcs_stroke_round
45.7s	start glinst gm  circular_arcs_stroke_square
45.8s	done  glinst gm  circular_arcs_stroke_square
45.8s	start glinst gm  circular_arcs_stroke_butt
46s	done  glinst gm  circular_arcs_stroke_butt
46s	start glinst gm  circular_arcs_hairline
46.1s	done  glinst gm  circular_arcs_hairline
46.1s	start glinst gm  circular_arcs_fill
46.2s	done  glinst gm  circular_arcs_fill
46.2s	start glinst gm  circles
46.3s	done  glinst gm  circles
46.3s	start glinst gm  c_gms
46.4s	done  glinst gm  c_gms
46.4s	start glinst gm  bug615686
46.4s	done  glinst gm  bug615686
46.4s	start glinst gm  bug591993
46.4s	done  glinst gm  bug591993
46.4s	start glinst gm  bug530095
46.5s	done  glinst gm  bug530095
46.5s	start glinst gm  bug5252
46.6s	done  glinst gm  bug5252
46.6s	start glinst gm  bmp_filter_quality_repeat
46.6s	done  glinst gm  bmp_filter_quality_repeat
46.6s	start glinst gm  blur2rectsnonninepatch
46.7s	done  glinst gm  blur2rectsnonninepatch
46.7s	start glinst gm  blur2rects
46.7s	done  glinst gm  blur2rects
46.7s	start glinst gm  blurs
46.8s	done  glinst gm  blurs
46.8s	start glinst gm  simpleblurroundrect
46.9s	done  glinst gm  simpleblurroundrect
46.9s	start glinst gm  blurroundrect-WH-100x100-unevenCorners
46.9s	done  glinst gm  blurroundrect-WH-100x100-unevenCorners
46.9s	start glinst gm  blurredclippedcircle
47s	done  glinst gm  blurredclippedcircle
47s	start glinst gm  blurrects
47.1s	done  glinst gm  blurrects
47.1s	start glinst gm  blurrect_gallery
47.3s	done  glinst gm  blurrect_gallery
47.3s	start glinst gm  blurquickreject
47.3s	done  glinst gm  blurquickreject
47.3s	start glinst gm  blurcircles2
47.5s	done  glinst gm  blurcircles2
47.5s	start glinst gm  blurcircles
47.6s	done  glinst gm  blurcircles
47.6s	start glinst gm  blend
47.7s	done  glinst gm  blend
47.7s	start glinst gm  bleed_downscale
47.7s	done  glinst gm  bleed_downscale
47.7s	start glinst gm  bleed_alpha_image_shader
48s	done  glinst gm  bleed_alpha_image_shader
48s	start glinst gm  bleed_alpha_bmp_shader
48.3s	done  glinst gm  bleed_alpha_bmp_shader
48.3s	start glinst gm  bleed_alpha_image
48.5s	done  glinst gm  bleed_alpha_image
48.5s	start glinst gm  bleed_alpha_bmp
48.7s	done  glinst gm  bleed_alpha_bmp
48.7s	start glinst gm  bleed_image
48.9s	done  glinst gm  bleed_image
48.9s	start glinst gm  bleed
49.1s	done  glinst gm  bleed
49.1s	start glinst gm  bitmaptiled_fractional_vertical
49.2s	done  glinst gm  bitmaptiled_fractional_vertical
49.2s	start glinst gm  bitmaptiled_fractional_horizontal
49.2s	done  glinst gm  bitmaptiled_fractional_horizontal
49.2s	start glinst gm  bitmapshaders
49.2s	done  glinst gm  bitmapshaders
49.2s	start glinst gm  bitmaprecttest
49.3s	done  glinst gm  bitmaprecttest
49.3s	start glinst gm  bigbitmaprect_i
49.5s	done  glinst gm  bigbitmaprect_i
49.5s	start glinst gm  bigbitmaprect_s
49.7s	done  glinst gm  bigbitmaprect_s
49.7s	start glinst gm  3x3bitmaprect
49.7s	done  glinst gm  3x3bitmaprect
49.7s	start glinst gm  bitmaprect_i
49.8s	done  glinst gm  bitmaprect_i
49.8s	start glinst gm  bitmaprect_s
49.8s	done  glinst gm  bitmaprect_s
49.8s	start glinst gm  bitmaprect_rounding
49.8s	done  glinst gm  bitmaprect_rounding
49.8s	start glinst gm  bitmap_premul
49.9s	done  glinst gm  bitmap_premul
49.9s	start glinst gm  bitmap-image-srgb-legacy
50.2s	done  glinst gm  bitmap-image-srgb-legacy
50.2s	start glinst gm  extractalpha
50.2s	done  glinst gm  extractalpha
50.2s	start glinst gm  bitmapfilters
50.2s	done  glinst gm  bitmapfilters
50.2s	start glinst gm  bitmapcopy
50.3s	done  glinst gm  bitmapcopy
50.3s	start glinst gm  bigtileimagefilter
50.3s	done  glinst gm  bigtileimagefilter
50.3s	start glinst gm  bigtext
50.3s	done  glinst gm  bigtext
50.3s	start glinst gm  big_rrect_elliptical_corner_aa_effect
50.4s	done  glinst gm  big_rrect_elliptical_corner_aa_effect
50.4s	start glinst gm  big_rrect_circular_corner_aa_effect
50.5s	done  glinst gm  big_rrect_circular_corner_aa_effect
50.5s	start glinst gm  big_rrect_ellipse_aa_effect
50.7s	done  glinst gm  big_rrect_ellipse_aa_effect
50.7s	start glinst gm  big_rrect_circle_aa_effect
50.8s	done  glinst gm  big_rrect_circle_aa_effect
50.8s	start glinst gm  big_rrect_rect_aa_effect
50.9s	done  glinst gm  big_rrect_rect_aa_effect
50.9s	start glinst gm  bigmatrix
50.9s	done  glinst gm  bigmatrix
50.9s	start glinst gm  bigblurs
50.9s	done  glinst gm  bigblurs
50.9s	start glinst gm  beziers
51s	done  glinst gm  beziers
51s	start glinst gm  bezier_quad_effects
51.1s	done  glinst gm  bezier_quad_effects
51.1s	start glinst gm  bezier_conic_effects
51.1s	done  glinst gm  bezier_conic_effects
51.1s	start glinst gm  bezier_cubic_effects
51.2s	done  glinst gm  bezier_cubic_effects
51.2s	start glinst gm  badpaint
51.2s	done  glinst gm  badpaint
51.2s	start glinst gm  arithmode
51.3s	done  glinst gm  arithmode
51.3s	start glinst gm  bug583299
51.3s	done  glinst gm  bug583299
51.3s	start glinst gm  bug593049
51.4s	done  glinst gm  bug593049
51.4s	start glinst gm  parsedpaths
51.4s	done  glinst gm  parsedpaths
51.4s	start glinst gm  arcto
51.5s	done  glinst gm  arcto
51.5s	start glinst gm  arcofzorro
51.6s	done  glinst gm  arcofzorro
51.6s	start glinst gm  annotated_text
51.6s	done  glinst gm  annotated_text
51.6s	start glinst gm  anisotropic_hq
51.8s	done  glinst gm  anisotropic_hq
51.8s	start glinst gm  animated-image-blurs
52s	done  glinst gm  animated-image-blurs
52s	start glinst gm  animatedGif
52.2s	done  glinst gm  animatedGif
52.2s	start glinst gm  alphagradients
52.3s	done  glinst gm  alphagradients
52.3s	start glinst gm  all_variants_8888
52.3s	done  glinst gm  all_variants_8888
52.3s	start glinst gm  not_native32_bitmap_config
52.3s	done  glinst gm  not_native32_bitmap_config
52.3s	start glinst gm  all_bitmap_configs
52.4s	done  glinst gm  all_bitmap_configs
52.4s	start glinst gm  tinyanglearcs
52.4s	done  glinst gm  tinyanglearcs
52.4s	start glinst gm  manyarcs
52.4s	done  glinst gm  manyarcs
52.4s	start glinst gm  fillcircle
52.5s	done  glinst gm  fillcircle
52.5s	start glinst gm  strokecircle
52.5s	done  glinst gm  strokecircle
52.5s	start glinst gm  addarc_meas
52.6s	done  glinst gm  addarc_meas
52.6s	start glinst gm  addarc
52.8s	done  glinst gm  addarc
52.8s	start glinst gm  aaxfermodes
53s	done  glinst gm  aaxfermodes
53s	start glinst gm  aarectmodes
53s	done  glinst gm  aarectmodes
53s	start glinst gm  clipcubic
53.1s	done  glinst gm  clipcubic
53.1s	start glinst gm  aaclip
53.1s	done  glinst gm  aaclip
53.1s	start glinst gm  dont_clip_to_layer
53.1s	done  glinst gm  dont_clip_to_layer
53.1s	start glinst gm  analytic_antialias_inverse
53.2s	done  glinst gm  analytic_antialias_inverse
53.2s	start glinst gm  analytic_antialias_general
53.2s	done  glinst gm  analytic_antialias_general
53.2s	start glinst gm  analytic_antialias_convex
53.3s	done  glinst gm  analytic_antialias_convex
53.3s	
53.3s elapsed, 0 active, 0 queued, 161MB RAM, 295MB peak
