302ms	614 srcs * 1 sinks + 0 tests == 614 tasks303ms	
303ms elapsed, 0 active, 614 queued, 29MB RAM, 29MB peak
303ms	start gpu gm  yuv_nv12_to_rgb_effect
370ms	done  gpu gm  yuv_nv12_to_rgb_effect
370ms	start gpu gm  yuv_to_rgb_effect
455ms	done  gpu gm  yuv_to_rgb_effect
455ms	start gpu gm  xfermodes3
701ms	done  gpu gm  xfermodes3
701ms	start gpu gm  xfermodes2
875ms	done  gpu gm  xfermodes2
875ms	start gpu gm  xfermodes
1.09s	done  gpu gm  xfermodes
1.09s	start gpu gm  xfermodeimagefilter
1.25s	done  gpu gm  xfermodeimagefilter
1.25s	start gpu gm  windowrectangles_mask
1.36s	done  gpu gm  windowrectangles_mask
1.36s	start gpu gm  windowrectangles
1.48s	done  gpu gm  windowrectangles
1.48s	start gpu gm  verylarge_picture_image
2.64s	done  gpu gm  verylarge_picture_image
2.64s	start gpu gm  verylargebitmap
3.37s	done  gpu gm  verylargebitmap
3.37s	start gpu gm  verttext2
3.49s	done  gpu gm  verttext2
3.49s	start gpu gm  verttext
3.59s	done  gpu gm  verttext
3.59s	start gpu gm  vertices_batching
3.67s	done  gpu gm  vertices_batching
3.67s	start gpu gm  vertices_scaled_shader
4.1s	done  gpu gm  vertices_scaled_shader
4.1s	start gpu gm  vertices
4.56s	done  gpu gm  vertices
4.56s	start gpu gm  vertices_object
5s	done  gpu gm  vertices_object
5.01s	start gpu gm  varied_text_clipped_lcd
5.14s	done  gpu gm  varied_text_clipped_lcd
5.14s	start gpu gm  varied_text_ignorable_clip_lcd
5.29s	done  gpu gm  varied_text_ignorable_clip_lcd
5.29s	start gpu gm  varied_text_clipped_no_lcd
5.4s	done  gpu gm  varied_text_clipped_no_lcd
5.4s	start gpu gm  varied_text_ignorable_clip_no_lcd
5.54s	done  gpu gm  varied_text_ignorable_clip_no_lcd
5.54s	start gpu gm  typefacerendering_pfb
5.67s	done  gpu gm  typefacerendering_pfb
5.67s	start gpu gm  typefacerendering_pfa
5.83s	done  gpu gm  typefacerendering_pfa
5.83s	start gpu gm  typefacerendering
6.02s	done  gpu gm  typefacerendering
6.02s	start gpu gm  typefacestyles_kerning
6.17s	done  gpu gm  typefacestyles_kerning
6.17s	start gpu gm  typefacestyles
6.32s	done  gpu gm  typefacestyles
6.32s	start gpu gm  transparency_check
6.58s	done  gpu gm  transparency_check
6.58s	start gpu gm  tinybitmap
6.66s	done  gpu gm  tinybitmap
6.66s	start gpu gm  scaled_tilemode_gradient
6.77s	done  gpu gm  scaled_tilemode_gradient
6.77s	start gpu gm  scaled_tilemode_bitmap
6.9s	done  gpu gm  scaled_tilemode_bitmap
6.9s	start gpu gm  scaled_tilemodes_npot
7.13s	done  gpu gm  scaled_tilemodes_npot
7.13s	start gpu gm  scaled_tilemodes
7.43s	done  gpu gm  scaled_tilemodes
7.43s	start gpu gm  tilemode_gradient
7.57s	done  gpu gm  tilemode_gradient
7.57s	start gpu gm  tilemode_bitmap
7.68s	done  gpu gm  tilemode_bitmap
7.68s	start gpu gm  tilemodes_npot
7.84s	done  gpu gm  tilemodes_npot
7.84s	start gpu gm  tilemodes
8.04s	done  gpu gm  tilemodes
8.04s	start gpu gm  tileimagefilter
8.14s	done  gpu gm  tileimagefilter
8.14s	start gpu gm  tiledscaledbitmap
8.28s	done  gpu gm  tiledscaledbitmap
8.28s	start gpu gm  thinstrokedrects
8.36s	done  gpu gm  thinstrokedrects
8.36s	start gpu gm  thinrects
8.45s	done  gpu gm  thinrects
8.45s	start gpu gm  thinconcavepaths
8.56s	done  gpu gm  thinconcavepaths
8.56s	start gpu gm  texture_domain_effect
8.71s	done  gpu gm  texture_domain_effect
8.71s	start gpu gm  fancyunderlinebars
8.85s	done  gpu gm  fancyunderlinebars
8.85s	start gpu gm  fancyblobunderline
9.12s	done  gpu gm  fancyblobunderline
9.12s	start gpu gm  fancyposunderline
9.34s	done  gpu gm  fancyposunderline
9.34s	start gpu gm  fancyunderline
9.55s	done  gpu gm  fancyunderline
9.55s	start gpu gm  texteffects
9.68s	done  gpu gm  texteffects
9.68s	start gpu gm  textblobuseaftergpufree
9.76s	done  gpu gm  textblobuseaftergpufree
9.76s	start gpu gm  textblobtransforms
9.96s	done  gpu gm  textblobtransforms
9.96s	start gpu gm  textblobshader
10.1s	done  gpu gm  textblobshader
10.1s	start gpu gm  textblobrandomfont
10.5s	done  gpu gm  textblobrandomfont
10.5s	start gpu gm  textblobmixedsizes_df
10.9s	done  gpu gm  textblobmixedsizes_df
10.9s	start gpu gm  textblobmixedsizes
11.4s	done  gpu gm  textblobmixedsizes
11.4s	start gpu gm  textbloblooper
11.6s	done  gpu gm  textbloblooper
11.6s	start gpu gm  textblobgeometrychange
11.7s	done  gpu gm  textblobgeometrychange
11.7s	start gpu gm  textblobcolortrans
11.9s	done  gpu gm  textblobcolortrans
11.9s	start gpu gm  textblobblockreordering
11.9s	done  gpu gm  textblobblockreordering
11.9s	start gpu gm  textblob
12s	done  gpu gm  textblob
12s	start gpu gm  texdata
12.1s	done  gpu gm  texdata
12.1s	start gpu gm  testgradient
12.3s	done  gpu gm  testgradient
12.3s	start gpu gm  tall_stretched_bitmaps
12.5s	done  gpu gm  tall_stretched_bitmaps
12.5s	start gpu gm  colorcomposefilter_alpha
12.6s	done  gpu gm  colorcomposefilter_alpha
12.6s	start gpu gm  colorcomposefilter_wacky
12.8s	done  gpu gm  colorcomposefilter_wacky
12.8s	start gpu gm  tablecolorfilter
13.1s	done  gpu gm  tablecolorfilter
13.1s	start gpu gm  surfacenew
13.2s	done  gpu gm  surfacenew
13.2s	start gpu gm  surfaceprops
13.3s	done  gpu gm  surfaceprops
13.3s	start gpu gm  bitmap_subset_shader
13.4s	done  gpu gm  bitmap_subset_shader
13.4s	start gpu gm  stroketext
13.5s	done  gpu gm  stroketext
13.5s	start gpu gm  teenyStrokes
13.6s	done  gpu gm  teenyStrokes
13.6s	start gpu gm  zeroPath
13.7s	done  gpu gm  zeroPath
13.7s	start gpu gm  zero_control_stroke
13.8s	done  gpu gm  zero_control_stroke
13.8s	start gpu gm  strokes_zoomed
13.9s	done  gpu gm  strokes_zoomed
13.9s	start gpu gm  strokes3
14.3s	done  gpu gm  strokes3
14.3s	start gpu gm  strokes_poly
14.4s	done  gpu gm  strokes_poly
14.4s	start gpu gm  strokes_round
14.5s	done  gpu gm  strokes_round
14.5s	start gpu gm  quadcap
14.6s	done  gpu gm  quadcap
14.6s	start gpu gm  zerolinestroke
14.7s	done  gpu gm  zerolinestroke
14.7s	start gpu gm  CubicStroke
14.8s	done  gpu gm  CubicStroke
14.8s	start gpu gm  strokerects
14.9s	done  gpu gm  strokerects
14.9s	start gpu gm  strokerect_anisotropic_5408
15s	done  gpu gm  strokerect_anisotropic_5408
15s	start gpu gm  strokerect
15.2s	done  gpu gm  strokerect
15.2s	start gpu gm  bug339297
15.3s	done  gpu gm  bug339297
15.3s	start gpu gm  stroke-fill
15.3s	
15.3s elapsed, 1 active, 532 queued, 136MB RAM, 295MB peak
15.3s		gpu gm  stroke-fill
15.4s	done  gpu gm  stroke-fill
15.4s	start gpu gm  strokedlines
15.6s	done  gpu gm  strokedlines
15.6s	start gpu gm  stroke_rect_shader
15.7s	done  gpu gm  stroke_rect_shader
15.7s	start gpu gm  stringart
15.8s	done  gpu gm  stringart
15.8s	start gpu gm  stlouisarch
15.9s	done  gpu gm  stlouisarch
15.9s	start gpu gm  srcmode
16s	done  gpu gm  srcmode
16s	start gpu gm  spritebitmap
16.2s	done  gpu gm  spritebitmap
16.2s	start gpu gm  smallpaths
16.3s	done  gpu gm  smallpaths
16.3s	start gpu gm  small_image
16.3s	done  gpu gm  small_image
16.3s	start gpu gm  smallarc
16.4s	done  gpu gm  smallarc
16.4s	start gpu gm  linear_pipeline
16.6s	done  gpu gm  linear_pipeline
16.6s	start gpu gm  skbug1719
16.7s	done  gpu gm  skbug1719
16.7s	start gpu gm  skbug_5321
16.8s	done  gpu gm  skbug_5321
16.8s	start gpu gm  skbug_4868
16.8s	done  gpu gm  skbug_4868
16.8s	start gpu gm  skbug_257
16.9s	done  gpu gm  skbug_257
16.9s	start gpu gm  simplerect
17.1s	done  gpu gm  simplerect
17.1s	start gpu gm  simple-magnification
17.2s	done  gpu gm  simple-magnification
17.2s	start gpu gm  simpleaaclip_aaclip
17.3s	done  gpu gm  simpleaaclip_aaclip
17.3s	start gpu gm  simpleaaclip_path
17.4s	done  gpu gm  simpleaaclip_path
17.4s	start gpu gm  simpleaaclip_rect
17.5s	done  gpu gm  simpleaaclip_rect
17.5s	start gpu gm  showmiplevels2_256x256
17.6s	done  gpu gm  showmiplevels2_256x256
17.6s	start gpu gm  showmiplevels2_255x256
17.8s	done  gpu gm  showmiplevels2_255x256
17.8s	start gpu gm  showmiplevels2_256x255
17.9s	done  gpu gm  showmiplevels2_256x255
17.9s	start gpu gm  showmiplevels2_255x255
18.1s	done  gpu gm  showmiplevels2_255x255
18.1s	start gpu gm  showmiplevels_256
18.3s	done  gpu gm  showmiplevels_256
18.3s	start gpu gm  showmiplevels_255
18.5s	done  gpu gm  showmiplevels_255
18.5s	start gpu gm  innershapes_bw
18.6s	done  gpu gm  innershapes_bw
18.6s	start gpu gm  innershapes
18.7s	done  gpu gm  innershapes
18.7s	start gpu gm  simpleshapes_bw
18.8s	done  gpu gm  simpleshapes_bw
18.8s	start gpu gm  simpleshapes
18.9s	done  gpu gm  simpleshapes
18.9s	start gpu gm  shallow_gradient_sweep_nodither
19s	done  gpu gm  shallow_gradient_sweep_nodither
19s	start gpu gm  shallow_gradient_conical_nodither
19.1s	done  gpu gm  shallow_gradient_conical_nodither
19.1s	start gpu gm  shallow_gradient_radial_nodither
19.3s	done  gpu gm  shallow_gradient_radial_nodither
19.3s	start gpu gm  shallow_gradient_linear_nodither
19.4s	done  gpu gm  shallow_gradient_linear_nodither
19.4s	start gpu gm  shallow_gradient_sweep
19.7s	done  gpu gm  shallow_gradient_sweep
19.7s	start gpu gm  shallow_gradient_conical
20s	done  gpu gm  shallow_gradient_conical
20s	start gpu gm  shallow_gradient_radial
20.3s	done  gpu gm  shallow_gradient_radial
20.3s	start gpu gm  shallow_gradient_linear
20.6s	done  gpu gm  shallow_gradient_linear
20.6s	start gpu gm  shadow_utils
20.7s	done  gpu gm  shadow_utils
20.7s	start gpu gm  shadows
20.8s	done  gpu gm  shadows
20.8s	start gpu gm  shadertext3
21.1s	done  gpu gm  shadertext3
21.1s	start gpu gm  shadertext2
21.5s	done  gpu gm  shadertext2
21.5s	start gpu gm  shadertext
21.7s	done  gpu gm  shadertext
21.7s	start gpu gm  shaderbounds_linear
21.8s	done  gpu gm  shaderbounds_linear
21.8s	start gpu gm  scaledstrokes
21.9s	done  gpu gm  scaledstrokes
21.9s	start gpu gm  savelayer_clipped
22s	done  gpu gm  savelayer_clipped
22s	start gpu gm  savelayer_unclipped
22.1s	done  gpu gm  savelayer_unclipped
22.1s	start gpu gm  picture_savelayer
22.2s	done  gpu gm  picture_savelayer
22.2s	start gpu gm  gpusamplerstress
22.3s	done  gpu gm  gpusamplerstress
22.3s	start gpu gm  rrect_effect
22.4s	done  gpu gm  rrect_effect
22.4s	start gpu gm  rrect_clip_bw
22.5s	done  gpu gm  rrect_clip_bw
22.5s	start gpu gm  rrect_clip_aa
22.6s	done  gpu gm  rrect_clip_aa
22.6s	start gpu gm  rrect_draw_bw
22.7s	done  gpu gm  rrect_draw_bw
22.7s	start gpu gm  rrect_draw_aa
22.9s	done  gpu gm  rrect_draw_aa
22.9s	start gpu gm  rrect_clip_draw_paint
23s	done  gpu gm  rrect_clip_draw_paint
23s	start gpu gm  rrect
23.1s	done  gpu gm  rrect
23.1s	start gpu gm  roundrects
23.3s	done  gpu gm  roundrects
23.3s	start gpu gm  reveal
23.4s	done  gpu gm  reveal
23.4s	start gpu gm  resizeimagefilter
23.5s	done  gpu gm  resizeimagefilter
23.5s	start gpu gm  repeated_bitmap_jpg
23.7s	done  gpu gm  repeated_bitmap_jpg
23.7s	start gpu gm  repeated_bitmap
23.8s	done  gpu gm  repeated_bitmap
23.8s	start gpu gm  rects
24s	done  gpu gm  rects
24s	start gpu gm  rectangle_texture
24.1s	done  gpu gm  rectangle_texture
24.1s	start gpu gm  recordopts
24.2s	done  gpu gm  recordopts
24.2s	start gpu gm  readpixelspicture
24.3s	done  gpu gm  readpixelspicture
24.3s	start gpu gm  readpixelscodec
24.4s	done  gpu gm  readpixelscodec
24.4s	start gpu gm  readpixels
24.5s	done  gpu gm  readpixels
24.5s	start gpu gm  quadclosepath
24.6s	done  gpu gm  quadclosepath
24.6s	start gpu gm  quadpath
24.8s	done  gpu gm  quadpath
24.8s	start gpu gm  polygons
24.9s	done  gpu gm  polygons
24.9s	start gpu gm  poly2poly
25.1s	done  gpu gm  poly2poly
25.1s	start gpu gm  points
25.2s	done  gpu gm  points
25.2s	start gpu gm  PlusMergesAA
25.3s	done  gpu gm  PlusMergesAA
25.3s	start gpu gm  pixel_snap_combo
25.4s	done  gpu gm  pixel_snap_combo
25.4s	start gpu gm  pixel_snap_rect
25.5s	done  gpu gm  pixel_snap_rect
25.5s	start gpu gm  pixel_snap_line
25.5s	done  gpu gm  pixel_snap_line
25.5s	start gpu gm  pixel_snap_point
25.6s	done  gpu gm  pixel_snap_point
25.6s	start gpu gm  pictureshadertile
25.8s	done  gpu gm  pictureshadertile
25.8s	start gpu gm  tiled_picture_shader
25.8s	done  gpu gm  tiled_picture_shader
25.8s	start gpu gm  pictureshader
26.2s	done  gpu gm  pictureshader
26.2s	start gpu gm  pictureimagegenerator
26.3s	done  gpu gm  pictureimagegenerator
26.3s	start gpu gm  pictureimagefilter
26.4s	done  gpu gm  pictureimagefilter
26.4s	start gpu gm  pictures
26.5s	done  gpu gm  pictures
26.5s	start gpu gm  persp_shaders_bw
26.6s	done  gpu gm  persp_shaders_bw
26.6s	start gpu gm  persp_shaders_aa
26.7s	done  gpu gm  persp_shaders_aa
26.7s	start gpu gm  perlinnoise_localmatrix
26.8s	done  gpu gm  perlinnoise_localmatrix
26.8s	start gpu gm  perlinnoise
27s	done  gpu gm  perlinnoise
27s	start gpu gm  pdf_never_embed
27.1s	done  gpu gm  pdf_never_embed
27.1s	start gpu gm  path-reverse
27.2s	done  gpu gm  path-reverse
27.2s	start gpu gm  pathopsskpclip
27.4s	done  gpu gm  pathopsskpclip
27.4s	start gpu gm  pathopsinverse
27.5s	done  gpu gm  pathopsinverse
27.5s	start gpu gm  path_mask_cache
27.7s	done  gpu gm  path_mask_cache
27.7s	start gpu gm  pathinterior
27.8s	done  gpu gm  pathinterior
27.8s	start gpu gm  pathinvfill
27.9s	done  gpu gm  pathinvfill
27.9s	start gpu gm  pathfill
28s	done  gpu gm  pathfill
28s	start gpu gm  rotatedcubicpath
28.1s	done  gpu gm  rotatedcubicpath
28.1s	start gpu gm  patheffect
28.2s	done  gpu gm  patheffect
28.2s	start gpu gm  contour_start
28.4s	done  gpu gm  contour_start
28.4s	start gpu gm  path_stroke_with_zero_length
28.6s	done  gpu gm  path_stroke_with_zero_length
28.6s	start gpu gm  patch_grid
28.8s	done  gpu gm  patch_grid
28.8s	start gpu gm  patch_primitive
29.1s	done  gpu gm  patch_primitive
29.1s	start gpu gm  OverStroke
29.2s	done  gpu gm  OverStroke
29.2s	start gpu gm  overdrawcolorfilter
29.3s	done  gpu gm  overdrawcolorfilter
29.3s	start gpu gm  ovals
29.5s	done  gpu gm  ovals
29.5s	start gpu gm  simple-offsetimagefilter
29.6s	done  gpu gm  simple-offsetimagefilter
29.6s	start gpu gm  offsetimagefilter
29.7s	done  gpu gm  offsetimagefilter
29.7s	start gpu gm  occludedrrectblur
29.8s	done  gpu gm  occludedrrectblur
29.8s	start gpu gm  nonclosedpaths
30.1s	done  gpu gm  nonclosedpaths
30.1s	start gpu gm  ninepatch-stretch
30.3s	done  gpu gm  ninepatch-stretch
30.3s	start gpu gm  nested_flipY_bw
30.3s	
30.3s elapsed, 1 active, 423 queued, 137MB RAM, 295MB peak
30.3s		gpu gm  nested_flipY_bw
30.3s	done  gpu gm  nested_flipY_bw
30.3s	start gpu gm  nested_flipY_aa
30.4s	done  gpu gm  nested_flipY_aa
30.4s	start gpu gm  nested_bw
30.5s	done  gpu gm  nested_bw
30.5s	start gpu gm  nested_aa
30.6s	done  gpu gm  nested_aa
30.6s	start gpu gm  multipicturedraw_biglayer_tiled
30.7s	done  gpu gm  multipicturedraw_biglayer_tiled
30.7s	start gpu gm  multipicturedraw_sierpinski_tiled
30.8s	done  gpu gm  multipicturedraw_sierpinski_tiled
30.8s	start gpu gm  multipicturedraw_invpathclip_tiled
31s	done  gpu gm  multipicturedraw_invpathclip_tiled
31s	start gpu gm  multipicturedraw_pathclip_tiled
31.1s	done  gpu gm  multipicturedraw_pathclip_tiled
31.1s	start gpu gm  multipicturedraw_rrectclip_tiled
31.2s	done  gpu gm  multipicturedraw_rrectclip_tiled
31.2s	start gpu gm  multipicturedraw_rectclip_tiled
31.3s	done  gpu gm  multipicturedraw_rectclip_tiled
31.3s	start gpu gm  multipicturedraw_noclip_tiled
31.4s	done  gpu gm  multipicturedraw_noclip_tiled
31.4s	start gpu gm  multipicturedraw_biglayer_simple
31.5s	done  gpu gm  multipicturedraw_biglayer_simple
31.5s	start gpu gm  multipicturedraw_sierpinski_simple
31.7s	done  gpu gm  multipicturedraw_sierpinski_simple
31.7s	start gpu gm  multipicturedraw_invpathclip_simple
31.8s	done  gpu gm  multipicturedraw_invpathclip_simple
31.8s	start gpu gm  multipicturedraw_pathclip_simple
31.9s	done  gpu gm  multipicturedraw_pathclip_simple
31.9s	start gpu gm  multipicturedraw_rrectclip_simple
32s	done  gpu gm  multipicturedraw_rrectclip_simple
32s	start gpu gm  multipicturedraw_rectclip_simple
32.1s	done  gpu gm  multipicturedraw_rectclip_simple
32.1s	start gpu gm  multipicturedraw_noclip_simple
32.2s	done  gpu gm  multipicturedraw_noclip_simple
32.2s	start gpu gm  morphology
32.4s	done  gpu gm  morphology
32.4s	start gpu gm  modecolorfilters
32.6s	done  gpu gm  modecolorfilters
32.6s	start gpu gm  mixedtextblobs
32.7s	done  gpu gm  mixedtextblobs
32.7s	start gpu gm  mipmap_gray8_srgb
32.8s	done  gpu gm  mipmap_gray8_srgb
32.8s	start gpu gm  mipmap_srgb
32.9s	done  gpu gm  mipmap_srgb
32.9s	start gpu gm  mipmap
33s	done  gpu gm  mipmap
33s	start gpu gm  megalooper_1x4
33.2s	done  gpu gm  megalooper_1x4
33.2s	start gpu gm  megalooper_4x1
33.4s	done  gpu gm  megalooper_4x1
33.4s	start gpu gm  megalooper_0x0
33.6s	done  gpu gm  megalooper_0x0
33.6s	start gpu gm  matriximagefilter
33.6s	done  gpu gm  matriximagefilter
33.6s	start gpu gm  matrixconvolution_color
33.8s	done  gpu gm  matrixconvolution_color
33.8s	start gpu gm  matrixconvolution
33.9s	done  gpu gm  matrixconvolution
33.9s	start gpu gm  manyrrects
34s	done  gpu gm  manyrrects
34s	start gpu gm  manycircles
34.1s	done  gpu gm  manycircles
34.1s	start gpu gm  lumafilter
34.2s	done  gpu gm  lumafilter
34.2s	start gpu gm  localmatriximagefilter
34.4s	done  gpu gm  localmatriximagefilter
34.4s	start gpu gm  lineclosepath
34.5s	done  gpu gm  lineclosepath
34.5s	start gpu gm  linepath
34.6s	done  gpu gm  linepath
34.6s	start gpu gm  lightingshaderbevel
34.8s	done  gpu gm  lightingshaderbevel
34.8s	start gpu gm  lightingshader2
34.9s	done  gpu gm  lightingshader2
34.9s	start gpu gm  lightingshader
35s	done  gpu gm  lightingshader
35s	start gpu gm  lighting
35.4s	done  gpu gm  lighting
35.4s	start gpu gm  savelayer_lcdtext
35.5s	done  gpu gm  savelayer_lcdtext
35.5s	start gpu gm  lcdtextsize
35.6s	done  gpu gm  lcdtextsize
35.6s	start gpu gm  lcdtext
35.7s	done  gpu gm  lcdtext
35.7s	start gpu gm  lcdoverlap
35.8s	done  gpu gm  lcdoverlap
35.8s	start gpu gm  lcdblendmodes
36s	done  gpu gm  lcdblendmodes
36s	start gpu gm  lattice
36.2s	done  gpu gm  lattice
36.2s	start gpu gm  largeglyphblur
36.5s	done  gpu gm  largeglyphblur
36.5s	start gpu gm  inverse_paths
36.6s	done  gpu gm  inverse_paths
36.6s	start gpu gm  internal_links
36.7s	done  gpu gm  internal_links
36.7s	start gpu gm  image_to_yuv_planes
36.8s	done  gpu gm  image_to_yuv_planes
36.8s	start gpu gm  imagesrc2_high
36.9s	done  gpu gm  imagesrc2_high
36.9s	start gpu gm  imagesrc2_med
37s	done  gpu gm  imagesrc2_med
37s	start gpu gm  imagesrc2_low
37.1s	done  gpu gm  imagesrc2_low
37.1s	start gpu gm  imagesrc2_none
37.2s	done  gpu gm  imagesrc2_none
37.2s	start gpu gm  imagesource
37.3s	done  gpu gm  imagesource
37.3s	start gpu gm  image_scale_aligned
37.4s	done  gpu gm  image_scale_aligned
37.4s	start gpu gm  imageresizetiled
37.5s	done  gpu gm  imageresizetiled
37.5s	start gpu gm  imagemasksubset
37.6s	done  gpu gm  imagemasksubset
37.6s	start gpu gm  imagemakewithfilter
37.7s	done  gpu gm  imagemakewithfilter
37.7s	start gpu gm  imagemagnifier_cropped
37.8s	done  gpu gm  imagemagnifier_cropped
37.8s	start gpu gm  imagemagnifier
38.1s	done  gpu gm  imagemagnifier
38.1s	start gpu gm  image_from_yuv_textures
38.2s	done  gpu gm  image_from_yuv_textures
38.2s	start gpu gm  rotate_imagefilter
38.3s	done  gpu gm  rotate_imagefilter
38.3s	start gpu gm  imagefilterstransformed
38.4s	done  gpu gm  imagefilterstransformed
38.4s	start gpu gm  imagefiltersstroked
38.6s	done  gpu gm  imagefiltersstroked
38.6s	start gpu gm  imagefiltersscaled
38.9s	done  gpu gm  imagefiltersscaled
38.9s	start gpu gm  imagefiltersgraph
39s	done  gpu gm  imagefiltersgraph
39s	start gpu gm  imagefilterscropped
39.1s	done  gpu gm  imagefilterscropped
39.1s	start gpu gm  imagefilterscropexpand
39.3s	done  gpu gm  imagefilterscropexpand
39.3s	start gpu gm  imagefiltersclipped
39.5s	done  gpu gm  imagefiltersclipped
39.5s	start gpu gm  textfilter_color
39.6s	done  gpu gm  textfilter_color
39.6s	start gpu gm  textfilter_image
39.7s	done  gpu gm  textfilter_image
39.7s	start gpu gm  imagefiltersbase
39.9s	done  gpu gm  imagefiltersbase
39.9s	start gpu gm  savelayer_with_backdrop
40.2s	done  gpu gm  savelayer_with_backdrop
40.2s	start gpu gm  fast_slow_blurimagefilter
40.3s	done  gpu gm  fast_slow_blurimagefilter
40.3s	start gpu gm  imagefilters_xfermodes
40.4s	done  gpu gm  imagefilters_xfermodes
40.4s	start gpu gm  imageblurtiled
40.5s	done  gpu gm  imageblurtiled
40.5s	start gpu gm  imageblur2
40.8s	done  gpu gm  imageblur2
40.8s	start gpu gm  imageblur_large
41s	done  gpu gm  imageblur_large
41s	start gpu gm  imageblur
41.1s	done  gpu gm  imageblur
41.1s	start gpu gm  imagealphathreshold_surface
41.2s	done  gpu gm  imagealphathreshold_surface
41.2s	start gpu gm  imagealphathreshold
41.3s	done  gpu gm  imagealphathreshold
41.3s	start gpu gm  imagealphathreshold_crop
41.4s	done  gpu gm  imagealphathreshold_crop
41.4s	start gpu gm  image-shader
41.5s	done  gpu gm  image-shader
41.5s	start gpu gm  image-cacherator-from-texture
41.7s	done  gpu gm  image-cacherator-from-texture
41.7s	start gpu gm  image-cacherator-from-ctable
41.8s	done  gpu gm  image-cacherator-from-ctable
41.8s	start gpu gm  image-cacherator-from-raster
41.9s	done  gpu gm  image-cacherator-from-raster
41.9s	start gpu gm  image-cacherator-from-picture
42s	done  gpu gm  image-cacherator-from-picture
42s	start gpu gm  image-picture
42.1s	done  gpu gm  image-picture
42.1s	start gpu gm  new_texture_image
42.1s	done  gpu gm  new_texture_image
42.1s	start gpu gm  scale-pixels
42.3s	done  gpu gm  scale-pixels
42.3s	start gpu gm  image-surface
42.5s	done  gpu gm  image-surface
42.5s	start gpu gm  hittestpath
42.7s	done  gpu gm  hittestpath
42.7s	start gpu gm  highcontrastfilter
42.8s	done  gpu gm  highcontrastfilter
42.8s	start gpu gm  hardstop_gradients
42.8s	done  gpu gm  hardstop_gradients
42.8s	start gpu gm  hairmodes
42.9s	done  gpu gm  hairmodes
42.9s	start gpu gm  hairlines
43.1s	done  gpu gm  hairlines
43.1s	start gpu gm  squarehair
43.1s	done  gpu gm  squarehair
43.1s	start gpu gm  grayscalejpg
43.1s	done  gpu gm  grayscalejpg
43.1s	start gpu gm  chrome_gradtext2
43.2s	done  gpu gm  chrome_gradtext2
43.2s	start gpu gm  chrome_gradtext1
43.2s	done  gpu gm  chrome_gradtext1
43.2s	start gpu gm  gradtext
43.3s	done  gpu gm  gradtext
43.3s	start gpu gm  gradients_many_nodither
43.4s	done  gpu gm  gradients_many_nodither
43.4s	start gpu gm  gradients_many
43.5s	done  gpu gm  gradients_many
43.5s	start gpu gm  gradients_no_texture_nodither
43.6s	done  gpu gm  gradients_no_texture_nodither
43.6s	start gpu gm  gradients_no_texture
43.8s	done  gpu gm  gradients_no_texture
43.8s	start gpu gm  gradients_2pt_conical_edge_nodither
43.9s	done  gpu gm  gradients_2pt_conical_edge_nodither
43.9s	start gpu gm  gradients_2pt_conical_outside_nodither
44.1s	done  gpu gm  gradients_2pt_conical_outside_nodither
44.1s	start gpu gm  gradients_2pt_conical_inside_nodither
44.2s	done  gpu gm  gradients_2pt_conical_inside_nodither
44.2s	start gpu gm  gradients_2pt_conical_edge
44.4s	done  gpu gm  gradients_2pt_conical_edge
44.4s	start gpu gm  gradients_2pt_conical_outside
44.6s	done  gpu gm  gradients_2pt_conical_outside
44.6s	start gpu gm  gradients_2pt_conical_inside
44.8s	done  gpu gm  gradients_2pt_conical_inside
44.8s	start gpu gm  gradient_subpixel_4f
44.8s	done  gpu gm  gradient_subpixel_4f
44.8s	start gpu gm  gradient_subpixel
44.9s	done  gpu gm  gradient_subpixel
44.9s	start gpu gm  gradient_many_stops_4f
45.1s	done  gpu gm  gradient_many_stops_4f
45.1s	start gpu gm  gradient_many_stops
45.2s	done  gpu gm  gradient_many_stops
45.2s	start gpu gm  gradients_dup_color_stops
45.3s	done  gpu gm  gradients_dup_color_stops
45.3s	start gpu gm  linear_gradient_tiny_4f
45.3s	
45.3s elapsed, 1 active, 306 queued, 137MB RAM, 295MB peak
45.3s		gpu gm  linear_gradient_tiny_4f
45.4s	done  gpu gm  linear_gradient_tiny_4f
45.4s	start gpu gm  linear_gradient_tiny
45.5s	done  gpu gm  linear_gradient_tiny
45.5s	start gpu gm  linear_gradient_nodither
45.6s	done  gpu gm  linear_gradient_nodither
45.6s	start gpu gm  linear_gradient
45.8s	done  gpu gm  linear_gradient
45.8s	start gpu gm  radial_gradient4_nodither
45.9s	done  gpu gm  radial_gradient4_nodither
45.9s	start gpu gm  radial_gradient4
46s	done  gpu gm  radial_gradient4
46s	start gpu gm  radial_gradient3_nodither
46.1s	done  gpu gm  radial_gradient3_nodither
46.1s	start gpu gm  radial_gradient3
46.2s	done  gpu gm  radial_gradient3
46.2s	start gpu gm  radial_gradient2_nodither
46.4s	done  gpu gm  radial_gradient2_nodither
46.4s	start gpu gm  radial_gradient2
46.7s	done  gpu gm  radial_gradient2
46.7s	start gpu gm  radial_gradient
47.3s	done  gpu gm  radial_gradient
47.3s	start gpu gm  clamped_gradients_nodither
47.4s	done  gpu gm  clamped_gradients_nodither
47.4s	start gpu gm  clamped_gradients
47.5s	done  gpu gm  clamped_gradients
47.5s	start gpu gm  small_color_stop
47.6s	done  gpu gm  small_color_stop
47.6s	start gpu gm  gradients_degenerate_2pt_nodither
47.7s	done  gpu gm  gradients_degenerate_2pt_nodither
47.7s	start gpu gm  gradients_degenerate_2pt
47.8s	done  gpu gm  gradients_degenerate_2pt
47.8s	start gpu gm  gradients_view_perspective_nodither
47.9s	done  gpu gm  gradients_view_perspective_nodither
47.9s	start gpu gm  gradients_view_perspective
48.1s	done  gpu gm  gradients_view_perspective
48.1s	start gpu gm  gradients_local_perspective_nodither
48.3s	done  gpu gm  gradients_local_perspective_nodither
48.3s	start gpu gm  gradients_local_perspective
48.5s	done  gpu gm  gradients_local_perspective
48.5s	start gpu gm  gradients4f_nodither
48.7s	done  gpu gm  gradients4f_nodither
48.7s	start gpu gm  gradients4f
49s	done  gpu gm  gradients4f
49s	start gpu gm  gradients_nodither
49.1s	done  gpu gm  gradients_nodither
49.1s	start gpu gm  gradients
49.4s	done  gpu gm  gradients
49.4s	start gpu gm  gradient_dirty_laundry
49.5s	done  gpu gm  gradient_dirty_laundry
49.5s	start gpu gm  gradient_matrix
49.7s	done  gpu gm  gradient_matrix
49.7s	start gpu gm  glyph_pos_align
49.8s	done  gpu gm  glyph_pos_align
49.8s	start gpu gm  glyph_pos_n_f
49.9s	done  gpu gm  glyph_pos_n_f
49.9s	start gpu gm  glyph_pos_h_f
50s	done  gpu gm  glyph_pos_h_f
50s	start gpu gm  glyph_pos_n_s
50.2s	done  gpu gm  glyph_pos_n_s
50.2s	start gpu gm  glyph_pos_h_s
50.3s	done  gpu gm  glyph_pos_h_s
50.3s	start gpu gm  glyph_pos_n_b
50.5s	done  gpu gm  glyph_pos_n_b
50.5s	start gpu gm  glyph_pos_h_b
50.6s	done  gpu gm  glyph_pos_h_b
50.6s	start gpu gm  giantbitmap_mirror_bilerp_rotate
50.7s	done  gpu gm  giantbitmap_mirror_bilerp_rotate
50.7s	start gpu gm  giantbitmap_repeat_bilerp_rotate
50.8s	done  gpu gm  giantbitmap_repeat_bilerp_rotate
50.8s	start gpu gm  giantbitmap_clamp_bilerp_rotate
50.9s	done  gpu gm  giantbitmap_clamp_bilerp_rotate
50.9s	start gpu gm  giantbitmap_mirror_point_rotate
51s	done  gpu gm  giantbitmap_mirror_point_rotate
51s	start gpu gm  giantbitmap_repeat_point_rotate
51.1s	done  gpu gm  giantbitmap_repeat_point_rotate
51.1s	start gpu gm  giantbitmap_clamp_point_rotate
51.2s	done  gpu gm  giantbitmap_clamp_point_rotate
51.2s	start gpu gm  giantbitmap_mirror_bilerp_scale
51.3s	done  gpu gm  giantbitmap_mirror_bilerp_scale
51.3s	start gpu gm  giantbitmap_repeat_bilerp_scale
51.4s	done  gpu gm  giantbitmap_repeat_bilerp_scale
51.4s	start gpu gm  giantbitmap_clamp_bilerp_scale
51.5s	done  gpu gm  giantbitmap_clamp_bilerp_scale
51.5s	start gpu gm  giantbitmap_mirror_point_scale
51.6s	done  gpu gm  giantbitmap_mirror_point_scale
51.6s	start gpu gm  giantbitmap_repeat_point_scale
51.7s	done  gpu gm  giantbitmap_repeat_point_scale
51.7s	start gpu gm  giantbitmap_clamp_point_scale
51.8s	done  gpu gm  giantbitmap_clamp_point_scale
51.8s	start gpu gm  getpostextpath
51.9s	done  gpu gm  getpostextpath
51.9s	start gpu gm  gaussianedge
52.1s	done  gpu gm  gaussianedge
52.1s	start gpu gm  gamut
52.2s	done  gpu gm  gamut
52.2s	start gpu gm  gammagradienttext
52.3s	done  gpu gm  gammagradienttext
52.3s	start gpu gm  gammatext
52.4s	done  gpu gm  gammatext
52.4s	start gpu gm  gamma
52.5s	done  gpu gm  gamma
52.5s	start gpu gm  fontscalerdistortable
52.7s	done  gpu gm  fontscalerdistortable
52.7s	start gpu gm  fontscaler
53s	done  gpu gm  fontscaler
53s	start gpu gm  fontmgr_bounds_1_-0.25
53.2s	done  gpu gm  fontmgr_bounds_1_-0.25
53.2s	start gpu gm  fontmgr_bounds_0.75_0
53.4s	done  gpu gm  fontmgr_bounds_0.75_0
53.4s	start gpu gm  fontmgr_bounds
53.7s	done  gpu gm  fontmgr_bounds
53.7s	start gpu gm  fontmgr_match
53.8s	done  gpu gm  fontmgr_match
53.8s	start gpu gm  fontmgr_iter
55.8s	done  gpu gm  fontmgr_iter
55.8s	start gpu gm  fontcache
56.1s	done  gpu gm  fontcache
56.1s	start gpu gm  filterindiabox
56.2s	done  gpu gm  filterindiabox
56.2s	start gpu gm  filterfastbounds
56.4s	done  gpu gm  filterfastbounds
56.4s	start gpu gm  filterbug
56.4s	done  gpu gm  filterbug
56.4s	start gpu gm  filterbitmap_image_color_wheel.png
56.6s	done  gpu gm  filterbitmap_image_color_wheel.png
56.6s	start gpu gm  filterbitmap_image_mandrill_512.png
57s	done  gpu gm  filterbitmap_image_mandrill_512.png
57s	start gpu gm  filterbitmap_image_mandrill_256.png
57.3s	done  gpu gm  filterbitmap_image_mandrill_256.png
57.3s	start gpu gm  filterbitmap_image_mandrill_128.png
57.6s	done  gpu gm  filterbitmap_image_mandrill_128.png
57.6s	start gpu gm  filterbitmap_image_mandrill_64.png_g8
57.8s	done  gpu gm  filterbitmap_image_mandrill_64.png_g8
57.8s	start gpu gm  filterbitmap_image_mandrill_64.png
58.1s	done  gpu gm  filterbitmap_image_mandrill_64.png
58.1s	start gpu gm  filterbitmap_image_mandrill_32.png
58.3s	done  gpu gm  filterbitmap_image_mandrill_32.png
58.3s	start gpu gm  filterbitmap_image_mandrill_16.png
58.6s	done  gpu gm  filterbitmap_image_mandrill_16.png
58.6s	start gpu gm  filterbitmap_checkerboard_192_192
58.8s	done  gpu gm  filterbitmap_checkerboard_192_192
58.8s	start gpu gm  filterbitmap_checkerboard_32_2
58.9s	done  gpu gm  filterbitmap_checkerboard_32_2
58.9s	start gpu gm  filterbitmap_checkerboard_32_8
59.1s	done  gpu gm  filterbitmap_checkerboard_32_8
59.1s	start gpu gm  filterbitmap_checkerboard_32_32_g8
59.3s	done  gpu gm  filterbitmap_checkerboard_32_32_g8
59.3s	start gpu gm  filterbitmap_checkerboard_32_32
59.5s	done  gpu gm  filterbitmap_checkerboard_32_32
59.5s	start gpu gm  filterbitmap_checkerboard_4_4
59.6s	done  gpu gm  filterbitmap_checkerboard_4_4
59.6s	start gpu gm  filterbitmap_text_10.00pt
59.8s	done  gpu gm  filterbitmap_text_10.00pt
59.8s	start gpu gm  filterbitmap_text_7.00pt
60s	done  gpu gm  filterbitmap_text_7.00pt
60s	start gpu gm  filterbitmap_text_3.00pt
1m	done  gpu gm  filterbitmap_text_3.00pt
1m	start gpu gm  filltypespersp
1.01m	
1.01m elapsed, 1 active, 227 queued, 143MB RAM, 295MB peak
1.01m		gpu gm  filltypespersp
1.01m	done  gpu gm  filltypespersp
1.01m	start gpu gm  filltypes
1.01m	done  gpu gm  filltypes
1.01m	start gpu gm  fatpathfill
1.01m	done  gpu gm  fatpathfill
1.01m	start gpu gm  fadefilter
1.01m	done  gpu gm  fadefilter
1.01m	start gpu gm  extractbitmap
1.01m	done  gpu gm  extractbitmap
1.01m	start gpu gm  etc1
1.01m	done  gpu gm  etc1
1.01m	start gpu gm  encode-srgb-jpg
1.02m	done  gpu gm  encode-srgb-jpg
1.02m	start gpu gm  encode-srgb-webp
1.02m	done  gpu gm  encode-srgb-webp
1.02m	start gpu gm  encode-srgb-png
1.03m	done  gpu gm  encode-srgb-png
1.03m	start gpu gm  encode-platform
1.04m	done  gpu gm  encode-platform
1.04m	start gpu gm  encode
1.05m	done  gpu gm  encode
1.05m	start gpu gm  emptystroke
1.05m	done  gpu gm  emptystroke
1.05m	start gpu gm  emptypath
1.05m	done  gpu gm  emptypath
1.05m	start gpu gm  dstreadshuffle
1.06m	done  gpu gm  dstreadshuffle
1.06m	start gpu gm  drrect
1.06m	done  gpu gm  drrect
1.06m	start gpu gm  dropshadowimagefilter
1.06m	done  gpu gm  dropshadowimagefilter
1.06m	start gpu gm  drawregionmodes
1.06m	done  gpu gm  drawregionmodes
1.06m	start gpu gm  drawregion
1.07m	done  gpu gm  drawregion
1.07m	start gpu gm  drawminibitmaprect
1.07m	done  gpu gm  drawminibitmaprect
1.07m	start gpu gm  drawminibitmaprect_aa
1.08m	done  gpu gm  drawminibitmaprect_aa
1.08m	start gpu gm  drawlooper
1.08m	done  gpu gm  drawlooper
1.08m	start gpu gm  drawfilter
1.08m	done  gpu gm  drawfilter
1.08m	start gpu gm  drawbitmaprect-imagerect-subset
1.08m	done  gpu gm  drawbitmaprect-imagerect-subset
1.08m	start gpu gm  drawbitmaprect-imagerect
1.09m	done  gpu gm  drawbitmaprect-imagerect
1.09m	start gpu gm  drawbitmaprect-subset
1.09m	done  gpu gm  drawbitmaprect-subset
1.09m	start gpu gm  drawbitmaprect
1.1m	done  gpu gm  drawbitmaprect
1.1m	start gpu gm  draw-atlas-colors
1.1m	done  gpu gm  draw-atlas-colors
1.1m	start gpu gm  drawTextRSXform
1.1m	done  gpu gm  drawTextRSXform
1.1m	start gpu gm  draw-atlas
1.1m	done  gpu gm  draw-atlas
1.1m	start gpu gm  drawable
1.1m	done  gpu gm  drawable
1.1m	start gpu gm  draw_bitmap_rect_skbug4734
1.11m	done  gpu gm  draw_bitmap_rect_skbug4734
1.11m	start gpu gm  downsamplebitmap_image_none_mandrill_512.png
1.11m	done  gpu gm  downsamplebitmap_image_none_mandrill_512.png
1.11m	start gpu gm  downsamplebitmap_checkerboard_none_512_256
1.11m	done  gpu gm  downsamplebitmap_checkerboard_none_512_256
1.11m	start gpu gm  downsamplebitmap_text_none_72.00pt
1.12m	done  gpu gm  downsamplebitmap_text_none_72.00pt
1.12m	start gpu gm  downsamplebitmap_image_low_mandrill_512.png
1.12m	done  gpu gm  downsamplebitmap_image_low_mandrill_512.png
1.12m	start gpu gm  downsamplebitmap_checkerboard_low_512_256
1.12m	done  gpu gm  downsamplebitmap_checkerboard_low_512_256
1.12m	start gpu gm  downsamplebitmap_text_low_72.00pt
1.13m	done  gpu gm  downsamplebitmap_text_low_72.00pt
1.13m	start gpu gm  downsamplebitmap_image_medium_mandrill_512.png
1.13m	done  gpu gm  downsamplebitmap_image_medium_mandrill_512.png
1.13m	start gpu gm  downsamplebitmap_checkerboard_medium_512_256
1.14m	done  gpu gm  downsamplebitmap_checkerboard_medium_512_256
1.14m	start gpu gm  downsamplebitmap_text_medium_72.00pt
1.14m	done  gpu gm  downsamplebitmap_text_medium_72.00pt
1.14m	start gpu gm  downsamplebitmap_image_high_mandrill_512.png
1.15m	done  gpu gm  downsamplebitmap_image_high_mandrill_512.png
1.15m	start gpu gm  downsamplebitmap_checkerboard_high_512_256
1.15m	done  gpu gm  downsamplebitmap_checkerboard_high_512_256
1.15m	start gpu gm  downsamplebitmap_text_high_72.00pt
1.15m	done  gpu gm  downsamplebitmap_text_high_72.00pt
1.15m	start gpu gm  distantclip
1.15m	done  gpu gm  distantclip
1.15m	start gpu gm  displacement
1.15m	done  gpu gm  displacement
1.15m	start gpu gm  discard
1.16m	done  gpu gm  discard
1.16m	start gpu gm  dftext
1.16m	done  gpu gm  dftext
1.16m	start gpu gm  degeneratesegments
1.16m	done  gpu gm  degeneratesegments
1.16m	start gpu gm  deferred_texture_image_medium_decoded_indexed
1.16m	done  gpu gm  deferred_texture_image_medium_decoded_indexed
1.16m	start gpu gm  deferred_texture_image_medium_encoded_indexed
1.16m	done  gpu gm  deferred_texture_image_medium_encoded_indexed
1.16m	start gpu gm  deferred_texture_image_high
1.17m	done  gpu gm  deferred_texture_image_high
1.17m	start gpu gm  deferred_texture_image_medium_decoded
1.17m	done  gpu gm  deferred_texture_image_medium_decoded
1.17m	start gpu gm  deferred_texture_image_medium_encoded
1.18m	done  gpu gm  deferred_texture_image_medium_encoded
1.18m	start gpu gm  deferred_texture_image_low
1.18m	done  gpu gm  deferred_texture_image_low
1.18m	start gpu gm  deferred_texture_image_none
1.19m	done  gpu gm  deferred_texture_image_none
1.19m	start gpu gm  dashing5_bw
1.19m	done  gpu gm  dashing5_bw
1.19m	start gpu gm  dashing5_aa
1.19m	done  gpu gm  dashing5_aa
1.19m	start gpu gm  dashing4
1.19m	done  gpu gm  dashing4
1.19m	start gpu gm  dashing3
1.19m	done  gpu gm  dashing3
1.19m	start gpu gm  dashing2
1.19m	done  gpu gm  dashing2
1.19m	start gpu gm  dashing
1.2m	done  gpu gm  dashing
1.2m	start gpu gm  dashtextcaps
1.2m	done  gpu gm  dashtextcaps
1.2m	start gpu gm  longwavyline
1.2m	done  gpu gm  longwavyline
1.2m	start gpu gm  longlinedash
1.2m	done  gpu gm  longlinedash
1.2m	start gpu gm  longpathdash
1.21m	done  gpu gm  longpathdash
1.21m	start gpu gm  dashcubics
1.21m	done  gpu gm  dashcubics
1.21m	start gpu gm  dashcircle
1.21m	done  gpu gm  dashcircle
1.21m	start gpu gm  clippedcubic2
1.22m	done  gpu gm  clippedcubic2
1.22m	start gpu gm  clippedcubic
1.22m	done  gpu gm  clippedcubic
1.22m	start gpu gm  cubicclosepath
1.22m	done  gpu gm  cubicclosepath
1.22m	start gpu gm  cubicpath
1.22m	done  gpu gm  cubicpath
1.22m	start gpu gm  bug6083
1.22m	done  gpu gm  bug6083
1.22m	start gpu gm  bug5099
1.23m	done  gpu gm  bug5099
1.23m	start gpu gm  croppedrects
1.23m	done  gpu gm  croppedrects
1.23m	start gpu gm  crbug_691386
1.23m	done  gpu gm  crbug_691386
1.23m	start gpu gm  copyTo4444
1.24m	done  gpu gm  copyTo4444
1.24m	start gpu gm  convex_poly_effect
1.24m	done  gpu gm  convex_poly_effect
1.24m	start gpu gm  convex_poly_clip
1.24m	done  gpu gm  convex_poly_clip
1.24m	start gpu gm  convexpaths
1.24m	done  gpu gm  convexpaths
1.24m	start gpu gm  convex-lineonly-paths-stroke-and-fill
1.24m	done  gpu gm  convex-lineonly-paths-stroke-and-fill
1.24m	start gpu gm  convex-lineonly-paths
1.25m	done  gpu gm  convex-lineonly-paths
1.25m	start gpu gm  const_color_processor
1.25m	done  gpu gm  const_color_processor
1.25m	start gpu gm  crbug_640176
1.25m	done  gpu gm  crbug_640176
1.25m	start gpu gm  largecircle
1.25m	done  gpu gm  largecircle
1.25m	start gpu gm  arccirclegap
1.25m	done  gpu gm  arccirclegap
1.25m	start gpu gm  conicpaths
1.26m	
1.26m elapsed, 1 active, 142 queued, 136MB RAM, 295MB peak
1.26m		gpu gm  conicpaths
1.26m	done  gpu gm  conicpaths
1.26m	start gpu gm  concavepaths
1.26m	done  gpu gm  concavepaths
1.26m	start gpu gm  composeshader_bitmap
1.26m	done  gpu gm  composeshader_bitmap
1.26m	start gpu gm  composeshader_alpha
1.26m	done  gpu gm  composeshader_alpha
1.26m	start gpu gm  composeshader
1.26m	done  gpu gm  composeshader
1.26m	start gpu gm  composeshader_bitmap2
1.26m	done  gpu gm  composeshader_bitmap2
1.26m	start gpu gm  complexclip4_aa
1.27m	done  gpu gm  complexclip4_aa
1.27m	start gpu gm  complexclip4_bw
1.27m	done  gpu gm  complexclip4_bw
1.27m	start gpu gm  complexclip3_complex
1.27m	done  gpu gm  complexclip3_complex
1.27m	start gpu gm  complexclip3_simple
1.28m	done  gpu gm  complexclip3_simple
1.28m	start gpu gm  complexclip2_path_aa
1.28m	done  gpu gm  complexclip2_path_aa
1.28m	start gpu gm  complexclip2_rrect_aa
1.28m	done  gpu gm  complexclip2_rrect_aa
1.28m	start gpu gm  complexclip2_rect_aa
1.28m	done  gpu gm  complexclip2_rect_aa
1.28m	start gpu gm  complexclip2_path_bw
1.28m	done  gpu gm  complexclip2_path_bw
1.28m	start gpu gm  complexclip2_rrect_bw
1.28m	done  gpu gm  complexclip2_rrect_bw
1.28m	start gpu gm  complexclip2
1.28m	done  gpu gm  complexclip2
1.28m	start gpu gm  complexclip_blur_tiled
1.29m	done  gpu gm  complexclip_blur_tiled
1.29m	start gpu gm  complexclip_aa_layer_invert
1.29m	done  gpu gm  complexclip_aa_layer_invert
1.29m	start gpu gm  complexclip_aa_layer
1.29m	done  gpu gm  complexclip_aa_layer
1.29m	start gpu gm  complexclip_aa_invert
1.3m	done  gpu gm  complexclip_aa_invert
1.3m	start gpu gm  complexclip_aa
1.3m	done  gpu gm  complexclip_aa
1.3m	start gpu gm  complexclip_bw_layer_invert
1.3m	done  gpu gm  complexclip_bw_layer_invert
1.3m	start gpu gm  complexclip_bw_layer
1.3m	done  gpu gm  complexclip_bw_layer
1.3m	start gpu gm  complexclip_bw_invert
1.31m	done  gpu gm  complexclip_bw_invert
1.31m	start gpu gm  complexclip_bw
1.31m	done  gpu gm  complexclip_bw
1.31m	start gpu gm  colorwheelnative
1.31m	done  gpu gm  colorwheelnative
1.31m	start gpu gm  colorwheel
1.31m	done  gpu gm  colorwheel
1.31m	start gpu gm  colortype_xfermodes
1.31m	done  gpu gm  colortype_xfermodes
1.31m	start gpu gm  colortype
1.32m	done  gpu gm  colortype
1.32m	start gpu gm  colorspacexform
1.32m	done  gpu gm  colorspacexform
1.32m	start gpu gm  colormatrix
1.32m	done  gpu gm  colormatrix
1.32m	start gpu gm  lightingcolorfilter
1.32m	done  gpu gm  lightingcolorfilter
1.32m	start gpu gm  colorfiltershader
1.32m	done  gpu gm  colorfiltershader
1.32m	start gpu gm  colorfilterimagefilter_layer
1.33m	done  gpu gm  colorfilterimagefilter_layer
1.33m	start gpu gm  colorfilterimagefilter
1.33m	done  gpu gm  colorfilterimagefilter
1.33m	start gpu gm  colorfilteralpha8
1.33m	done  gpu gm  colorfilteralpha8
1.33m	start gpu gm  coloremoji
1.33m	done  gpu gm  coloremoji
1.33m	start gpu gm  color4shader
1.33m	done  gpu gm  color4shader
1.33m	start gpu gm  color4f
1.33m	done  gpu gm  color4f
1.33m	start gpu gm  clipped-bitmap-shaders-clamp-hq
1.34m	done  gpu gm  clipped-bitmap-shaders-clamp-hq
1.34m	start gpu gm  clipped-bitmap-shaders-mirror-hq
1.34m	done  gpu gm  clipped-bitmap-shaders-mirror-hq
1.34m	start gpu gm  clipped-bitmap-shaders-tile-hq
1.34m	done  gpu gm  clipped-bitmap-shaders-tile-hq
1.34m	start gpu gm  clipped-bitmap-shaders-clamp
1.34m	done  gpu gm  clipped-bitmap-shaders-clamp
1.34m	start gpu gm  clipped-bitmap-shaders-mirror
1.34m	done  gpu gm  clipped-bitmap-shaders-mirror
1.34m	start gpu gm  clipped-bitmap-shaders-tile
1.34m	done  gpu gm  clipped-bitmap-shaders-tile
1.34m	start gpu gm  clip_region
1.34m	done  gpu gm  clip_region
1.34m	start gpu gm  clipdrawdraw
1.34m	done  gpu gm  clipdrawdraw
1.34m	start gpu gm  clip_strokerect
1.35m	done  gpu gm  clip_strokerect
1.35m	start gpu gm  cliperror
1.35m	done  gpu gm  cliperror
1.35m	start gpu gm  circular-clips
1.35m	done  gpu gm  circular-clips
1.35m	start gpu gm  onebadarc
1.35m	done  gpu gm  onebadarc
1.35m	start gpu gm  circular_arcs_weird
1.35m	done  gpu gm  circular_arcs_weird
1.35m	start gpu gm  circular_arcs_stroke_and_fill_round
1.36m	done  gpu gm  circular_arcs_stroke_and_fill_round
1.36m	start gpu gm  circular_arcs_stroke_and_fill_square
1.36m	done  gpu gm  circular_arcs_stroke_and_fill_square
1.36m	start gpu gm  circular_arcs_stroke_and_fill_butt
1.36m	done  gpu gm  circular_arcs_stroke_and_fill_butt
1.36m	start gpu gm  circular_arcs_stroke_round
1.37m	done  gpu gm  circular_arcs_stroke_round
1.37m	start gpu gm  circular_arcs_stroke_square
1.37m	done  gpu gm  circular_arcs_stroke_square
1.37m	start gpu gm  circular_arcs_stroke_butt
1.37m	done  gpu gm  circular_arcs_stroke_butt
1.37m	start gpu gm  circular_arcs_hairline
1.38m	done  gpu gm  circular_arcs_hairline
1.38m	start gpu gm  circular_arcs_fill
1.38m	done  gpu gm  circular_arcs_fill
1.38m	start gpu gm  circles
1.38m	done  gpu gm  circles
1.38m	start gpu gm  c_gms
1.39m	done  gpu gm  c_gms
1.39m	start gpu gm  bug615686
1.39m	done  gpu gm  bug615686
1.39m	start gpu gm  bug591993
1.39m	done  gpu gm  bug591993
1.39m	start gpu gm  bug530095
1.39m	done  gpu gm  bug530095
1.39m	start gpu gm  bug5252
1.39m	done  gpu gm  bug5252
1.39m	start gpu gm  bmp_filter_quality_repeat
1.39m	done  gpu gm  bmp_filter_quality_repeat
1.39m	start gpu gm  blur2rectsnonninepatch
1.4m	done  gpu gm  blur2rectsnonninepatch
1.4m	start gpu gm  blur2rects
1.4m	done  gpu gm  blur2rects
1.4m	start gpu gm  blurs
1.4m	done  gpu gm  blurs
1.4m	start gpu gm  simpleblurroundrect
1.4m	done  gpu gm  simpleblurroundrect
1.4m	start gpu gm  blurroundrect-WH-100x100-unevenCorners
1.41m	done  gpu gm  blurroundrect-WH-100x100-unevenCorners
1.41m	start gpu gm  blurredclippedcircle
1.41m	done  gpu gm  blurredclippedcircle
1.41m	start gpu gm  blurrects
1.41m	done  gpu gm  blurrects
1.41m	start gpu gm  blurrect_gallery
1.41m	done  gpu gm  blurrect_gallery
1.41m	start gpu gm  blurquickreject
1.42m	done  gpu gm  blurquickreject
1.42m	start gpu gm  blurcircles2
1.42m	done  gpu gm  blurcircles2
1.42m	start gpu gm  blurcircles
1.42m	done  gpu gm  blurcircles
1.42m	start gpu gm  blend
1.42m	done  gpu gm  blend
1.42m	start gpu gm  bleed_downscale
1.43m	done  gpu gm  bleed_downscale
1.43m	start gpu gm  bleed_alpha_image_shader
1.43m	done  gpu gm  bleed_alpha_image_shader
1.43m	start gpu gm  bleed_alpha_bmp_shader
1.44m	done  gpu gm  bleed_alpha_bmp_shader
1.44m	start gpu gm  bleed_alpha_image
1.44m	done  gpu gm  bleed_alpha_image
1.44m	start gpu gm  bleed_alpha_bmp
1.45m	done  gpu gm  bleed_alpha_bmp
1.45m	start gpu gm  bleed_image
1.45m	done  gpu gm  bleed_image
1.45m	start gpu gm  bleed
1.46m	done  gpu gm  bleed
1.46m	start gpu gm  bitmaptiled_fractional_vertical
1.46m	done  gpu gm  bitmaptiled_fractional_vertical
1.46m	start gpu gm  bitmaptiled_fractional_horizontal
1.46m	done  gpu gm  bitmaptiled_fractional_horizontal
1.46m	start gpu gm  bitmapshaders
1.46m	done  gpu gm  bitmapshaders
1.46m	start gpu gm  bitmaprecttest
1.46m	done  gpu gm  bitmaprecttest
1.46m	start gpu gm  bigbitmaprect_i
1.47m	done  gpu gm  bigbitmaprect_i
1.47m	start gpu gm  bigbitmaprect_s
1.47m	done  gpu gm  bigbitmaprect_s
1.47m	start gpu gm  3x3bitmaprect
1.48m	done  gpu gm  3x3bitmaprect
1.48m	start gpu gm  bitmaprect_i
1.48m	done  gpu gm  bitmaprect_i
1.48m	start gpu gm  bitmaprect_s
1.48m	done  gpu gm  bitmaprect_s
1.48m	start gpu gm  bitmaprect_rounding
1.48m	done  gpu gm  bitmaprect_rounding
1.48m	start gpu gm  bitmap_premul
1.48m	done  gpu gm  bitmap_premul
1.48m	start gpu gm  bitmap-image-srgb-legacy
1.49m	done  gpu gm  bitmap-image-srgb-legacy
1.49m	start gpu gm  extractalpha
1.49m	done  gpu gm  extractalpha
1.49m	start gpu gm  bitmapfilters
1.49m	done  gpu gm  bitmapfilters
1.49m	start gpu gm  bitmapcopy
1.5m	done  gpu gm  bitmapcopy
1.5m	start gpu gm  bigtileimagefilter
1.5m	done  gpu gm  bigtileimagefilter
1.5m	start gpu gm  bigtext
1.5m	done  gpu gm  bigtext
1.5m	start gpu gm  big_rrect_elliptical_corner_aa_effect
1.5m	done  gpu gm  big_rrect_elliptical_corner_aa_effect
1.5m	start gpu gm  big_rrect_circular_corner_aa_effect
1.5m	done  gpu gm  big_rrect_circular_corner_aa_effect
1.5m	start gpu gm  big_rrect_ellipse_aa_effect
1.51m	
1.51m elapsed, 1 active, 37 queued, 136MB RAM, 295MB peak
1.51m		gpu gm  big_rrect_ellipse_aa_effect
1.51m	done  gpu gm  big_rrect_ellipse_aa_effect
1.51m	start gpu gm  big_rrect_circle_aa_effect
1.51m	done  gpu gm  big_rrect_circle_aa_effect
1.51m	start gpu gm  big_rrect_rect_aa_effect
1.51m	done  gpu gm  big_rrect_rect_aa_effect
1.51m	start gpu gm  bigmatrix
1.51m	done  gpu gm  bigmatrix
1.51m	start gpu gm  bigblurs
1.52m	done  gpu gm  bigblurs
1.52m	start gpu gm  beziers
1.52m	done  gpu gm  beziers
1.52m	start gpu gm  bezier_quad_effects
1.52m	done  gpu gm  bezier_quad_effects
1.52m	start gpu gm  bezier_conic_effects
1.52m	done  gpu gm  bezier_conic_effects
1.52m	start gpu gm  bezier_cubic_effects
1.52m	done  gpu gm  bezier_cubic_effects
1.52m	start gpu gm  badpaint
1.53m	done  gpu gm  badpaint
1.53m	start gpu gm  arithmode
1.53m	done  gpu gm  arithmode
1.53m	start gpu gm  bug583299
1.53m	done  gpu gm  bug583299
1.53m	start gpu gm  bug593049
1.53m	done  gpu gm  bug593049
1.53m	start gpu gm  parsedpaths
1.53m	done  gpu gm  parsedpaths
1.53m	start gpu gm  arcto
1.53m	done  gpu gm  arcto
1.53m	start gpu gm  arcofzorro
1.54m	done  gpu gm  arcofzorro
1.54m	start gpu gm  annotated_text
1.54m	done  gpu gm  annotated_text
1.54m	start gpu gm  anisotropic_hq
1.54m	done  gpu gm  anisotropic_hq
1.54m	start gpu gm  animated-image-blurs
1.55m	done  gpu gm  animated-image-blurs
1.55m	start gpu gm  animatedGif
1.55m	done  gpu gm  animatedGif
1.55m	start gpu gm  alphagradients
1.55m	done  gpu gm  alphagradients
1.55m	start gpu gm  all_variants_8888
1.56m	done  gpu gm  all_variants_8888
1.56m	start gpu gm  not_native32_bitmap_config
1.56m	done  gpu gm  not_native32_bitmap_config
1.56m	start gpu gm  all_bitmap_configs
1.56m	done  gpu gm  all_bitmap_configs
1.56m	start gpu gm  tinyanglearcs
1.56m	done  gpu gm  tinyanglearcs
1.56m	start gpu gm  manyarcs
1.56m	done  gpu gm  manyarcs
1.56m	start gpu gm  fillcircle
1.56m	done  gpu gm  fillcircle
1.56m	start gpu gm  strokecircle
1.57m	done  gpu gm  strokecircle
1.57m	start gpu gm  addarc_meas
1.57m	done  gpu gm  addarc_meas
1.57m	start gpu gm  addarc
1.57m	done  gpu gm  addarc
1.57m	start gpu gm  aaxfermodes
1.58m	done  gpu gm  aaxfermodes
1.58m	start gpu gm  aarectmodes
1.58m	done  gpu gm  aarectmodes
1.58m	start gpu gm  clipcubic
1.58m	done  gpu gm  clipcubic
1.58m	start gpu gm  aaclip
1.58m	done  gpu gm  aaclip
1.58m	start gpu gm  dont_clip_to_layer
1.58m	done  gpu gm  dont_clip_to_layer
1.58m	start gpu gm  analytic_antialias_inverse
1.58m	done  gpu gm  analytic_antialias_inverse
1.58m	start gpu gm  analytic_antialias_general
1.59m	done  gpu gm  analytic_antialias_general
1.59m	start gpu gm  analytic_antialias_convex
1.59m	done  gpu gm  analytic_antialias_convex
1.59m	
1.59m elapsed, 0 active, 0 queued, 144MB RAM, 295MB peak
