174ms	615 srcs * 1 sinks + 0 tests == 615 tasks175ms	
174ms elapsed, 0 active, 615 queued, 29MB RAM, 30MB peak
175ms	start gpu gm  yuv_nv12_to_rgb_effect
193ms	done  gpu gm  yuv_nv12_to_rgb_effect
193ms	start gpu gm  yuv_to_rgb_effect
229ms	done  gpu gm  yuv_to_rgb_effect
229ms	start gpu gm  xfermodes3
400ms	done  gpu gm  xfermodes3
400ms	start gpu gm  xfermodes2
523ms	done  gpu gm  xfermodes2
523ms	start gpu gm  xfermodes
661ms	done  gpu gm  xfermodes
661ms	start gpu gm  xfermodeimagefilter
757ms	done  gpu gm  xfermodeimagefilter
757ms	start gpu gm  windowrectangles_mask
818ms	done  gpu gm  windowrectangles_mask
818ms	start gpu gm  windowrectangles
873ms	done  gpu gm  windowrectangles
873ms	start gpu gm  verylarge_picture_image
1.51s	done  gpu gm  verylarge_picture_image
1.51s	start gpu gm  verylargebitmap
1.95s	done  gpu gm  verylargebitmap
1.95s	start gpu gm  verttext2
2.01s	done  gpu gm  verttext2
2.01s	start gpu gm  verttext
2.06s	done  gpu gm  verttext
2.06s	start gpu gm  vertices_batching
2.08s	done  gpu gm  vertices_batching
2.08s	start gpu gm  vertices_scaled_shader
2.48s	done  gpu gm  vertices_scaled_shader
2.48s	start gpu gm  vertices
2.84s	done  gpu gm  vertices
2.84s	start gpu gm  vertices_object
3.15s	done  gpu gm  vertices_object
3.15s	start gpu gm  varied_text_clipped_lcd
3.22s	done  gpu gm  varied_text_clipped_lcd
3.22s	start gpu gm  varied_text_ignorable_clip_lcd
3.28s	done  gpu gm  varied_text_ignorable_clip_lcd
3.28s	start gpu gm  varied_text_clipped_no_lcd
3.33s	done  gpu gm  varied_text_clipped_no_lcd
3.33s	start gpu gm  varied_text_ignorable_clip_no_lcd
3.38s	done  gpu gm  varied_text_ignorable_clip_no_lcd
3.38s	start gpu gm  typefacerendering_pfb
3.48s	done  gpu gm  typefacerendering_pfb
3.48s	start gpu gm  typefacerendering_pfa
3.54s	done  gpu gm  typefacerendering_pfa
3.54s	start gpu gm  typefacerendering
3.6s	done  gpu gm  typefacerendering
3.6s	start gpu gm  typefacestyles_kerning
3.68s	done  gpu gm  typefacestyles_kerning
3.68s	start gpu gm  typefacestyles
3.74s	done  gpu gm  typefacestyles
3.74s	start gpu gm  transparency_check
3.9s	done  gpu gm  transparency_check
3.9s	start gpu gm  tinybitmap
3.93s	done  gpu gm  tinybitmap
3.93s	start gpu gm  scaled_tilemode_gradient
4s	done  gpu gm  scaled_tilemode_gradient
4s	start gpu gm  scaled_tilemode_bitmap
4.06s	done  gpu gm  scaled_tilemode_bitmap
4.06s	start gpu gm  scaled_tilemodes_npot
4.22s	done  gpu gm  scaled_tilemodes_npot
4.22s	start gpu gm  scaled_tilemodes
4.43s	done  gpu gm  scaled_tilemodes
4.43s	start gpu gm  tilemode_gradient
4.51s	done  gpu gm  tilemode_gradient
4.51s	start gpu gm  tilemode_bitmap
4.56s	done  gpu gm  tilemode_bitmap
4.56s	start gpu gm  tilemodes_npot
4.65s	done  gpu gm  tilemodes_npot
4.65s	start gpu gm  tilemodes
4.78s	done  gpu gm  tilemodes
4.78s	start gpu gm  tileimagefilter
4.81s	done  gpu gm  tileimagefilter
4.81s	start gpu gm  tiledscaledbitmap
4.87s	done  gpu gm  tiledscaledbitmap
4.87s	start gpu gm  thinstrokedrects
4.9s	done  gpu gm  thinstrokedrects
4.9s	start gpu gm  thinrects
4.93s	done  gpu gm  thinrects
4.93s	start gpu gm  thinconcavepaths
4.97s	done  gpu gm  thinconcavepaths
4.97s	start gpu gm  texture_domain_effect
5.07s	done  gpu gm  texture_domain_effect
5.07s	start gpu gm  fancyunderlinebars
5.14s	done  gpu gm  fancyunderlinebars
5.14s	start gpu gm  fancyblobunderline
5.35s	done  gpu gm  fancyblobunderline
5.35s	start gpu gm  fancyposunderline
5.51s	done  gpu gm  fancyposunderline
5.51s	start gpu gm  fancyunderline
5.65s	done  gpu gm  fancyunderline
5.65s	start gpu gm  texteffects
5.73s	done  gpu gm  texteffects
5.73s	start gpu gm  textblobuseaftergpufree
5.75s	done  gpu gm  textblobuseaftergpufree
5.75s	start gpu gm  textblobtransforms
5.89s	done  gpu gm  textblobtransforms
5.89s	start gpu gm  textblobshader
5.95s	done  gpu gm  textblobshader
5.95s	start gpu gm  textblobrandomfont
6.22s	done  gpu gm  textblobrandomfont
6.22s	start gpu gm  textblobmixedsizes_df
6.56s	done  gpu gm  textblobmixedsizes_df
6.56s	start gpu gm  textblobmixedsizes
6.94s	done  gpu gm  textblobmixedsizes
6.94s	start gpu gm  textbloblooper
7.07s	done  gpu gm  textbloblooper
7.07s	start gpu gm  textblobgeometrychange
7.09s	done  gpu gm  textblobgeometrychange
7.09s	start gpu gm  textblobcolortrans
7.19s	done  gpu gm  textblobcolortrans
7.19s	start gpu gm  textblobblockreordering
7.21s	done  gpu gm  textblobblockreordering
7.21s	start gpu gm  textblob
7.24s	done  gpu gm  textblob
7.24s	start gpu gm  texdata
7.27s	done  gpu gm  texdata
7.27s	start gpu gm  testgradient
7.33s	done  gpu gm  testgradient
7.33s	start gpu gm  tall_stretched_bitmaps
7.43s	done  gpu gm  tall_stretched_bitmaps
7.43s	start gpu gm  colorcomposefilter_alpha
7.54s	done  gpu gm  colorcomposefilter_alpha
7.54s	start gpu gm  colorcomposefilter_wacky
7.69s	done  gpu gm  colorcomposefilter_wacky
7.69s	start gpu gm  tablecolorfilter
7.84s	done  gpu gm  tablecolorfilter
7.84s	start gpu gm  surfacenew
7.86s	done  gpu gm  surfacenew
7.86s	start gpu gm  surfaceprops
7.91s	done  gpu gm  surfaceprops
7.91s	start gpu gm  bitmap_subset_shader
7.93s	done  gpu gm  bitmap_subset_shader
7.93s	start gpu gm  stroketext
8s	done  gpu gm  stroketext
8s	start gpu gm  teenyStrokes
8.04s	done  gpu gm  teenyStrokes
8.04s	start gpu gm  zeroPath
8.09s	done  gpu gm  zeroPath
8.09s	start gpu gm  zero_control_stroke
8.12s	done  gpu gm  zero_control_stroke
8.12s	start gpu gm  strokes_zoomed
8.16s	done  gpu gm  strokes_zoomed
8.16s	start gpu gm  strokes3
8.36s	done  gpu gm  strokes3
8.36s	start gpu gm  strokes_poly
8.44s	done  gpu gm  strokes_poly
8.44s	start gpu gm  strokes_round
8.49s	done  gpu gm  strokes_round
8.49s	start gpu gm  quadcap
8.51s	done  gpu gm  quadcap
8.51s	start gpu gm  zerolinestroke
8.53s	done  gpu gm  zerolinestroke
8.53s	start gpu gm  CubicStroke
8.57s	done  gpu gm  CubicStroke
8.57s	start gpu gm  strokerects
8.66s	done  gpu gm  strokerects
8.66s	start gpu gm  strokerect_anisotropic_5408
8.67s	done  gpu gm  strokerect_anisotropic_5408
8.67s	start gpu gm  strokerect
8.78s	done  gpu gm  strokerect
8.78s	start gpu gm  bug339297
8.82s	done  gpu gm  bug339297
8.82s	start gpu gm  stroke-fill
8.88s	done  gpu gm  stroke-fill
8.88s	start gpu gm  strokedlines
9s	done  gpu gm  strokedlines
9s	start gpu gm  stroke_rect_shader
9.04s	done  gpu gm  stroke_rect_shader
9.04s	start gpu gm  stringart
9.08s	done  gpu gm  stringart
9.08s	start gpu gm  stlouisarch
9.1s	done  gpu gm  stlouisarch
9.1s	start gpu gm  srcmode
9.17s	done  gpu gm  srcmode
9.17s	start gpu gm  spritebitmap
9.22s	done  gpu gm  spritebitmap
9.22s	start gpu gm  smallpaths
9.26s	done  gpu gm  smallpaths
9.26s	start gpu gm  small_image
9.27s	done  gpu gm  small_image
9.27s	start gpu gm  smallarc
9.32s	done  gpu gm  smallarc
9.32s	start gpu gm  linear_pipeline
9.44s	done  gpu gm  linear_pipeline
9.44s	start gpu gm  skbug1719
9.46s	done  gpu gm  skbug1719
9.46s	start gpu gm  skbug_5321
9.48s	done  gpu gm  skbug_5321
9.48s	start gpu gm  skbug_4868
9.5s	done  gpu gm  skbug_4868
9.5s	start gpu gm  skbug_257
9.55s	done  gpu gm  skbug_257
9.55s	start gpu gm  simplerect
9.64s	done  gpu gm  simplerect
9.64s	start gpu gm  simple-magnification
9.67s	done  gpu gm  simple-magnification
9.67s	start gpu gm  simpleaaclip_aaclip
9.71s	done  gpu gm  simpleaaclip_aaclip
9.71s	start gpu gm  simpleaaclip_path
9.77s	done  gpu gm  simpleaaclip_path
9.77s	start gpu gm  simpleaaclip_rect
9.82s	done  gpu gm  simpleaaclip_rect
9.82s	start gpu gm  showmiplevels2_256x256
9.9s	done  gpu gm  showmiplevels2_256x256
9.9s	start gpu gm  showmiplevels2_255x256
9.99s	done  gpu gm  showmiplevels2_255x256
9.99s	start gpu gm  showmiplevels2_256x255
10.1s	done  gpu gm  showmiplevels2_256x255
10.1s	start gpu gm  showmiplevels2_255x255
10.2s	done  gpu gm  showmiplevels2_255x255
10.2s	start gpu gm  showmiplevels_256
10.3s	done  gpu gm  showmiplevels_256
10.3s	start gpu gm  showmiplevels_255
10.4s	done  gpu gm  showmiplevels_255
10.4s	start gpu gm  innershapes_bw
10.4s	done  gpu gm  innershapes_bw
10.4s	start gpu gm  innershapes
10.5s	done  gpu gm  innershapes
10.5s	start gpu gm  simpleshapes_bw
10.5s	done  gpu gm  simpleshapes_bw
10.5s	start gpu gm  simpleshapes
10.5s	done  gpu gm  simpleshapes
10.5s	start gpu gm  shallow_gradient_sweep_nodither
10.6s	done  gpu gm  shallow_gradient_sweep_nodither
10.6s	start gpu gm  shallow_gradient_conical_nodither
10.7s	done  gpu gm  shallow_gradient_conical_nodither
10.7s	start gpu gm  shallow_gradient_radial_nodither
10.8s	done  gpu gm  shallow_gradient_radial_nodither
10.8s	start gpu gm  shallow_gradient_linear_nodither
10.8s	done  gpu gm  shallow_gradient_linear_nodither
10.8s	start gpu gm  shallow_gradient_sweep
11.1s	done  gpu gm  shallow_gradient_sweep
11.1s	start gpu gm  shallow_gradient_conical
11.3s	done  gpu gm  shallow_gradient_conical
11.3s	start gpu gm  shallow_gradient_radial
11.4s	done  gpu gm  shallow_gradient_radial
11.4s	start gpu gm  shallow_gradient_linear
11.6s	done  gpu gm  shallow_gradient_linear
11.6s	start gpu gm  shadow_utils
11.7s	done  gpu gm  shadow_utils
11.7s	start gpu gm  shadows
11.8s	done  gpu gm  shadows
11.8s	start gpu gm  shadertext3
12s	done  gpu gm  shadertext3
12s	start gpu gm  shadertext2
12.3s	done  gpu gm  shadertext2
12.3s	start gpu gm  shadertext
12.4s	done  gpu gm  shadertext
12.4s	start gpu gm  shaderbounds_linear
12.4s	done  gpu gm  shaderbounds_linear
12.4s	start gpu gm  scaledstrokes
12.5s	done  gpu gm  scaledstrokes
12.5s	start gpu gm  savelayer_initfromprev
12.5s	done  gpu gm  savelayer_initfromprev
12.5s	start gpu gm  picture_savelayer
12.6s	done  gpu gm  picture_savelayer
12.6s	start gpu gm  savelayer_clipped
12.6s	done  gpu gm  savelayer_clipped
12.6s	start gpu gm  savelayer_unclipped
12.7s	done  gpu gm  savelayer_unclipped
12.7s	start gpu gm  gpusamplerstress
12.7s	done  gpu gm  gpusamplerstress
12.7s	start gpu gm  rrect_effect
12.8s	done  gpu gm  rrect_effect
12.8s	start gpu gm  rrect_clip_bw
12.8s	done  gpu gm  rrect_clip_bw
12.8s	start gpu gm  rrect_clip_aa
12.9s	done  gpu gm  rrect_clip_aa
12.9s	start gpu gm  rrect_draw_bw
13s	done  gpu gm  rrect_draw_bw
13s	start gpu gm  rrect_draw_aa
13s	done  gpu gm  rrect_draw_aa
13s	start gpu gm  rrect_clip_draw_paint
13.1s	done  gpu gm  rrect_clip_draw_paint
13.1s	start gpu gm  rrect
13.2s	done  gpu gm  rrect
13.2s	start gpu gm  roundrects
13.3s	done  gpu gm  roundrects
13.3s	start gpu gm  reveal
13.4s	done  gpu gm  reveal
13.4s	start gpu gm  resizeimagefilter
13.4s	done  gpu gm  resizeimagefilter
13.4s	start gpu gm  repeated_bitmap_jpg
13.5s	done  gpu gm  repeated_bitmap_jpg
13.5s	start gpu gm  repeated_bitmap
13.6s	done  gpu gm  repeated_bitmap
13.6s	start gpu gm  rects
13.7s	done  gpu gm  rects
13.7s	start gpu gm  rectangle_texture
13.7s	done  gpu gm  rectangle_texture
13.7s	start gpu gm  recordopts
13.8s	done  gpu gm  recordopts
13.8s	start gpu gm  readpixelspicture
13.8s	done  gpu gm  readpixelspicture
13.8s	start gpu gm  readpixelscodec
13.8s	done  gpu gm  readpixelscodec
13.8s	start gpu gm  readpixels
13.9s	done  gpu gm  readpixels
13.9s	start gpu gm  quadclosepath
13.9s	done  gpu gm  quadclosepath
13.9s	start gpu gm  quadpath
14s	done  gpu gm  quadpath
14s	start gpu gm  polygons
14.1s	done  gpu gm  polygons
14.1s	start gpu gm  poly2poly
14.2s	done  gpu gm  poly2poly
14.2s	start gpu gm  points
14.2s	done  gpu gm  points
14.2s	start gpu gm  PlusMergesAA
14.2s	done  gpu gm  PlusMergesAA
14.2s	start gpu gm  pixel_snap_combo
14.3s	done  gpu gm  pixel_snap_combo
14.3s	start gpu gm  pixel_snap_rect
14.3s	done  gpu gm  pixel_snap_rect
14.3s	start gpu gm  pixel_snap_line
14.3s	done  gpu gm  pixel_snap_line
14.3s	start gpu gm  pixel_snap_point
14.3s	done  gpu gm  pixel_snap_point
14.3s	start gpu gm  pictureshadertile
14.4s	done  gpu gm  pictureshadertile
14.4s	start gpu gm  tiled_picture_shader
14.4s	done  gpu gm  tiled_picture_shader
14.4s	start gpu gm  pictureshader
14.7s	done  gpu gm  pictureshader
14.7s	start gpu gm  pictureimagegenerator
14.8s	done  gpu gm  pictureimagegenerator
14.8s	start gpu gm  pictureimagefilter
14.8s	done  gpu gm  pictureimagefilter
14.8s	start gpu gm  pictures
14.8s	done  gpu gm  pictures
14.8s	start gpu gm  persp_shaders_bw
14.9s	done  gpu gm  persp_shaders_bw
14.9s	start gpu gm  persp_shaders_aa
14.9s	done  gpu gm  persp_shaders_aa
14.9s	start gpu gm  perlinnoise_localmatrix
15s	done  gpu gm  perlinnoise_localmatrix
15s	start gpu gm  perlinnoise
15.1s	done  gpu gm  perlinnoise
15.1s	start gpu gm  pdf_never_embed
15.1s	done  gpu gm  pdf_never_embed
15.1s	start gpu gm  path-reverse
15.2s	done  gpu gm  path-reverse
15.2s	start gpu gm  pathopsskpclip
15.2s	
15.2s elapsed, 1 active, 443 queued, 133MB RAM, 295MB peak
15.2s		gpu gm  pathopsskpclip
15.3s	done  gpu gm  pathopsskpclip
15.3s	start gpu gm  pathopsinverse
15.4s	done  gpu gm  pathopsinverse
15.4s	start gpu gm  path_mask_cache
15.5s	done  gpu gm  path_mask_cache
15.5s	start gpu gm  pathinterior
15.5s	done  gpu gm  pathinterior
15.5s	start gpu gm  pathinvfill
15.6s	done  gpu gm  pathinvfill
15.6s	start gpu gm  pathfill
15.6s	done  gpu gm  pathfill
15.6s	start gpu gm  rotatedcubicpath
15.6s	done  gpu gm  rotatedcubicpath
15.6s	start gpu gm  patheffect
15.7s	done  gpu gm  patheffect
15.7s	start gpu gm  contour_start
15.8s	done  gpu gm  contour_start
15.8s	start gpu gm  path_stroke_with_zero_length
15.8s	done  gpu gm  path_stroke_with_zero_length
15.8s	start gpu gm  patch_grid
16s	done  gpu gm  patch_grid
16s	start gpu gm  patch_primitive
16.2s	done  gpu gm  patch_primitive
16.2s	start gpu gm  OverStroke
16.2s	done  gpu gm  OverStroke
16.2s	start gpu gm  overdrawcolorfilter
16.2s	done  gpu gm  overdrawcolorfilter
16.2s	start gpu gm  ovals
16.4s	done  gpu gm  ovals
16.4s	start gpu gm  simple-offsetimagefilter
16.4s	done  gpu gm  simple-offsetimagefilter
16.4s	start gpu gm  offsetimagefilter
16.4s	done  gpu gm  offsetimagefilter
16.4s	start gpu gm  occludedrrectblur
16.5s	done  gpu gm  occludedrrectblur
16.5s	start gpu gm  nonclosedpaths
16.6s	done  gpu gm  nonclosedpaths
16.6s	start gpu gm  ninepatch-stretch
16.7s	done  gpu gm  ninepatch-stretch
16.7s	start gpu gm  nested_flipY_bw
16.8s	done  gpu gm  nested_flipY_bw
16.8s	start gpu gm  nested_flipY_aa
16.8s	done  gpu gm  nested_flipY_aa
16.8s	start gpu gm  nested_bw
16.8s	done  gpu gm  nested_bw
16.8s	start gpu gm  nested_aa
16.8s	done  gpu gm  nested_aa
16.8s	start gpu gm  multipicturedraw_biglayer_tiled
16.9s	done  gpu gm  multipicturedraw_biglayer_tiled
16.9s	start gpu gm  multipicturedraw_sierpinski_tiled
17s	done  gpu gm  multipicturedraw_sierpinski_tiled
17s	start gpu gm  multipicturedraw_invpathclip_tiled
17s	done  gpu gm  multipicturedraw_invpathclip_tiled
17s	start gpu gm  multipicturedraw_pathclip_tiled
17.1s	done  gpu gm  multipicturedraw_pathclip_tiled
17.1s	start gpu gm  multipicturedraw_rrectclip_tiled
17.2s	done  gpu gm  multipicturedraw_rrectclip_tiled
17.2s	start gpu gm  multipicturedraw_rectclip_tiled
17.2s	done  gpu gm  multipicturedraw_rectclip_tiled
17.2s	start gpu gm  multipicturedraw_noclip_tiled
17.3s	done  gpu gm  multipicturedraw_noclip_tiled
17.3s	start gpu gm  multipicturedraw_biglayer_simple
17.3s	done  gpu gm  multipicturedraw_biglayer_simple
17.3s	start gpu gm  multipicturedraw_sierpinski_simple
17.4s	done  gpu gm  multipicturedraw_sierpinski_simple
17.4s	start gpu gm  multipicturedraw_invpathclip_simple
17.5s	done  gpu gm  multipicturedraw_invpathclip_simple
17.5s	start gpu gm  multipicturedraw_pathclip_simple
17.5s	done  gpu gm  multipicturedraw_pathclip_simple
17.5s	start gpu gm  multipicturedraw_rrectclip_simple
17.6s	done  gpu gm  multipicturedraw_rrectclip_simple
17.6s	start gpu gm  multipicturedraw_rectclip_simple
17.6s	done  gpu gm  multipicturedraw_rectclip_simple
17.6s	start gpu gm  multipicturedraw_noclip_simple
17.7s	done  gpu gm  multipicturedraw_noclip_simple
17.7s	start gpu gm  morphology
17.8s	done  gpu gm  morphology
17.8s	start gpu gm  modecolorfilters
17.9s	done  gpu gm  modecolorfilters
17.9s	start gpu gm  mixedtextblobs
18s	done  gpu gm  mixedtextblobs
18s	start gpu gm  mipmap_gray8_srgb
18s	done  gpu gm  mipmap_gray8_srgb
18s	start gpu gm  mipmap_srgb
18s	done  gpu gm  mipmap_srgb
18s	start gpu gm  mipmap
18s	done  gpu gm  mipmap
18s	start gpu gm  megalooper_1x4
18.1s	done  gpu gm  megalooper_1x4
18.1s	start gpu gm  megalooper_4x1
18.2s	done  gpu gm  megalooper_4x1
18.2s	start gpu gm  megalooper_0x0
18.4s	done  gpu gm  megalooper_0x0
18.4s	start gpu gm  matriximagefilter
18.4s	done  gpu gm  matriximagefilter
18.4s	start gpu gm  matrixconvolution_color
18.4s	done  gpu gm  matrixconvolution_color
18.4s	start gpu gm  matrixconvolution
18.5s	done  gpu gm  matrixconvolution
18.5s	start gpu gm  manyrrects
18.5s	done  gpu gm  manyrrects
18.5s	start gpu gm  manycircles
18.6s	done  gpu gm  manycircles
18.6s	start gpu gm  lumafilter
18.6s	done  gpu gm  lumafilter
18.6s	start gpu gm  localmatriximagefilter
18.7s	done  gpu gm  localmatriximagefilter
18.7s	start gpu gm  lineclosepath
18.8s	done  gpu gm  lineclosepath
18.8s	start gpu gm  linepath
18.9s	done  gpu gm  linepath
18.9s	start gpu gm  lightingshaderbevel
19s	done  gpu gm  lightingshaderbevel
19s	start gpu gm  lightingshader2
19s	done  gpu gm  lightingshader2
19s	start gpu gm  lightingshader
19.1s	done  gpu gm  lightingshader
19.1s	start gpu gm  lighting
19.4s	done  gpu gm  lighting
19.4s	start gpu gm  savelayer_lcdtext
19.4s	done  gpu gm  savelayer_lcdtext
19.4s	start gpu gm  lcdtextsize
19.5s	done  gpu gm  lcdtextsize
19.5s	start gpu gm  lcdtext
19.5s	done  gpu gm  lcdtext
19.5s	start gpu gm  lcdoverlap
19.6s	done  gpu gm  lcdoverlap
19.6s	start gpu gm  lcdblendmodes
19.7s	done  gpu gm  lcdblendmodes
19.7s	start gpu gm  lattice
19.8s	done  gpu gm  lattice
19.8s	start gpu gm  largeglyphblur
19.9s	done  gpu gm  largeglyphblur
19.9s	start gpu gm  inverse_paths
20s	done  gpu gm  inverse_paths
20s	start gpu gm  internal_links
20.1s	done  gpu gm  internal_links
20.1s	start gpu gm  image_to_yuv_planes
20.1s	done  gpu gm  image_to_yuv_planes
20.1s	start gpu gm  imagesrc2_high
20.1s	done  gpu gm  imagesrc2_high
20.1s	start gpu gm  imagesrc2_med
20.2s	done  gpu gm  imagesrc2_med
20.2s	start gpu gm  imagesrc2_low
20.2s	done  gpu gm  imagesrc2_low
20.2s	start gpu gm  imagesrc2_none
20.2s	done  gpu gm  imagesrc2_none
20.2s	start gpu gm  imagesource
20.3s	done  gpu gm  imagesource
20.3s	start gpu gm  image_scale_aligned
20.3s	done  gpu gm  image_scale_aligned
20.3s	start gpu gm  imageresizetiled
20.4s	done  gpu gm  imageresizetiled
20.4s	start gpu gm  imagemasksubset
20.4s	done  gpu gm  imagemasksubset
20.4s	start gpu gm  imagemakewithfilter
20.5s	done  gpu gm  imagemakewithfilter
20.5s	start gpu gm  imagemagnifier_cropped
20.5s	done  gpu gm  imagemagnifier_cropped
20.5s	start gpu gm  imagemagnifier
20.8s	done  gpu gm  imagemagnifier
20.8s	start gpu gm  image_from_yuv_textures
20.8s	done  gpu gm  image_from_yuv_textures
20.8s	start gpu gm  rotate_imagefilter
20.9s	done  gpu gm  rotate_imagefilter
20.9s	start gpu gm  imagefilterstransformed
20.9s	done  gpu gm  imagefilterstransformed
20.9s	start gpu gm  imagefiltersstroked
21s	done  gpu gm  imagefiltersstroked
21s	start gpu gm  imagefiltersscaled
21.1s	done  gpu gm  imagefiltersscaled
21.1s	start gpu gm  imagefiltersgraph
21.2s	done  gpu gm  imagefiltersgraph
21.2s	start gpu gm  imagefilterscropped
21.3s	done  gpu gm  imagefilterscropped
21.3s	start gpu gm  imagefilterscropexpand
21.4s	done  gpu gm  imagefilterscropexpand
21.4s	start gpu gm  imagefiltersclipped
21.5s	done  gpu gm  imagefiltersclipped
21.5s	start gpu gm  textfilter_color
21.6s	done  gpu gm  textfilter_color
21.6s	start gpu gm  textfilter_image
21.6s	done  gpu gm  textfilter_image
21.6s	start gpu gm  imagefiltersbase
21.7s	done  gpu gm  imagefiltersbase
21.7s	start gpu gm  savelayer_with_backdrop
21.9s	done  gpu gm  savelayer_with_backdrop
21.9s	start gpu gm  fast_slow_blurimagefilter
22s	done  gpu gm  fast_slow_blurimagefilter
22s	start gpu gm  imagefilters_xfermodes
22s	done  gpu gm  imagefilters_xfermodes
22s	start gpu gm  imageblurtiled
22.1s	done  gpu gm  imageblurtiled
22.1s	start gpu gm  imageblur2
22.2s	done  gpu gm  imageblur2
22.2s	start gpu gm  imageblur_large
22.3s	done  gpu gm  imageblur_large
22.3s	start gpu gm  imageblur
22.4s	done  gpu gm  imageblur
22.4s	start gpu gm  imagealphathreshold_surface
22.5s	done  gpu gm  imagealphathreshold_surface
22.5s	start gpu gm  imagealphathreshold
22.5s	done  gpu gm  imagealphathreshold
22.5s	start gpu gm  imagealphathreshold_crop
22.5s	done  gpu gm  imagealphathreshold_crop
22.5s	start gpu gm  image-shader
22.6s	done  gpu gm  image-shader
22.6s	start gpu gm  image-cacherator-from-texture
22.6s	done  gpu gm  image-cacherator-from-texture
22.6s	start gpu gm  image-cacherator-from-ctable
22.7s	done  gpu gm  image-cacherator-from-ctable
22.7s	start gpu gm  image-cacherator-from-raster
22.7s	done  gpu gm  image-cacherator-from-raster
22.7s	start gpu gm  image-cacherator-from-picture
22.8s	done  gpu gm  image-cacherator-from-picture
22.8s	start gpu gm  image-picture
22.9s	done  gpu gm  image-picture
22.9s	start gpu gm  new_texture_image
22.9s	done  gpu gm  new_texture_image
22.9s	start gpu gm  scale-pixels
23s	done  gpu gm  scale-pixels
23s	start gpu gm  image-surface
23.1s	done  gpu gm  image-surface
23.1s	start gpu gm  hittestpath
23.3s	done  gpu gm  hittestpath
23.3s	start gpu gm  highcontrastfilter
23.3s	done  gpu gm  highcontrastfilter
23.3s	start gpu gm  hardstop_gradients
23.4s	done  gpu gm  hardstop_gradients
23.4s	start gpu gm  hairmodes
23.5s	done  gpu gm  hairmodes
23.5s	start gpu gm  hairlines
23.6s	done  gpu gm  hairlines
23.6s	start gpu gm  squarehair
23.7s	done  gpu gm  squarehair
23.7s	start gpu gm  grayscalejpg
23.7s	done  gpu gm  grayscalejpg
23.7s	start gpu gm  chrome_gradtext2
23.7s	done  gpu gm  chrome_gradtext2
23.7s	start gpu gm  chrome_gradtext1
23.8s	done  gpu gm  chrome_gradtext1
23.8s	start gpu gm  gradtext
23.8s	done  gpu gm  gradtext
23.8s	start gpu gm  gradients_many_nodither
23.9s	done  gpu gm  gradients_many_nodither
23.9s	start gpu gm  gradients_many
24s	done  gpu gm  gradients_many
24s	start gpu gm  gradients_no_texture_nodither
24s	done  gpu gm  gradients_no_texture_nodither
24s	start gpu gm  gradients_no_texture
24.1s	done  gpu gm  gradients_no_texture
24.1s	start gpu gm  gradients_2pt_conical_edge_nodither
24.2s	done  gpu gm  gradients_2pt_conical_edge_nodither
24.2s	start gpu gm  gradients_2pt_conical_outside_nodither
24.3s	done  gpu gm  gradients_2pt_conical_outside_nodither
24.3s	start gpu gm  gradients_2pt_conical_inside_nodither
24.4s	done  gpu gm  gradients_2pt_conical_inside_nodither
24.4s	start gpu gm  gradients_2pt_conical_edge
24.6s	done  gpu gm  gradients_2pt_conical_edge
24.6s	start gpu gm  gradients_2pt_conical_outside
24.7s	done  gpu gm  gradients_2pt_conical_outside
24.7s	start gpu gm  gradients_2pt_conical_inside
24.8s	done  gpu gm  gradients_2pt_conical_inside
24.8s	start gpu gm  gradient_subpixel_4f
24.9s	done  gpu gm  gradient_subpixel_4f
24.9s	start gpu gm  gradient_subpixel
24.9s	done  gpu gm  gradient_subpixel
24.9s	start gpu gm  gradient_many_stops_4f
25s	done  gpu gm  gradient_many_stops_4f
25s	start gpu gm  gradient_many_stops
25s	done  gpu gm  gradient_many_stops
25s	start gpu gm  gradients_dup_color_stops
25.1s	done  gpu gm  gradients_dup_color_stops
25.1s	start gpu gm  linear_gradient_tiny_4f
25.2s	done  gpu gm  linear_gradient_tiny_4f
25.2s	start gpu gm  linear_gradient_tiny
25.2s	done  gpu gm  linear_gradient_tiny
25.2s	start gpu gm  linear_gradient_nodither
25.2s	done  gpu gm  linear_gradient_nodither
25.2s	start gpu gm  linear_gradient
25.3s	done  gpu gm  linear_gradient
25.3s	start gpu gm  radial_gradient4_nodither
25.4s	done  gpu gm  radial_gradient4_nodither
25.4s	start gpu gm  radial_gradient4
25.5s	done  gpu gm  radial_gradient4
25.5s	start gpu gm  radial_gradient3_nodither
25.5s	done  gpu gm  radial_gradient3_nodither
25.5s	start gpu gm  radial_gradient3
25.6s	done  gpu gm  radial_gradient3
25.6s	start gpu gm  radial_gradient2_nodither
25.7s	done  gpu gm  radial_gradient2_nodither
25.7s	start gpu gm  radial_gradient2
25.8s	done  gpu gm  radial_gradient2
25.8s	start gpu gm  radial_gradient
26.3s	done  gpu gm  radial_gradient
26.3s	start gpu gm  clamped_gradients_nodither
26.4s	done  gpu gm  clamped_gradients_nodither
26.4s	start gpu gm  clamped_gradients
26.4s	done  gpu gm  clamped_gradients
26.4s	start gpu gm  small_color_stop
26.4s	done  gpu gm  small_color_stop
26.4s	start gpu gm  gradients_degenerate_2pt_nodither
26.5s	done  gpu gm  gradients_degenerate_2pt_nodither
26.5s	start gpu gm  gradients_degenerate_2pt
26.5s	done  gpu gm  gradients_degenerate_2pt
26.5s	start gpu gm  gradients_view_perspective_nodither
26.6s	done  gpu gm  gradients_view_perspective_nodither
26.6s	start gpu gm  gradients_view_perspective
26.7s	done  gpu gm  gradients_view_perspective
26.7s	start gpu gm  gradients_local_perspective_nodither
26.8s	done  gpu gm  gradients_local_perspective_nodither
26.8s	start gpu gm  gradients_local_perspective
27s	done  gpu gm  gradients_local_perspective
27s	start gpu gm  gradients4f_nodither
27.1s	done  gpu gm  gradients4f_nodither
27.1s	start gpu gm  gradients4f
27.3s	done  gpu gm  gradients4f
27.3s	start gpu gm  gradients_nodither
27.4s	done  gpu gm  gradients_nodither
27.4s	start gpu gm  gradients
27.6s	done  gpu gm  gradients
27.6s	start gpu gm  gradient_dirty_laundry
27.7s	done  gpu gm  gradient_dirty_laundry
27.7s	start gpu gm  gradient_matrix
27.7s	done  gpu gm  gradient_matrix
27.7s	start gpu gm  glyph_pos_align
27.8s	done  gpu gm  glyph_pos_align
27.8s	start gpu gm  glyph_pos_n_f
27.9s	done  gpu gm  glyph_pos_n_f
27.9s	start gpu gm  glyph_pos_h_f
27.9s	done  gpu gm  glyph_pos_h_f
27.9s	start gpu gm  glyph_pos_n_s
28s	done  gpu gm  glyph_pos_n_s
28s	start gpu gm  glyph_pos_h_s
28s	done  gpu gm  glyph_pos_h_s
28s	start gpu gm  glyph_pos_n_b
28.1s	done  gpu gm  glyph_pos_n_b
28.1s	start gpu gm  glyph_pos_h_b
28.2s	done  gpu gm  glyph_pos_h_b
28.2s	start gpu gm  giantbitmap_mirror_bilerp_rotate
28.2s	done  gpu gm  giantbitmap_mirror_bilerp_rotate
28.2s	start gpu gm  giantbitmap_repeat_bilerp_rotate
28.3s	done  gpu gm  giantbitmap_repeat_bilerp_rotate
28.3s	start gpu gm  giantbitmap_clamp_bilerp_rotate
28.3s	done  gpu gm  giantbitmap_clamp_bilerp_rotate
28.3s	start gpu gm  giantbitmap_mirror_point_rotate
28.4s	done  gpu gm  giantbitmap_mirror_point_rotate
28.4s	start gpu gm  giantbitmap_repeat_point_rotate
28.4s	done  gpu gm  giantbitmap_repeat_point_rotate
28.4s	start gpu gm  giantbitmap_clamp_point_rotate
28.5s	done  gpu gm  giantbitmap_clamp_point_rotate
28.5s	start gpu gm  giantbitmap_mirror_bilerp_scale
28.5s	done  gpu gm  giantbitmap_mirror_bilerp_scale
28.5s	start gpu gm  giantbitmap_repeat_bilerp_scale
28.6s	done  gpu gm  giantbitmap_repeat_bilerp_scale
28.6s	start gpu gm  giantbitmap_clamp_bilerp_scale
28.6s	done  gpu gm  giantbitmap_clamp_bilerp_scale
28.6s	start gpu gm  giantbitmap_mirror_point_scale
28.6s	done  gpu gm  giantbitmap_mirror_point_scale
28.6s	start gpu gm  giantbitmap_repeat_point_scale
28.7s	done  gpu gm  giantbitmap_repeat_point_scale
28.7s	start gpu gm  giantbitmap_clamp_point_scale
28.7s	done  gpu gm  giantbitmap_clamp_point_scale
28.7s	start gpu gm  getpostextpath
28.8s	done  gpu gm  getpostextpath
28.8s	start gpu gm  gaussianedge
28.8s	done  gpu gm  gaussianedge
28.8s	start gpu gm  gamut
28.9s	done  gpu gm  gamut
28.9s	start gpu gm  gammagradienttext
28.9s	done  gpu gm  gammagradienttext
28.9s	start gpu gm  gammatext
29s	done  gpu gm  gammatext
29s	start gpu gm  gamma
29.1s	done  gpu gm  gamma
29.1s	start gpu gm  fontscalerdistortable
29.1s	done  gpu gm  fontscalerdistortable
29.1s	start gpu gm  fontscaler
29.4s	done  gpu gm  fontscaler
29.4s	start gpu gm  fontmgr_bounds_1_-0.25
29.5s	done  gpu gm  fontmgr_bounds_1_-0.25
29.5s	start gpu gm  fontmgr_bounds_0.75_0
29.7s	done  gpu gm  fontmgr_bounds_0.75_0
29.7s	start gpu gm  fontmgr_bounds
29.8s	done  gpu gm  fontmgr_bounds
29.8s	start gpu gm  fontmgr_match
29.9s	done  gpu gm  fontmgr_match
29.9s	start gpu gm  fontmgr_iter
30.2s	
30.2s elapsed, 1 active, 249 queued, 137MB RAM, 295MB peak
30.2s		gpu gm  fontmgr_iter
31.7s	done  gpu gm  fontmgr_iter
31.7s	start gpu gm  fontcache
31.9s	done  gpu gm  fontcache
31.9s	start gpu gm  filterindiabox
32s	done  gpu gm  filterindiabox
32s	start gpu gm  filterfastbounds
32.1s	done  gpu gm  filterfastbounds
32.1s	start gpu gm  filterbug
32.1s	done  gpu gm  filterbug
32.1s	start gpu gm  filterbitmap_image_color_wheel.png
32.2s	done  gpu gm  filterbitmap_image_color_wheel.png
32.2s	start gpu gm  filterbitmap_image_mandrill_512.png
32.5s	done  gpu gm  filterbitmap_image_mandrill_512.png
32.5s	start gpu gm  filterbitmap_image_mandrill_256.png
32.7s	done  gpu gm  filterbitmap_image_mandrill_256.png
32.7s	start gpu gm  filterbitmap_image_mandrill_128.png
32.8s	done  gpu gm  filterbitmap_image_mandrill_128.png
32.8s	start gpu gm  filterbitmap_image_mandrill_64.png_g8
32.9s	done  gpu gm  filterbitmap_image_mandrill_64.png_g8
32.9s	start gpu gm  filterbitmap_image_mandrill_64.png
33.1s	done  gpu gm  filterbitmap_image_mandrill_64.png
33.1s	start gpu gm  filterbitmap_image_mandrill_32.png
33.3s	done  gpu gm  filterbitmap_image_mandrill_32.png
33.3s	start gpu gm  filterbitmap_image_mandrill_16.png
33.4s	done  gpu gm  filterbitmap_image_mandrill_16.png
33.4s	start gpu gm  filterbitmap_checkerboard_192_192
33.5s	done  gpu gm  filterbitmap_checkerboard_192_192
33.5s	start gpu gm  filterbitmap_checkerboard_32_2
33.6s	done  gpu gm  filterbitmap_checkerboard_32_2
33.6s	start gpu gm  filterbitmap_checkerboard_32_8
33.7s	done  gpu gm  filterbitmap_checkerboard_32_8
33.7s	start gpu gm  filterbitmap_checkerboard_32_32_g8
33.9s	done  gpu gm  filterbitmap_checkerboard_32_32_g8
33.9s	start gpu gm  filterbitmap_checkerboard_32_32
34s	done  gpu gm  filterbitmap_checkerboard_32_32
34s	start gpu gm  filterbitmap_checkerboard_4_4
34.1s	done  gpu gm  filterbitmap_checkerboard_4_4
34.1s	start gpu gm  filterbitmap_text_10.00pt
34.2s	done  gpu gm  filterbitmap_text_10.00pt
34.2s	start gpu gm  filterbitmap_text_7.00pt
34.3s	done  gpu gm  filterbitmap_text_7.00pt
34.3s	start gpu gm  filterbitmap_text_3.00pt
34.4s	done  gpu gm  filterbitmap_text_3.00pt
34.4s	start gpu gm  filltypespersp
34.6s	done  gpu gm  filltypespersp
34.6s	start gpu gm  filltypes
34.6s	done  gpu gm  filltypes
34.6s	start gpu gm  fatpathfill
34.7s	done  gpu gm  fatpathfill
34.7s	start gpu gm  fadefilter
34.7s	done  gpu gm  fadefilter
34.7s	start gpu gm  extractbitmap
34.7s	done  gpu gm  extractbitmap
34.7s	start gpu gm  etc1
34.8s	done  gpu gm  etc1
34.8s	start gpu gm  encode-srgb-jpg
34.9s	done  gpu gm  encode-srgb-jpg
34.9s	start gpu gm  encode-srgb-webp
35.2s	done  gpu gm  encode-srgb-webp
35.2s	start gpu gm  encode-srgb-png
35.4s	done  gpu gm  encode-srgb-png
35.4s	start gpu gm  encode-platform
36.1s	done  gpu gm  encode-platform
36.1s	start gpu gm  encode
36.4s	done  gpu gm  encode
36.4s	start gpu gm  emptystroke
36.4s	done  gpu gm  emptystroke
36.4s	start gpu gm  emptypath
36.4s	done  gpu gm  emptypath
36.4s	start gpu gm  dstreadshuffle
36.5s	done  gpu gm  dstreadshuffle
36.5s	start gpu gm  drrect
36.6s	done  gpu gm  drrect
36.6s	start gpu gm  dropshadowimagefilter
36.7s	done  gpu gm  dropshadowimagefilter
36.7s	start gpu gm  drawregionmodes
36.7s	done  gpu gm  drawregionmodes
36.7s	start gpu gm  drawregion
36.9s	done  gpu gm  drawregion
36.9s	start gpu gm  drawminibitmaprect
37.1s	done  gpu gm  drawminibitmaprect
37.1s	start gpu gm  drawminibitmaprect_aa
37.2s	done  gpu gm  drawminibitmaprect_aa
37.2s	start gpu gm  drawlooper
37.2s	done  gpu gm  drawlooper
37.2s	start gpu gm  drawfilter
37.2s	done  gpu gm  drawfilter
37.2s	start gpu gm  drawbitmaprect-imagerect-subset
37.4s	done  gpu gm  drawbitmaprect-imagerect-subset
37.4s	start gpu gm  drawbitmaprect-imagerect
37.6s	done  gpu gm  drawbitmaprect-imagerect
37.6s	start gpu gm  drawbitmaprect-subset
37.7s	done  gpu gm  drawbitmaprect-subset
37.7s	start gpu gm  drawbitmaprect
37.9s	done  gpu gm  drawbitmaprect
37.9s	start gpu gm  draw-atlas-colors
38s	done  gpu gm  draw-atlas-colors
38s	start gpu gm  drawTextRSXform
38.1s	done  gpu gm  drawTextRSXform
38.1s	start gpu gm  draw-atlas
38.1s	done  gpu gm  draw-atlas
38.1s	start gpu gm  drawable
38.1s	done  gpu gm  drawable
38.1s	start gpu gm  draw_bitmap_rect_skbug4734
38.2s	done  gpu gm  draw_bitmap_rect_skbug4734
38.2s	start gpu gm  downsamplebitmap_image_none_mandrill_512.png
38.4s	done  gpu gm  downsamplebitmap_image_none_mandrill_512.png
38.4s	start gpu gm  downsamplebitmap_checkerboard_none_512_256
38.5s	done  gpu gm  downsamplebitmap_checkerboard_none_512_256
38.5s	start gpu gm  downsamplebitmap_text_none_72.00pt
38.7s	done  gpu gm  downsamplebitmap_text_none_72.00pt
38.7s	start gpu gm  downsamplebitmap_image_low_mandrill_512.png
38.9s	done  gpu gm  downsamplebitmap_image_low_mandrill_512.png
38.9s	start gpu gm  downsamplebitmap_checkerboard_low_512_256
39s	done  gpu gm  downsamplebitmap_checkerboard_low_512_256
39s	start gpu gm  downsamplebitmap_text_low_72.00pt
39.1s	done  gpu gm  downsamplebitmap_text_low_72.00pt
39.1s	start gpu gm  downsamplebitmap_image_medium_mandrill_512.png
39.3s	done  gpu gm  downsamplebitmap_image_medium_mandrill_512.png
39.3s	start gpu gm  downsamplebitmap_checkerboard_medium_512_256
39.4s	done  gpu gm  downsamplebitmap_checkerboard_medium_512_256
39.4s	start gpu gm  downsamplebitmap_text_medium_72.00pt
39.6s	done  gpu gm  downsamplebitmap_text_medium_72.00pt
39.6s	start gpu gm  downsamplebitmap_image_high_mandrill_512.png
39.8s	done  gpu gm  downsamplebitmap_image_high_mandrill_512.png
39.8s	start gpu gm  downsamplebitmap_checkerboard_high_512_256
39.9s	done  gpu gm  downsamplebitmap_checkerboard_high_512_256
39.9s	start gpu gm  downsamplebitmap_text_high_72.00pt
40s	done  gpu gm  downsamplebitmap_text_high_72.00pt
40s	start gpu gm  distantclip
40.1s	done  gpu gm  distantclip
40.1s	start gpu gm  displacement
40.1s	done  gpu gm  displacement
40.1s	start gpu gm  discard
40.1s	done  gpu gm  discard
40.1s	start gpu gm  dftext
40.3s	done  gpu gm  dftext
40.3s	start gpu gm  degeneratesegments
40.4s	done  gpu gm  degeneratesegments
40.4s	start gpu gm  deferred_texture_image_medium_decoded_indexed
40.4s	done  gpu gm  deferred_texture_image_medium_decoded_indexed
40.4s	start gpu gm  deferred_texture_image_medium_encoded_indexed
40.4s	done  gpu gm  deferred_texture_image_medium_encoded_indexed
40.4s	start gpu gm  deferred_texture_image_high
40.6s	done  gpu gm  deferred_texture_image_high
40.6s	start gpu gm  deferred_texture_image_medium_decoded
40.8s	done  gpu gm  deferred_texture_image_medium_decoded
40.8s	start gpu gm  deferred_texture_image_medium_encoded
41s	done  gpu gm  deferred_texture_image_medium_encoded
41s	start gpu gm  deferred_texture_image_low
41.2s	done  gpu gm  deferred_texture_image_low
41.2s	start gpu gm  deferred_texture_image_none
41.3s	done  gpu gm  deferred_texture_image_none
41.3s	start gpu gm  dashing5_bw
41.3s	done  gpu gm  dashing5_bw
41.3s	start gpu gm  dashing5_aa
41.4s	done  gpu gm  dashing5_aa
41.4s	start gpu gm  dashing4
41.4s	done  gpu gm  dashing4
41.4s	start gpu gm  dashing3
41.5s	done  gpu gm  dashing3
41.5s	start gpu gm  dashing2
41.5s	done  gpu gm  dashing2
41.5s	start gpu gm  dashing
41.5s	done  gpu gm  dashing
41.5s	start gpu gm  dashtextcaps
41.6s	done  gpu gm  dashtextcaps
41.6s	start gpu gm  longwavyline
41.6s	done  gpu gm  longwavyline
41.6s	start gpu gm  longlinedash
41.6s	done  gpu gm  longlinedash
41.6s	start gpu gm  longpathdash
41.8s	done  gpu gm  longpathdash
41.8s	start gpu gm  dashcubics
41.9s	done  gpu gm  dashcubics
41.9s	start gpu gm  dashcircle
42.1s	done  gpu gm  dashcircle
42.1s	start gpu gm  clippedcubic2
42.2s	done  gpu gm  clippedcubic2
42.2s	start gpu gm  clippedcubic
42.2s	done  gpu gm  clippedcubic
42.2s	start gpu gm  cubicclosepath
42.3s	done  gpu gm  cubicclosepath
42.3s	start gpu gm  cubicpath
42.3s	done  gpu gm  cubicpath
42.3s	start gpu gm  bug6083
42.4s	done  gpu gm  bug6083
42.4s	start gpu gm  bug5099
42.4s	done  gpu gm  bug5099
42.4s	start gpu gm  croppedrects
42.4s	done  gpu gm  croppedrects
42.4s	start gpu gm  crbug_691386
42.4s	done  gpu gm  crbug_691386
42.4s	start gpu gm  copyTo4444
42.7s	done  gpu gm  copyTo4444
42.7s	start gpu gm  convex_poly_effect
42.8s	done  gpu gm  convex_poly_effect
42.8s	start gpu gm  convex_poly_clip
42.9s	done  gpu gm  convex_poly_clip
42.9s	start gpu gm  convexpaths
43s	done  gpu gm  convexpaths
43s	start gpu gm  convex-lineonly-paths-stroke-and-fill
43s	done  gpu gm  convex-lineonly-paths-stroke-and-fill
43s	start gpu gm  convex-lineonly-paths
43s	done  gpu gm  convex-lineonly-paths
43s	start gpu gm  const_color_processor
43.1s	done  gpu gm  const_color_processor
43.1s	start gpu gm  crbug_640176
43.1s	done  gpu gm  crbug_640176
43.1s	start gpu gm  largecircle
43.2s	done  gpu gm  largecircle
43.2s	start gpu gm  arccirclegap
43.2s	done  gpu gm  arccirclegap
43.2s	start gpu gm  conicpaths
43.3s	done  gpu gm  conicpaths
43.3s	start gpu gm  concavepaths
43.3s	done  gpu gm  concavepaths
43.3s	start gpu gm  composeshader_bitmap
43.4s	done  gpu gm  composeshader_bitmap
43.4s	start gpu gm  composeshader_alpha
43.4s	done  gpu gm  composeshader_alpha
43.4s	start gpu gm  composeshader
43.4s	done  gpu gm  composeshader
43.4s	start gpu gm  composeshader_bitmap2
43.5s	done  gpu gm  composeshader_bitmap2
43.5s	start gpu gm  complexclip4_aa
43.6s	done  gpu gm  complexclip4_aa
43.6s	start gpu gm  complexclip4_bw
43.6s	done  gpu gm  complexclip4_bw
43.6s	start gpu gm  complexclip3_complex
43.8s	done  gpu gm  complexclip3_complex
43.8s	start gpu gm  complexclip3_simple
43.9s	done  gpu gm  complexclip3_simple
43.9s	start gpu gm  complexclip2_path_aa
44s	done  gpu gm  complexclip2_path_aa
44s	start gpu gm  complexclip2_rrect_aa
44s	done  gpu gm  complexclip2_rrect_aa
44s	start gpu gm  complexclip2_rect_aa
44s	done  gpu gm  complexclip2_rect_aa
44s	start gpu gm  complexclip2_path_bw
44.1s	done  gpu gm  complexclip2_path_bw
44.1s	start gpu gm  complexclip2_rrect_bw
44.1s	done  gpu gm  complexclip2_rrect_bw
44.1s	start gpu gm  complexclip2
44.1s	done  gpu gm  complexclip2
44.1s	start gpu gm  complexclip_blur_tiled
44.2s	done  gpu gm  complexclip_blur_tiled
44.2s	start gpu gm  complexclip_aa_layer_invert
44.3s	done  gpu gm  complexclip_aa_layer_invert
44.3s	start gpu gm  complexclip_aa_layer
44.4s	done  gpu gm  complexclip_aa_layer
44.4s	start gpu gm  complexclip_aa_invert
44.6s	done  gpu gm  complexclip_aa_invert
44.6s	start gpu gm  complexclip_aa
44.7s	done  gpu gm  complexclip_aa
44.7s	start gpu gm  complexclip_bw_layer_invert
44.8s	done  gpu gm  complexclip_bw_layer_invert
44.8s	start gpu gm  complexclip_bw_layer
44.9s	done  gpu gm  complexclip_bw_layer
44.9s	start gpu gm  complexclip_bw_invert
45s	done  gpu gm  complexclip_bw_invert
45s	start gpu gm  complexclip_bw
45.1s	done  gpu gm  complexclip_bw
45.1s	start gpu gm  colorwheelnative
45.1s	done  gpu gm  colorwheelnative
45.1s	start gpu gm  colorwheel
45.1s	done  gpu gm  colorwheel
45.1s	start gpu gm  colortype_xfermodes
45.2s	done  gpu gm  colortype_xfermodes
45.2s	start gpu gm  colortype
45.2s	
45.2s elapsed, 1 active, 114 queued, 137MB RAM, 295MB peak
45.2s		gpu gm  colortype
45.2s	done  gpu gm  colortype
45.2s	start gpu gm  colorspacexform
45.3s	done  gpu gm  colorspacexform
45.3s	start gpu gm  colormatrix
45.3s	done  gpu gm  colormatrix
45.3s	start gpu gm  lightingcolorfilter
45.4s	done  gpu gm  lightingcolorfilter
45.4s	start gpu gm  colorfiltershader
45.4s	done  gpu gm  colorfiltershader
45.4s	start gpu gm  colorfilterimagefilter_layer
45.5s	done  gpu gm  colorfilterimagefilter_layer
45.5s	start gpu gm  colorfilterimagefilter
45.5s	done  gpu gm  colorfilterimagefilter
45.5s	start gpu gm  colorfilteralpha8
45.5s	done  gpu gm  colorfilteralpha8
45.5s	start gpu gm  coloremoji
45.6s	done  gpu gm  coloremoji
45.6s	start gpu gm  color4shader
45.6s	done  gpu gm  color4shader
45.6s	start gpu gm  color4f
45.7s	done  gpu gm  color4f
45.7s	start gpu gm  clipped-bitmap-shaders-clamp-hq
45.7s	done  gpu gm  clipped-bitmap-shaders-clamp-hq
45.7s	start gpu gm  clipped-bitmap-shaders-mirror-hq
45.7s	done  gpu gm  clipped-bitmap-shaders-mirror-hq
45.7s	start gpu gm  clipped-bitmap-shaders-tile-hq
45.7s	done  gpu gm  clipped-bitmap-shaders-tile-hq
45.7s	start gpu gm  clipped-bitmap-shaders-clamp
45.8s	done  gpu gm  clipped-bitmap-shaders-clamp
45.8s	start gpu gm  clipped-bitmap-shaders-mirror
45.8s	done  gpu gm  clipped-bitmap-shaders-mirror
45.8s	start gpu gm  clipped-bitmap-shaders-tile
45.8s	done  gpu gm  clipped-bitmap-shaders-tile
45.8s	start gpu gm  clip_region
45.8s	done  gpu gm  clip_region
45.8s	start gpu gm  clipdrawdraw
45.9s	done  gpu gm  clipdrawdraw
45.9s	start gpu gm  clip_strokerect
45.9s	done  gpu gm  clip_strokerect
45.9s	start gpu gm  cliperror
46s	done  gpu gm  cliperror
46s	start gpu gm  circular-clips
46.1s	done  gpu gm  circular-clips
46.1s	start gpu gm  onebadarc
46.1s	done  gpu gm  onebadarc
46.1s	start gpu gm  circular_arcs_weird
46.2s	done  gpu gm  circular_arcs_weird
46.2s	start gpu gm  circular_arcs_stroke_and_fill_round
46.3s	done  gpu gm  circular_arcs_stroke_and_fill_round
46.3s	start gpu gm  circular_arcs_stroke_and_fill_square
46.4s	done  gpu gm  circular_arcs_stroke_and_fill_square
46.4s	start gpu gm  circular_arcs_stroke_and_fill_butt
46.6s	done  gpu gm  circular_arcs_stroke_and_fill_butt
46.6s	start gpu gm  circular_arcs_stroke_round
46.7s	done  gpu gm  circular_arcs_stroke_round
46.7s	start gpu gm  circular_arcs_stroke_square
46.9s	done  gpu gm  circular_arcs_stroke_square
46.9s	start gpu gm  circular_arcs_stroke_butt
47s	done  gpu gm  circular_arcs_stroke_butt
47s	start gpu gm  circular_arcs_hairline
47.1s	done  gpu gm  circular_arcs_hairline
47.1s	start gpu gm  circular_arcs_fill
47.2s	done  gpu gm  circular_arcs_fill
47.2s	start gpu gm  circles
47.3s	done  gpu gm  circles
47.3s	start gpu gm  c_gms
47.3s	done  gpu gm  c_gms
47.3s	start gpu gm  bug615686
47.4s	done  gpu gm  bug615686
47.4s	start gpu gm  bug591993
47.4s	done  gpu gm  bug591993
47.4s	start gpu gm  bug530095
47.5s	done  gpu gm  bug530095
47.5s	start gpu gm  bug5252
47.5s	done  gpu gm  bug5252
47.5s	start gpu gm  bmp_filter_quality_repeat
47.5s	done  gpu gm  bmp_filter_quality_repeat
47.5s	start gpu gm  blur2rectsnonninepatch
47.6s	done  gpu gm  blur2rectsnonninepatch
47.6s	start gpu gm  blur2rects
47.6s	done  gpu gm  blur2rects
47.6s	start gpu gm  blurs
47.7s	done  gpu gm  blurs
47.7s	start gpu gm  simpleblurroundrect
47.8s	done  gpu gm  simpleblurroundrect
47.8s	start gpu gm  blurroundrect-WH-100x100-unevenCorners
47.8s	done  gpu gm  blurroundrect-WH-100x100-unevenCorners
47.8s	start gpu gm  blurredclippedcircle
47.9s	done  gpu gm  blurredclippedcircle
47.9s	start gpu gm  blurrects
48.1s	done  gpu gm  blurrects
48.1s	start gpu gm  blurrect_gallery
48.2s	done  gpu gm  blurrect_gallery
48.2s	start gpu gm  blurquickreject
48.2s	done  gpu gm  blurquickreject
48.2s	start gpu gm  blurcircles2
48.5s	done  gpu gm  blurcircles2
48.5s	start gpu gm  blurcircles
48.6s	done  gpu gm  blurcircles
48.6s	start gpu gm  blend
48.6s	done  gpu gm  blend
48.6s	start gpu gm  bleed_downscale
48.6s	done  gpu gm  bleed_downscale
48.6s	start gpu gm  bleed_alpha_image_shader
48.9s	done  gpu gm  bleed_alpha_image_shader
48.9s	start gpu gm  bleed_alpha_bmp_shader
49.1s	done  gpu gm  bleed_alpha_bmp_shader
49.1s	start gpu gm  bleed_alpha_image
49.3s	done  gpu gm  bleed_alpha_image
49.3s	start gpu gm  bleed_alpha_bmp
49.5s	done  gpu gm  bleed_alpha_bmp
49.5s	start gpu gm  bleed_image
49.7s	done  gpu gm  bleed_image
49.7s	start gpu gm  bleed
49.8s	done  gpu gm  bleed
49.8s	start gpu gm  bitmaptiled_fractional_vertical
49.9s	done  gpu gm  bitmaptiled_fractional_vertical
49.9s	start gpu gm  bitmaptiled_fractional_horizontal
49.9s	done  gpu gm  bitmaptiled_fractional_horizontal
49.9s	start gpu gm  bitmapshaders
50s	done  gpu gm  bitmapshaders
50s	start gpu gm  bitmaprecttest
50s	done  gpu gm  bitmaprecttest
50s	start gpu gm  bigbitmaprect_i
50.2s	done  gpu gm  bigbitmaprect_i
50.2s	start gpu gm  bigbitmaprect_s
50.5s	done  gpu gm  bigbitmaprect_s
50.5s	start gpu gm  3x3bitmaprect
50.5s	done  gpu gm  3x3bitmaprect
50.5s	start gpu gm  bitmaprect_i
50.5s	done  gpu gm  bitmaprect_i
50.5s	start gpu gm  bitmaprect_s
50.6s	done  gpu gm  bitmaprect_s
50.6s	start gpu gm  bitmaprect_rounding
50.6s	done  gpu gm  bitmaprect_rounding
50.6s	start gpu gm  bitmap_premul
50.7s	done  gpu gm  bitmap_premul
50.7s	start gpu gm  bitmap-image-srgb-legacy
51s	done  gpu gm  bitmap-image-srgb-legacy
51s	start gpu gm  extractalpha
51s	done  gpu gm  extractalpha
51s	start gpu gm  bitmapfilters
51.1s	done  gpu gm  bitmapfilters
51.1s	start gpu gm  bitmapcopy
51.1s	done  gpu gm  bitmapcopy
51.1s	start gpu gm  bigtileimagefilter
51.1s	done  gpu gm  bigtileimagefilter
51.1s	start gpu gm  bigtext
51.2s	done  gpu gm  bigtext
51.2s	start gpu gm  big_rrect_elliptical_corner_aa_effect
51.3s	done  gpu gm  big_rrect_elliptical_corner_aa_effect
51.3s	start gpu gm  big_rrect_circular_corner_aa_effect
51.4s	done  gpu gm  big_rrect_circular_corner_aa_effect
51.4s	start gpu gm  big_rrect_ellipse_aa_effect
51.5s	done  gpu gm  big_rrect_ellipse_aa_effect
51.5s	start gpu gm  big_rrect_circle_aa_effect
51.6s	done  gpu gm  big_rrect_circle_aa_effect
51.6s	start gpu gm  big_rrect_rect_aa_effect
51.7s	done  gpu gm  big_rrect_rect_aa_effect
51.7s	start gpu gm  bigmatrix
51.7s	done  gpu gm  bigmatrix
51.7s	start gpu gm  bigblurs
51.8s	done  gpu gm  bigblurs
51.8s	start gpu gm  beziers
51.8s	done  gpu gm  beziers
51.8s	start gpu gm  bezier_quad_effects
51.9s	done  gpu gm  bezier_quad_effects
51.9s	start gpu gm  bezier_conic_effects
52s	done  gpu gm  bezier_conic_effects
52s	start gpu gm  bezier_cubic_effects
52.1s	done  gpu gm  bezier_cubic_effects
52.1s	start gpu gm  badpaint
52.1s	done  gpu gm  badpaint
52.1s	start gpu gm  arithmode
52.1s	done  gpu gm  arithmode
52.1s	start gpu gm  bug583299
52.2s	done  gpu gm  bug583299
52.2s	start gpu gm  bug593049
52.2s	done  gpu gm  bug593049
52.2s	start gpu gm  parsedpaths
52.3s	done  gpu gm  parsedpaths
52.3s	start gpu gm  arcto
52.3s	done  gpu gm  arcto
52.3s	start gpu gm  arcofzorro
52.4s	done  gpu gm  arcofzorro
52.4s	start gpu gm  annotated_text
52.5s	done  gpu gm  annotated_text
52.5s	start gpu gm  anisotropic_hq
52.7s	done  gpu gm  anisotropic_hq
52.7s	start gpu gm  animated-image-blurs
52.8s	done  gpu gm  animated-image-blurs
52.8s	start gpu gm  animatedGif
53.1s	done  gpu gm  animatedGif
53.1s	start gpu gm  alphagradients
53.2s	done  gpu gm  alphagradients
53.2s	start gpu gm  all_variants_8888
53.2s	done  gpu gm  all_variants_8888
53.2s	start gpu gm  not_native32_bitmap_config
53.2s	done  gpu gm  not_native32_bitmap_config
53.2s	start gpu gm  all_bitmap_configs
53.3s	done  gpu gm  all_bitmap_configs
53.3s	start gpu gm  tinyanglearcs
53.3s	done  gpu gm  tinyanglearcs
53.3s	start gpu gm  manyarcs
53.3s	done  gpu gm  manyarcs
53.3s	start gpu gm  fillcircle
53.4s	done  gpu gm  fillcircle
53.4s	start gpu gm  strokecircle
53.4s	done  gpu gm  strokecircle
53.4s	start gpu gm  addarc_meas
53.5s	done  gpu gm  addarc_meas
53.5s	start gpu gm  addarc
53.6s	done  gpu gm  addarc
53.6s	start gpu gm  aaxfermodes
53.8s	done  gpu gm  aaxfermodes
53.8s	start gpu gm  aarectmodes
53.8s	done  gpu gm  aarectmodes
53.8s	start gpu gm  clipcubic
53.8s	done  gpu gm  clipcubic
53.8s	start gpu gm  aaclip
53.9s	done  gpu gm  aaclip
53.9s	start gpu gm  dont_clip_to_layer
53.9s	done  gpu gm  dont_clip_to_layer
53.9s	start gpu gm  analytic_antialias_inverse
54s	done  gpu gm  analytic_antialias_inverse
54s	start gpu gm  analytic_antialias_general
54s	done  gpu gm  analytic_antialias_general
54s	start gpu gm  analytic_antialias_convex
54.1s	done  gpu gm  analytic_antialias_convex
54.1s	
54.1s elapsed, 0 active, 0 queued, 148MB RAM, 295MB peak
